<?xml version="1.0" encoding="UTF-8"?>
<testsuite name="testUI.VulnerabilityTest" tests="1" skipped="0" failures="0" errors="0" timestamp="2022-06-25T03:30:30" hostname="LAPTOP-OGR522I7" time="21.477">
  <properties/>
  <testcase name="verifyVulnerabilityTesting()" classname="testUI.VulnerabilityTest" time="21.477"/>
  <system-out><![CDATA[GET request: http://127.0.0.1:8080/JSON/ascan/action/scan/?url=https://todoist.com/es
request body: 
response code: 200
response body: {"scan":"0"}
GET request: http://127.0.0.1:8080/JSON/ascan/view/status/?scanId=0
request body: 
response code: 200
response body: {"status":"2"}
GET request: http://127.0.0.1:8080/JSON/ascan/view/status/?scanId=0
request body: 
response code: 200
response body: {"status":"3"}
Status Progress : [3%]....
GET request: http://127.0.0.1:8080/HTML/alert/view/alerts/?baseurl=https://todoist.com/es
request body: 
response code: 200
response body: <head>
</head>
<body>
<h2>alerts</h2>
<table border="1">
<tr><td>
<h2>alert</h2>
<table border="1">
<tr><td>
sourceid</td><td>
3</td></tr>
<tr><td>
other</td><td>
</td></tr>
<tr><td>
method</td><td>
GET</td></tr>
<tr><td>
evidence</td><td>
</td></tr>
<tr><td>
pluginId</td><td>
10038</td></tr>
<tr><td>
cweid</td><td>
693</td></tr>
<tr><td>
confidence</td><td>
High</td></tr>
<tr><td>
wascid</td><td>
15</td></tr>
<tr><td>
description</td><td>
Content Security Policy (CSP) is an added layer of security that helps to detect and mitigate certain types of attacks, including Cross Site Scripting (XSS) and data injection attacks. These attacks are used for everything from data theft to site defacement or distribution of malware. CSP provides a set of standard HTTP headers that allow website owners to declare approved sources of content that browsers should be allowed to load on that page &mdash; covered types are JavaScript, CSS, HTML frames, fonts, images and embeddable objects such as Java applets, ActiveX, audio and video files.</td></tr>
<tr><td>
messageId</td><td>
3</td></tr>
<tr><td>
url</td><td>
https://todoist.com/es</td></tr>
<tr><td>
tags</td><td>
{OWASP_2021_A05=https://owasp.org/Top10/A05_2021-Security_Misconfiguration/, OWASP_2017_A06=https://owasp.org/www-project-top-ten/2017/A6_2017-Security_Misconfiguration.html}</td></tr>
<tr><td>
reference</td><td>
https://developer.mozilla.org/en-US/docs/Web/Security/CSP/Introducing_Content_Security_Policy
https://cheatsheetseries.owasp.org/cheatsheets/Content_Security_Policy_Cheat_Sheet.html
http://www.w3.org/TR/CSP/
http://w3c.github.io/webappsec/specs/content-security-policy/csp-specification.dev.html
http://www.html5rocks.com/en/tutorials/security/content-security-policy/
http://caniuse.com/#feat=contentsecuritypolicy
http://content-security-policy.com/</td></tr>
<tr><td>
solution</td><td>
Ensure that your web server, application server, load balancer, etc. is configured to set the Content-Security-Policy header, to achieve optimal browser support: &quot;Content-Security-Policy&quot; for Chrome 25+, Firefox 23+ and Safari 7+, &quot;X-Content-Security-Policy&quot; for Firefox 4.0+ and Internet Explorer 10+, and &quot;X-WebKit-CSP&quot; for Chrome 14+ and Safari 6+.</td></tr>
<tr><td>
alert</td><td>
Content Security Policy (CSP) Header Not Set</td></tr>
<tr><td>
param</td><td>
</td></tr>
<tr><td>
attack</td><td>
</td></tr>
<tr><td>
name</td><td>
Content Security Policy (CSP) Header Not Set</td></tr>
<tr><td>
risk</td><td>
Medium</td></tr>
<tr><td>
id</td><td>
0</td></tr>
<tr><td>
alertRef</td><td>
10038</td></tr>
</table>
</td></tr>
<tr><td>
<h2>alert</h2>
<table border="1">
<tr><td>
sourceid</td><td>
3</td></tr>
<tr><td>
other</td><td>
</td></tr>
<tr><td>
method</td><td>
GET</td></tr>
<tr><td>
evidence</td><td>
set-cookie: next-i18next</td></tr>
<tr><td>
pluginId</td><td>
10010</td></tr>
<tr><td>
cweid</td><td>
1004</td></tr>
<tr><td>
confidence</td><td>
Medium</td></tr>
<tr><td>
wascid</td><td>
13</td></tr>
<tr><td>
description</td><td>
A cookie has been set without the HttpOnly flag, which means that the cookie can be accessed by JavaScript. If a malicious script can be run on this page then the cookie will be accessible and can be transmitted to another site. If this is a session cookie then session hijacking may be possible.</td></tr>
<tr><td>
messageId</td><td>
3</td></tr>
<tr><td>
url</td><td>
https://todoist.com/es</td></tr>
<tr><td>
tags</td><td>
{OWASP_2021_A05=https://owasp.org/Top10/A05_2021-Security_Misconfiguration/, WSTG-v42-SESS-02=https://owasp.org/www-project-web-security-testing-guide/v42/4-Web_Application_Security_Testing/06-Session_Management_Testing/02-Testing_for_Cookies_Attributes, OWASP_2017_A06=https://owasp.org/www-project-top-ten/2017/A6_2017-Security_Misconfiguration.html}</td></tr>
<tr><td>
reference</td><td>
https://owasp.org/www-community/HttpOnly</td></tr>
<tr><td>
solution</td><td>
Ensure that the HttpOnly flag is set for all cookies.</td></tr>
<tr><td>
alert</td><td>
Cookie No HttpOnly Flag</td></tr>
<tr><td>
param</td><td>
next-i18next</td></tr>
<tr><td>
attack</td><td>
</td></tr>
<tr><td>
name</td><td>
Cookie No HttpOnly Flag</td></tr>
<tr><td>
risk</td><td>
Low</td></tr>
<tr><td>
id</td><td>
1</td></tr>
<tr><td>
alertRef</td><td>
10010</td></tr>
</table>
</td></tr>
<tr><td>
<h2>alert</h2>
<table border="1">
<tr><td>
sourceid</td><td>
3</td></tr>
<tr><td>
other</td><td>
</td></tr>
<tr><td>
method</td><td>
GET</td></tr>
<tr><td>
evidence</td><td>
set-cookie: _csrf</td></tr>
<tr><td>
pluginId</td><td>
10010</td></tr>
<tr><td>
cweid</td><td>
1004</td></tr>
<tr><td>
confidence</td><td>
Medium</td></tr>
<tr><td>
wascid</td><td>
13</td></tr>
<tr><td>
description</td><td>
A cookie has been set without the HttpOnly flag, which means that the cookie can be accessed by JavaScript. If a malicious script can be run on this page then the cookie will be accessible and can be transmitted to another site. If this is a session cookie then session hijacking may be possible.</td></tr>
<tr><td>
messageId</td><td>
3</td></tr>
<tr><td>
url</td><td>
https://todoist.com/es</td></tr>
<tr><td>
tags</td><td>
{OWASP_2021_A05=https://owasp.org/Top10/A05_2021-Security_Misconfiguration/, WSTG-v42-SESS-02=https://owasp.org/www-project-web-security-testing-guide/v42/4-Web_Application_Security_Testing/06-Session_Management_Testing/02-Testing_for_Cookies_Attributes, OWASP_2017_A06=https://owasp.org/www-project-top-ten/2017/A6_2017-Security_Misconfiguration.html}</td></tr>
<tr><td>
reference</td><td>
https://owasp.org/www-community/HttpOnly</td></tr>
<tr><td>
solution</td><td>
Ensure that the HttpOnly flag is set for all cookies.</td></tr>
<tr><td>
alert</td><td>
Cookie No HttpOnly Flag</td></tr>
<tr><td>
param</td><td>
_csrf</td></tr>
<tr><td>
attack</td><td>
</td></tr>
<tr><td>
name</td><td>
Cookie No HttpOnly Flag</td></tr>
<tr><td>
risk</td><td>
Low</td></tr>
<tr><td>
id</td><td>
2</td></tr>
<tr><td>
alertRef</td><td>
10010</td></tr>
</table>
</td></tr>
<tr><td>
<h2>alert</h2>
<table border="1">
<tr><td>
sourceid</td><td>
3</td></tr>
<tr><td>
other</td><td>
</td></tr>
<tr><td>
method</td><td>
GET</td></tr>
<tr><td>
evidence</td><td>
set-cookie: next-i18next</td></tr>
<tr><td>
pluginId</td><td>
10054</td></tr>
<tr><td>
cweid</td><td>
1275</td></tr>
<tr><td>
confidence</td><td>
Medium</td></tr>
<tr><td>
wascid</td><td>
13</td></tr>
<tr><td>
description</td><td>
Una cookie ha sido enviada sin el atributo SameSite, lo que significa que la cookie puede ser enviada como un resultado de una solicitud 'cross-site'. 
El atributo SameSite es una medida efectiva contra solicitudes de falsificaci&oacute;n de cross-site, inclusi&oacute;n de secuencias cross-site, y ataques sincronizados.</td></tr>
<tr><td>
messageId</td><td>
3</td></tr>
<tr><td>
url</td><td>
https://todoist.com/es</td></tr>
<tr><td>
tags</td><td>
{OWASP_2021_A01=https://owasp.org/Top10/A01_2021-Broken_Access_Control/, WSTG-v42-SESS-02=https://owasp.org/www-project-web-security-testing-guide/v42/4-Web_Application_Security_Testing/06-Session_Management_Testing/02-Testing_for_Cookies_Attributes, OWASP_2017_A05=https://owasp.org/www-project-top-ten/2017/A5_2017-Broken_Access_Control.html}</td></tr>
<tr><td>
reference</td><td>
https://tools.ietf.org/html/draft-ietf-httpbis-cookie-same-site</td></tr>
<tr><td>
solution</td><td>
Aseg&uacute;rese que el atributo SameSite est&aacute; establecido como 'lax' o idealmente 'strict' para todas las cookies.</td></tr>
<tr><td>
alert</td><td>
Cookie without SameSite Attribute</td></tr>
<tr><td>
param</td><td>
next-i18next</td></tr>
<tr><td>
attack</td><td>
</td></tr>
<tr><td>
name</td><td>
Cookie without SameSite Attribute</td></tr>
<tr><td>
risk</td><td>
Low</td></tr>
<tr><td>
id</td><td>
3</td></tr>
<tr><td>
alertRef</td><td>
10054</td></tr>
</table>
</td></tr>
<tr><td>
<h2>alert</h2>
<table border="1">
<tr><td>
sourceid</td><td>
3</td></tr>
<tr><td>
other</td><td>
</td></tr>
<tr><td>
method</td><td>
GET</td></tr>
<tr><td>
evidence</td><td>
set-cookie: _csrf</td></tr>
<tr><td>
pluginId</td><td>
10054</td></tr>
<tr><td>
cweid</td><td>
1275</td></tr>
<tr><td>
confidence</td><td>
Medium</td></tr>
<tr><td>
wascid</td><td>
13</td></tr>
<tr><td>
description</td><td>
Una cookie ha sido enviada sin el atributo SameSite, lo que significa que la cookie puede ser enviada como un resultado de una solicitud 'cross-site'. 
El atributo SameSite es una medida efectiva contra solicitudes de falsificaci&oacute;n de cross-site, inclusi&oacute;n de secuencias cross-site, y ataques sincronizados.</td></tr>
<tr><td>
messageId</td><td>
3</td></tr>
<tr><td>
url</td><td>
https://todoist.com/es</td></tr>
<tr><td>
tags</td><td>
{OWASP_2021_A01=https://owasp.org/Top10/A01_2021-Broken_Access_Control/, WSTG-v42-SESS-02=https://owasp.org/www-project-web-security-testing-guide/v42/4-Web_Application_Security_Testing/06-Session_Management_Testing/02-Testing_for_Cookies_Attributes, OWASP_2017_A05=https://owasp.org/www-project-top-ten/2017/A5_2017-Broken_Access_Control.html}</td></tr>
<tr><td>
reference</td><td>
https://tools.ietf.org/html/draft-ietf-httpbis-cookie-same-site</td></tr>
<tr><td>
solution</td><td>
Aseg&uacute;rese que el atributo SameSite est&aacute; establecido como 'lax' o idealmente 'strict' para todas las cookies.</td></tr>
<tr><td>
alert</td><td>
Cookie without SameSite Attribute</td></tr>
<tr><td>
param</td><td>
_csrf</td></tr>
<tr><td>
attack</td><td>
</td></tr>
<tr><td>
name</td><td>
Cookie without SameSite Attribute</td></tr>
<tr><td>
risk</td><td>
Low</td></tr>
<tr><td>
id</td><td>
4</td></tr>
<tr><td>
alertRef</td><td>
10054</td></tr>
</table>
</td></tr>
<tr><td>
<h2>alert</h2>
<table border="1">
<tr><td>
sourceid</td><td>
3</td></tr>
<tr><td>
other</td><td>
</td></tr>
<tr><td>
method</td><td>
GET</td></tr>
<tr><td>
evidence</td><td>
set-cookie: next-i18next</td></tr>
<tr><td>
pluginId</td><td>
10011</td></tr>
<tr><td>
cweid</td><td>
614</td></tr>
<tr><td>
confidence</td><td>
Medium</td></tr>
<tr><td>
wascid</td><td>
13</td></tr>
<tr><td>
description</td><td>
A cookie has been set without the secure flag, which means that the cookie can be accessed via unencrypted connections.</td></tr>
<tr><td>
messageId</td><td>
3</td></tr>
<tr><td>
url</td><td>
https://todoist.com/es</td></tr>
<tr><td>
tags</td><td>
{OWASP_2021_A05=https://owasp.org/Top10/A05_2021-Security_Misconfiguration/, WSTG-v42-SESS-02=https://owasp.org/www-project-web-security-testing-guide/v42/4-Web_Application_Security_Testing/06-Session_Management_Testing/02-Testing_for_Cookies_Attributes, OWASP_2017_A06=https://owasp.org/www-project-top-ten/2017/A6_2017-Security_Misconfiguration.html}</td></tr>
<tr><td>
reference</td><td>
https://owasp.org/www-project-web-security-testing-guide/v41/4-Web_Application_Security_Testing/06-Session_Management_Testing/02-Testing_for_Cookies_Attributes.html</td></tr>
<tr><td>
solution</td><td>
Whenever a cookie contains sensitive information or is a session token, then it should always be passed using an encrypted channel. Ensure that the secure flag is set for cookies containing such sensitive information.</td></tr>
<tr><td>
alert</td><td>
Cookie Without Secure Flag</td></tr>
<tr><td>
param</td><td>
next-i18next</td></tr>
<tr><td>
attack</td><td>
</td></tr>
<tr><td>
name</td><td>
Cookie Without Secure Flag</td></tr>
<tr><td>
risk</td><td>
Low</td></tr>
<tr><td>
id</td><td>
5</td></tr>
<tr><td>
alertRef</td><td>
10011</td></tr>
</table>
</td></tr>
<tr><td>
<h2>alert</h2>
<table border="1">
<tr><td>
sourceid</td><td>
3</td></tr>
<tr><td>
other</td><td>
</td></tr>
<tr><td>
method</td><td>
GET</td></tr>
<tr><td>
evidence</td><td>
set-cookie: _csrf</td></tr>
<tr><td>
pluginId</td><td>
10011</td></tr>
<tr><td>
cweid</td><td>
614</td></tr>
<tr><td>
confidence</td><td>
Medium</td></tr>
<tr><td>
wascid</td><td>
13</td></tr>
<tr><td>
description</td><td>
A cookie has been set without the secure flag, which means that the cookie can be accessed via unencrypted connections.</td></tr>
<tr><td>
messageId</td><td>
3</td></tr>
<tr><td>
url</td><td>
https://todoist.com/es</td></tr>
<tr><td>
tags</td><td>
{OWASP_2021_A05=https://owasp.org/Top10/A05_2021-Security_Misconfiguration/, WSTG-v42-SESS-02=https://owasp.org/www-project-web-security-testing-guide/v42/4-Web_Application_Security_Testing/06-Session_Management_Testing/02-Testing_for_Cookies_Attributes, OWASP_2017_A06=https://owasp.org/www-project-top-ten/2017/A6_2017-Security_Misconfiguration.html}</td></tr>
<tr><td>
reference</td><td>
https://owasp.org/www-project-web-security-testing-guide/v41/4-Web_Application_Security_Testing/06-Session_Management_Testing/02-Testing_for_Cookies_Attributes.html</td></tr>
<tr><td>
solution</td><td>
Whenever a cookie contains sensitive information or is a session token, then it should always be passed using an encrypted channel. Ensure that the secure flag is set for cookies containing such sensitive information.</td></tr>
<tr><td>
alert</td><td>
Cookie Without Secure Flag</td></tr>
<tr><td>
param</td><td>
_csrf</td></tr>
<tr><td>
attack</td><td>
</td></tr>
<tr><td>
name</td><td>
Cookie Without Secure Flag</td></tr>
<tr><td>
risk</td><td>
Low</td></tr>
<tr><td>
id</td><td>
6</td></tr>
<tr><td>
alertRef</td><td>
10011</td></tr>
</table>
</td></tr>
<tr><td>
<h2>alert</h2>
<table border="1">
<tr><td>
sourceid</td><td>
3</td></tr>
<tr><td>
other</td><td>
The following pattern was used: \bTODO\b and was detected in the element starting with: &quot;&lt;script id=&quot;__NEXT_DATA__&quot; type=&quot;application/json&quot;&gt;{&quot;props&quot;:{&quot;pageProps&quot;:{&quot;webpSupport&quot;:true,&quot;isAuthenticated&quot;:false,&quot;cookies&quot;:{&quot;, see evidence field for the suspicious comment/snippet.</td></tr>
<tr><td>
method</td><td>
GET</td></tr>
<tr><td>
evidence</td><td>
Todo</td></tr>
<tr><td>
pluginId</td><td>
10027</td></tr>
<tr><td>
cweid</td><td>
200</td></tr>
<tr><td>
confidence</td><td>
Low</td></tr>
<tr><td>
wascid</td><td>
13</td></tr>
<tr><td>
description</td><td>
The response appears to contain suspicious comments which may help an attacker. Note: Matches made within script blocks or files are against the entire content not only comments.</td></tr>
<tr><td>
messageId</td><td>
3</td></tr>
<tr><td>
url</td><td>
https://todoist.com/es</td></tr>
<tr><td>
tags</td><td>
{OWASP_2021_A01=https://owasp.org/Top10/A01_2021-Broken_Access_Control/, OWASP_2017_A03=https://owasp.org/www-project-top-ten/2017/A3_2017-Sensitive_Data_Exposure.html}</td></tr>
<tr><td>
reference</td><td>
</td></tr>
<tr><td>
solution</td><td>
Eliminar todos los comentarios que devuelvan informaci&oacute;n que podr&iacute;a ayudar a un atacante y arreglar cualquier problema subyacente al que se refieran.</td></tr>
<tr><td>
alert</td><td>
Divulgaci&oacute;n de informaci&oacute;n - Comentarios sospechosos</td></tr>
<tr><td>
param</td><td>
</td></tr>
<tr><td>
attack</td><td>
</td></tr>
<tr><td>
name</td><td>
Divulgaci&oacute;n de informaci&oacute;n - Comentarios sospechosos</td></tr>
<tr><td>
risk</td><td>
Informational</td></tr>
<tr><td>
id</td><td>
7</td></tr>
<tr><td>
alertRef</td><td>
10027</td></tr>
</table>
</td></tr>
<tr><td>
<h2>alert</h2>
<table border="1">
<tr><td>
sourceid</td><td>
3</td></tr>
<tr><td>
other</td><td>
This issue still applies to error type pages (401, 403, 500, etc.) as those pages are often still affected by injection issues, in which case there is still concern for browsers sniffing pages away from their actual content type.
At &quot;High&quot; threshold this scan rule will not alert on client or server error responses.</td></tr>
<tr><td>
method</td><td>
GET</td></tr>
<tr><td>
evidence</td><td>
</td></tr>
<tr><td>
pluginId</td><td>
10021</td></tr>
<tr><td>
cweid</td><td>
693</td></tr>
<tr><td>
confidence</td><td>
Medium</td></tr>
<tr><td>
wascid</td><td>
15</td></tr>
<tr><td>
description</td><td>
The Anti-MIME-Sniffing header X-Content-Type-Options was not set to 'nosniff'. This allows older versions of Internet Explorer and Chrome to perform MIME-sniffing on the response body, potentially causing the response body to be interpreted and displayed as a content type other than the declared content type. Current (early 2014) and legacy versions of Firefox will use the declared content type (if one is set), rather than performing MIME-sniffing.</td></tr>
<tr><td>
messageId</td><td>
3</td></tr>
<tr><td>
url</td><td>
https://todoist.com/es</td></tr>
<tr><td>
tags</td><td>
{OWASP_2021_A05=https://owasp.org/Top10/A05_2021-Security_Misconfiguration/, OWASP_2017_A06=https://owasp.org/www-project-top-ten/2017/A6_2017-Security_Misconfiguration.html}</td></tr>
<tr><td>
reference</td><td>
http://msdn.microsoft.com/en-us/library/ie/gg622941%28v=vs.85%29.aspx
https://owasp.org/www-community/Security_Headers</td></tr>
<tr><td>
solution</td><td>
Ensure that the application/web server sets the Content-Type header appropriately, and that it sets the X-Content-Type-Options header to 'nosniff' for all web pages.
If possible, ensure that the end user uses a standards-compliant and modern web browser that does not perform MIME-sniffing at all, or that can be directed by the web application/web server to not perform MIME-sniffing.</td></tr>
<tr><td>
alert</td><td>
X-Content-Type-Options Header Missing</td></tr>
<tr><td>
param</td><td>
X-Content-Type-Options</td></tr>
<tr><td>
attack</td><td>
</td></tr>
<tr><td>
name</td><td>
X-Content-Type-Options Header Missing</td></tr>
<tr><td>
risk</td><td>
Low</td></tr>
<tr><td>
id</td><td>
8</td></tr>
<tr><td>
alertRef</td><td>
10021</td></tr>
</table>
</td></tr>
</table>
</body>

GET request: http://127.0.0.1:8080/JSON/ascan/view/status/?scanId=0
request body: 
response code: 200
response body: {"status":"100"}
Status Progress : [100%]....
GET request: http://127.0.0.1:8080/HTML/alert/view/alerts/?baseurl=https://todoist.com/es
request body: 
response code: 200
response body: <head>
</head>
<body>
<h2>alerts</h2>
<table border="1">
<tr><td>
<h2>alert</h2>
<table border="1">
<tr><td>
sourceid</td><td>
3</td></tr>
<tr><td>
other</td><td>
</td></tr>
<tr><td>
method</td><td>
GET</td></tr>
<tr><td>
evidence</td><td>
</td></tr>
<tr><td>
pluginId</td><td>
10038</td></tr>
<tr><td>
cweid</td><td>
693</td></tr>
<tr><td>
confidence</td><td>
High</td></tr>
<tr><td>
wascid</td><td>
15</td></tr>
<tr><td>
description</td><td>
Content Security Policy (CSP) is an added layer of security that helps to detect and mitigate certain types of attacks, including Cross Site Scripting (XSS) and data injection attacks. These attacks are used for everything from data theft to site defacement or distribution of malware. CSP provides a set of standard HTTP headers that allow website owners to declare approved sources of content that browsers should be allowed to load on that page &mdash; covered types are JavaScript, CSS, HTML frames, fonts, images and embeddable objects such as Java applets, ActiveX, audio and video files.</td></tr>
<tr><td>
messageId</td><td>
3</td></tr>
<tr><td>
url</td><td>
https://todoist.com/es</td></tr>
<tr><td>
tags</td><td>
{OWASP_2021_A05=https://owasp.org/Top10/A05_2021-Security_Misconfiguration/, OWASP_2017_A06=https://owasp.org/www-project-top-ten/2017/A6_2017-Security_Misconfiguration.html}</td></tr>
<tr><td>
reference</td><td>
https://developer.mozilla.org/en-US/docs/Web/Security/CSP/Introducing_Content_Security_Policy
https://cheatsheetseries.owasp.org/cheatsheets/Content_Security_Policy_Cheat_Sheet.html
http://www.w3.org/TR/CSP/
http://w3c.github.io/webappsec/specs/content-security-policy/csp-specification.dev.html
http://www.html5rocks.com/en/tutorials/security/content-security-policy/
http://caniuse.com/#feat=contentsecuritypolicy
http://content-security-policy.com/</td></tr>
<tr><td>
solution</td><td>
Ensure that your web server, application server, load balancer, etc. is configured to set the Content-Security-Policy header, to achieve optimal browser support: &quot;Content-Security-Policy&quot; for Chrome 25+, Firefox 23+ and Safari 7+, &quot;X-Content-Security-Policy&quot; for Firefox 4.0+ and Internet Explorer 10+, and &quot;X-WebKit-CSP&quot; for Chrome 14+ and Safari 6+.</td></tr>
<tr><td>
alert</td><td>
Content Security Policy (CSP) Header Not Set</td></tr>
<tr><td>
param</td><td>
</td></tr>
<tr><td>
attack</td><td>
</td></tr>
<tr><td>
name</td><td>
Content Security Policy (CSP) Header Not Set</td></tr>
<tr><td>
risk</td><td>
Medium</td></tr>
<tr><td>
id</td><td>
0</td></tr>
<tr><td>
alertRef</td><td>
10038</td></tr>
</table>
</td></tr>
<tr><td>
<h2>alert</h2>
<table border="1">
<tr><td>
sourceid</td><td>
3</td></tr>
<tr><td>
other</td><td>
</td></tr>
<tr><td>
method</td><td>
GET</td></tr>
<tr><td>
evidence</td><td>
set-cookie: next-i18next</td></tr>
<tr><td>
pluginId</td><td>
10010</td></tr>
<tr><td>
cweid</td><td>
1004</td></tr>
<tr><td>
confidence</td><td>
Medium</td></tr>
<tr><td>
wascid</td><td>
13</td></tr>
<tr><td>
description</td><td>
A cookie has been set without the HttpOnly flag, which means that the cookie can be accessed by JavaScript. If a malicious script can be run on this page then the cookie will be accessible and can be transmitted to another site. If this is a session cookie then session hijacking may be possible.</td></tr>
<tr><td>
messageId</td><td>
3</td></tr>
<tr><td>
url</td><td>
https://todoist.com/es</td></tr>
<tr><td>
tags</td><td>
{OWASP_2021_A05=https://owasp.org/Top10/A05_2021-Security_Misconfiguration/, WSTG-v42-SESS-02=https://owasp.org/www-project-web-security-testing-guide/v42/4-Web_Application_Security_Testing/06-Session_Management_Testing/02-Testing_for_Cookies_Attributes, OWASP_2017_A06=https://owasp.org/www-project-top-ten/2017/A6_2017-Security_Misconfiguration.html}</td></tr>
<tr><td>
reference</td><td>
https://owasp.org/www-community/HttpOnly</td></tr>
<tr><td>
solution</td><td>
Ensure that the HttpOnly flag is set for all cookies.</td></tr>
<tr><td>
alert</td><td>
Cookie No HttpOnly Flag</td></tr>
<tr><td>
param</td><td>
next-i18next</td></tr>
<tr><td>
attack</td><td>
</td></tr>
<tr><td>
name</td><td>
Cookie No HttpOnly Flag</td></tr>
<tr><td>
risk</td><td>
Low</td></tr>
<tr><td>
id</td><td>
1</td></tr>
<tr><td>
alertRef</td><td>
10010</td></tr>
</table>
</td></tr>
<tr><td>
<h2>alert</h2>
<table border="1">
<tr><td>
sourceid</td><td>
3</td></tr>
<tr><td>
other</td><td>
</td></tr>
<tr><td>
method</td><td>
GET</td></tr>
<tr><td>
evidence</td><td>
set-cookie: _csrf</td></tr>
<tr><td>
pluginId</td><td>
10010</td></tr>
<tr><td>
cweid</td><td>
1004</td></tr>
<tr><td>
confidence</td><td>
Medium</td></tr>
<tr><td>
wascid</td><td>
13</td></tr>
<tr><td>
description</td><td>
A cookie has been set without the HttpOnly flag, which means that the cookie can be accessed by JavaScript. If a malicious script can be run on this page then the cookie will be accessible and can be transmitted to another site. If this is a session cookie then session hijacking may be possible.</td></tr>
<tr><td>
messageId</td><td>
3</td></tr>
<tr><td>
url</td><td>
https://todoist.com/es</td></tr>
<tr><td>
tags</td><td>
{OWASP_2021_A05=https://owasp.org/Top10/A05_2021-Security_Misconfiguration/, WSTG-v42-SESS-02=https://owasp.org/www-project-web-security-testing-guide/v42/4-Web_Application_Security_Testing/06-Session_Management_Testing/02-Testing_for_Cookies_Attributes, OWASP_2017_A06=https://owasp.org/www-project-top-ten/2017/A6_2017-Security_Misconfiguration.html}</td></tr>
<tr><td>
reference</td><td>
https://owasp.org/www-community/HttpOnly</td></tr>
<tr><td>
solution</td><td>
Ensure that the HttpOnly flag is set for all cookies.</td></tr>
<tr><td>
alert</td><td>
Cookie No HttpOnly Flag</td></tr>
<tr><td>
param</td><td>
_csrf</td></tr>
<tr><td>
attack</td><td>
</td></tr>
<tr><td>
name</td><td>
Cookie No HttpOnly Flag</td></tr>
<tr><td>
risk</td><td>
Low</td></tr>
<tr><td>
id</td><td>
2</td></tr>
<tr><td>
alertRef</td><td>
10010</td></tr>
</table>
</td></tr>
<tr><td>
<h2>alert</h2>
<table border="1">
<tr><td>
sourceid</td><td>
3</td></tr>
<tr><td>
other</td><td>
</td></tr>
<tr><td>
method</td><td>
GET</td></tr>
<tr><td>
evidence</td><td>
set-cookie: next-i18next</td></tr>
<tr><td>
pluginId</td><td>
10054</td></tr>
<tr><td>
cweid</td><td>
1275</td></tr>
<tr><td>
confidence</td><td>
Medium</td></tr>
<tr><td>
wascid</td><td>
13</td></tr>
<tr><td>
description</td><td>
Una cookie ha sido enviada sin el atributo SameSite, lo que significa que la cookie puede ser enviada como un resultado de una solicitud 'cross-site'. 
El atributo SameSite es una medida efectiva contra solicitudes de falsificaci&oacute;n de cross-site, inclusi&oacute;n de secuencias cross-site, y ataques sincronizados.</td></tr>
<tr><td>
messageId</td><td>
3</td></tr>
<tr><td>
url</td><td>
https://todoist.com/es</td></tr>
<tr><td>
tags</td><td>
{OWASP_2021_A01=https://owasp.org/Top10/A01_2021-Broken_Access_Control/, WSTG-v42-SESS-02=https://owasp.org/www-project-web-security-testing-guide/v42/4-Web_Application_Security_Testing/06-Session_Management_Testing/02-Testing_for_Cookies_Attributes, OWASP_2017_A05=https://owasp.org/www-project-top-ten/2017/A5_2017-Broken_Access_Control.html}</td></tr>
<tr><td>
reference</td><td>
https://tools.ietf.org/html/draft-ietf-httpbis-cookie-same-site</td></tr>
<tr><td>
solution</td><td>
Aseg&uacute;rese que el atributo SameSite est&aacute; establecido como 'lax' o idealmente 'strict' para todas las cookies.</td></tr>
<tr><td>
alert</td><td>
Cookie without SameSite Attribute</td></tr>
<tr><td>
param</td><td>
next-i18next</td></tr>
<tr><td>
attack</td><td>
</td></tr>
<tr><td>
name</td><td>
Cookie without SameSite Attribute</td></tr>
<tr><td>
risk</td><td>
Low</td></tr>
<tr><td>
id</td><td>
3</td></tr>
<tr><td>
alertRef</td><td>
10054</td></tr>
</table>
</td></tr>
<tr><td>
<h2>alert</h2>
<table border="1">
<tr><td>
sourceid</td><td>
3</td></tr>
<tr><td>
other</td><td>
</td></tr>
<tr><td>
method</td><td>
GET</td></tr>
<tr><td>
evidence</td><td>
set-cookie: _csrf</td></tr>
<tr><td>
pluginId</td><td>
10054</td></tr>
<tr><td>
cweid</td><td>
1275</td></tr>
<tr><td>
confidence</td><td>
Medium</td></tr>
<tr><td>
wascid</td><td>
13</td></tr>
<tr><td>
description</td><td>
Una cookie ha sido enviada sin el atributo SameSite, lo que significa que la cookie puede ser enviada como un resultado de una solicitud 'cross-site'. 
El atributo SameSite es una medida efectiva contra solicitudes de falsificaci&oacute;n de cross-site, inclusi&oacute;n de secuencias cross-site, y ataques sincronizados.</td></tr>
<tr><td>
messageId</td><td>
3</td></tr>
<tr><td>
url</td><td>
https://todoist.com/es</td></tr>
<tr><td>
tags</td><td>
{OWASP_2021_A01=https://owasp.org/Top10/A01_2021-Broken_Access_Control/, WSTG-v42-SESS-02=https://owasp.org/www-project-web-security-testing-guide/v42/4-Web_Application_Security_Testing/06-Session_Management_Testing/02-Testing_for_Cookies_Attributes, OWASP_2017_A05=https://owasp.org/www-project-top-ten/2017/A5_2017-Broken_Access_Control.html}</td></tr>
<tr><td>
reference</td><td>
https://tools.ietf.org/html/draft-ietf-httpbis-cookie-same-site</td></tr>
<tr><td>
solution</td><td>
Aseg&uacute;rese que el atributo SameSite est&aacute; establecido como 'lax' o idealmente 'strict' para todas las cookies.</td></tr>
<tr><td>
alert</td><td>
Cookie without SameSite Attribute</td></tr>
<tr><td>
param</td><td>
_csrf</td></tr>
<tr><td>
attack</td><td>
</td></tr>
<tr><td>
name</td><td>
Cookie without SameSite Attribute</td></tr>
<tr><td>
risk</td><td>
Low</td></tr>
<tr><td>
id</td><td>
4</td></tr>
<tr><td>
alertRef</td><td>
10054</td></tr>
</table>
</td></tr>
<tr><td>
<h2>alert</h2>
<table border="1">
<tr><td>
sourceid</td><td>
3</td></tr>
<tr><td>
other</td><td>
</td></tr>
<tr><td>
method</td><td>
GET</td></tr>
<tr><td>
evidence</td><td>
set-cookie: next-i18next</td></tr>
<tr><td>
pluginId</td><td>
10011</td></tr>
<tr><td>
cweid</td><td>
614</td></tr>
<tr><td>
confidence</td><td>
Medium</td></tr>
<tr><td>
wascid</td><td>
13</td></tr>
<tr><td>
description</td><td>
A cookie has been set without the secure flag, which means that the cookie can be accessed via unencrypted connections.</td></tr>
<tr><td>
messageId</td><td>
3</td></tr>
<tr><td>
url</td><td>
https://todoist.com/es</td></tr>
<tr><td>
tags</td><td>
{OWASP_2021_A05=https://owasp.org/Top10/A05_2021-Security_Misconfiguration/, WSTG-v42-SESS-02=https://owasp.org/www-project-web-security-testing-guide/v42/4-Web_Application_Security_Testing/06-Session_Management_Testing/02-Testing_for_Cookies_Attributes, OWASP_2017_A06=https://owasp.org/www-project-top-ten/2017/A6_2017-Security_Misconfiguration.html}</td></tr>
<tr><td>
reference</td><td>
https://owasp.org/www-project-web-security-testing-guide/v41/4-Web_Application_Security_Testing/06-Session_Management_Testing/02-Testing_for_Cookies_Attributes.html</td></tr>
<tr><td>
solution</td><td>
Whenever a cookie contains sensitive information or is a session token, then it should always be passed using an encrypted channel. Ensure that the secure flag is set for cookies containing such sensitive information.</td></tr>
<tr><td>
alert</td><td>
Cookie Without Secure Flag</td></tr>
<tr><td>
param</td><td>
next-i18next</td></tr>
<tr><td>
attack</td><td>
</td></tr>
<tr><td>
name</td><td>
Cookie Without Secure Flag</td></tr>
<tr><td>
risk</td><td>
Low</td></tr>
<tr><td>
id</td><td>
5</td></tr>
<tr><td>
alertRef</td><td>
10011</td></tr>
</table>
</td></tr>
<tr><td>
<h2>alert</h2>
<table border="1">
<tr><td>
sourceid</td><td>
3</td></tr>
<tr><td>
other</td><td>
</td></tr>
<tr><td>
method</td><td>
GET</td></tr>
<tr><td>
evidence</td><td>
set-cookie: _csrf</td></tr>
<tr><td>
pluginId</td><td>
10011</td></tr>
<tr><td>
cweid</td><td>
614</td></tr>
<tr><td>
confidence</td><td>
Medium</td></tr>
<tr><td>
wascid</td><td>
13</td></tr>
<tr><td>
description</td><td>
A cookie has been set without the secure flag, which means that the cookie can be accessed via unencrypted connections.</td></tr>
<tr><td>
messageId</td><td>
3</td></tr>
<tr><td>
url</td><td>
https://todoist.com/es</td></tr>
<tr><td>
tags</td><td>
{OWASP_2021_A05=https://owasp.org/Top10/A05_2021-Security_Misconfiguration/, WSTG-v42-SESS-02=https://owasp.org/www-project-web-security-testing-guide/v42/4-Web_Application_Security_Testing/06-Session_Management_Testing/02-Testing_for_Cookies_Attributes, OWASP_2017_A06=https://owasp.org/www-project-top-ten/2017/A6_2017-Security_Misconfiguration.html}</td></tr>
<tr><td>
reference</td><td>
https://owasp.org/www-project-web-security-testing-guide/v41/4-Web_Application_Security_Testing/06-Session_Management_Testing/02-Testing_for_Cookies_Attributes.html</td></tr>
<tr><td>
solution</td><td>
Whenever a cookie contains sensitive information or is a session token, then it should always be passed using an encrypted channel. Ensure that the secure flag is set for cookies containing such sensitive information.</td></tr>
<tr><td>
alert</td><td>
Cookie Without Secure Flag</td></tr>
<tr><td>
param</td><td>
_csrf</td></tr>
<tr><td>
attack</td><td>
</td></tr>
<tr><td>
name</td><td>
Cookie Without Secure Flag</td></tr>
<tr><td>
risk</td><td>
Low</td></tr>
<tr><td>
id</td><td>
6</td></tr>
<tr><td>
alertRef</td><td>
10011</td></tr>
</table>
</td></tr>
<tr><td>
<h2>alert</h2>
<table border="1">
<tr><td>
sourceid</td><td>
3</td></tr>
<tr><td>
other</td><td>
The following pattern was used: \bTODO\b and was detected in the element starting with: &quot;&lt;script id=&quot;__NEXT_DATA__&quot; type=&quot;application/json&quot;&gt;{&quot;props&quot;:{&quot;pageProps&quot;:{&quot;webpSupport&quot;:true,&quot;isAuthenticated&quot;:false,&quot;cookies&quot;:{&quot;, see evidence field for the suspicious comment/snippet.</td></tr>
<tr><td>
method</td><td>
GET</td></tr>
<tr><td>
evidence</td><td>
Todo</td></tr>
<tr><td>
pluginId</td><td>
10027</td></tr>
<tr><td>
cweid</td><td>
200</td></tr>
<tr><td>
confidence</td><td>
Low</td></tr>
<tr><td>
wascid</td><td>
13</td></tr>
<tr><td>
description</td><td>
The response appears to contain suspicious comments which may help an attacker. Note: Matches made within script blocks or files are against the entire content not only comments.</td></tr>
<tr><td>
messageId</td><td>
3</td></tr>
<tr><td>
url</td><td>
https://todoist.com/es</td></tr>
<tr><td>
tags</td><td>
{OWASP_2021_A01=https://owasp.org/Top10/A01_2021-Broken_Access_Control/, OWASP_2017_A03=https://owasp.org/www-project-top-ten/2017/A3_2017-Sensitive_Data_Exposure.html}</td></tr>
<tr><td>
reference</td><td>
</td></tr>
<tr><td>
solution</td><td>
Eliminar todos los comentarios que devuelvan informaci&oacute;n que podr&iacute;a ayudar a un atacante y arreglar cualquier problema subyacente al que se refieran.</td></tr>
<tr><td>
alert</td><td>
Divulgaci&oacute;n de informaci&oacute;n - Comentarios sospechosos</td></tr>
<tr><td>
param</td><td>
</td></tr>
<tr><td>
attack</td><td>
</td></tr>
<tr><td>
name</td><td>
Divulgaci&oacute;n de informaci&oacute;n - Comentarios sospechosos</td></tr>
<tr><td>
risk</td><td>
Informational</td></tr>
<tr><td>
id</td><td>
7</td></tr>
<tr><td>
alertRef</td><td>
10027</td></tr>
</table>
</td></tr>
<tr><td>
<h2>alert</h2>
<table border="1">
<tr><td>
sourceid</td><td>
3</td></tr>
<tr><td>
other</td><td>
This issue still applies to error type pages (401, 403, 500, etc.) as those pages are often still affected by injection issues, in which case there is still concern for browsers sniffing pages away from their actual content type.
At &quot;High&quot; threshold this scan rule will not alert on client or server error responses.</td></tr>
<tr><td>
method</td><td>
GET</td></tr>
<tr><td>
evidence</td><td>
</td></tr>
<tr><td>
pluginId</td><td>
10021</td></tr>
<tr><td>
cweid</td><td>
693</td></tr>
<tr><td>
confidence</td><td>
Medium</td></tr>
<tr><td>
wascid</td><td>
15</td></tr>
<tr><td>
description</td><td>
The Anti-MIME-Sniffing header X-Content-Type-Options was not set to 'nosniff'. This allows older versions of Internet Explorer and Chrome to perform MIME-sniffing on the response body, potentially causing the response body to be interpreted and displayed as a content type other than the declared content type. Current (early 2014) and legacy versions of Firefox will use the declared content type (if one is set), rather than performing MIME-sniffing.</td></tr>
<tr><td>
messageId</td><td>
3</td></tr>
<tr><td>
url</td><td>
https://todoist.com/es</td></tr>
<tr><td>
tags</td><td>
{OWASP_2021_A05=https://owasp.org/Top10/A05_2021-Security_Misconfiguration/, OWASP_2017_A06=https://owasp.org/www-project-top-ten/2017/A6_2017-Security_Misconfiguration.html}</td></tr>
<tr><td>
reference</td><td>
http://msdn.microsoft.com/en-us/library/ie/gg622941%28v=vs.85%29.aspx
https://owasp.org/www-community/Security_Headers</td></tr>
<tr><td>
solution</td><td>
Ensure that the application/web server sets the Content-Type header appropriately, and that it sets the X-Content-Type-Options header to 'nosniff' for all web pages.
If possible, ensure that the end user uses a standards-compliant and modern web browser that does not perform MIME-sniffing at all, or that can be directed by the web application/web server to not perform MIME-sniffing.</td></tr>
<tr><td>
alert</td><td>
X-Content-Type-Options Header Missing</td></tr>
<tr><td>
param</td><td>
X-Content-Type-Options</td></tr>
<tr><td>
attack</td><td>
</td></tr>
<tr><td>
name</td><td>
X-Content-Type-Options Header Missing</td></tr>
<tr><td>
risk</td><td>
Low</td></tr>
<tr><td>
id</td><td>
8</td></tr>
<tr><td>
alertRef</td><td>
10021</td></tr>
</table>
</td></tr>
</table>
</body>

GET request: http://127.0.0.1:8080/HTML/alert/view/alerts/?baseurl=https://todoist.com/es
request body: 
response code: 200
response body: <head>
</head>
<body>
<h2>alerts</h2>
<table border="1">
<tr><td>
<h2>alert</h2>
<table border="1">
<tr><td>
sourceid</td><td>
3</td></tr>
<tr><td>
other</td><td>
</td></tr>
<tr><td>
method</td><td>
GET</td></tr>
<tr><td>
evidence</td><td>
</td></tr>
<tr><td>
pluginId</td><td>
10038</td></tr>
<tr><td>
cweid</td><td>
693</td></tr>
<tr><td>
confidence</td><td>
High</td></tr>
<tr><td>
wascid</td><td>
15</td></tr>
<tr><td>
description</td><td>
Content Security Policy (CSP) is an added layer of security that helps to detect and mitigate certain types of attacks, including Cross Site Scripting (XSS) and data injection attacks. These attacks are used for everything from data theft to site defacement or distribution of malware. CSP provides a set of standard HTTP headers that allow website owners to declare approved sources of content that browsers should be allowed to load on that page &mdash; covered types are JavaScript, CSS, HTML frames, fonts, images and embeddable objects such as Java applets, ActiveX, audio and video files.</td></tr>
<tr><td>
messageId</td><td>
3</td></tr>
<tr><td>
url</td><td>
https://todoist.com/es</td></tr>
<tr><td>
tags</td><td>
{OWASP_2021_A05=https://owasp.org/Top10/A05_2021-Security_Misconfiguration/, OWASP_2017_A06=https://owasp.org/www-project-top-ten/2017/A6_2017-Security_Misconfiguration.html}</td></tr>
<tr><td>
reference</td><td>
https://developer.mozilla.org/en-US/docs/Web/Security/CSP/Introducing_Content_Security_Policy
https://cheatsheetseries.owasp.org/cheatsheets/Content_Security_Policy_Cheat_Sheet.html
http://www.w3.org/TR/CSP/
http://w3c.github.io/webappsec/specs/content-security-policy/csp-specification.dev.html
http://www.html5rocks.com/en/tutorials/security/content-security-policy/
http://caniuse.com/#feat=contentsecuritypolicy
http://content-security-policy.com/</td></tr>
<tr><td>
solution</td><td>
Ensure that your web server, application server, load balancer, etc. is configured to set the Content-Security-Policy header, to achieve optimal browser support: &quot;Content-Security-Policy&quot; for Chrome 25+, Firefox 23+ and Safari 7+, &quot;X-Content-Security-Policy&quot; for Firefox 4.0+ and Internet Explorer 10+, and &quot;X-WebKit-CSP&quot; for Chrome 14+ and Safari 6+.</td></tr>
<tr><td>
alert</td><td>
Content Security Policy (CSP) Header Not Set</td></tr>
<tr><td>
param</td><td>
</td></tr>
<tr><td>
attack</td><td>
</td></tr>
<tr><td>
name</td><td>
Content Security Policy (CSP) Header Not Set</td></tr>
<tr><td>
risk</td><td>
Medium</td></tr>
<tr><td>
id</td><td>
0</td></tr>
<tr><td>
alertRef</td><td>
10038</td></tr>
</table>
</td></tr>
<tr><td>
<h2>alert</h2>
<table border="1">
<tr><td>
sourceid</td><td>
3</td></tr>
<tr><td>
other</td><td>
</td></tr>
<tr><td>
method</td><td>
GET</td></tr>
<tr><td>
evidence</td><td>
set-cookie: next-i18next</td></tr>
<tr><td>
pluginId</td><td>
10010</td></tr>
<tr><td>
cweid</td><td>
1004</td></tr>
<tr><td>
confidence</td><td>
Medium</td></tr>
<tr><td>
wascid</td><td>
13</td></tr>
<tr><td>
description</td><td>
A cookie has been set without the HttpOnly flag, which means that the cookie can be accessed by JavaScript. If a malicious script can be run on this page then the cookie will be accessible and can be transmitted to another site. If this is a session cookie then session hijacking may be possible.</td></tr>
<tr><td>
messageId</td><td>
3</td></tr>
<tr><td>
url</td><td>
https://todoist.com/es</td></tr>
<tr><td>
tags</td><td>
{OWASP_2021_A05=https://owasp.org/Top10/A05_2021-Security_Misconfiguration/, WSTG-v42-SESS-02=https://owasp.org/www-project-web-security-testing-guide/v42/4-Web_Application_Security_Testing/06-Session_Management_Testing/02-Testing_for_Cookies_Attributes, OWASP_2017_A06=https://owasp.org/www-project-top-ten/2017/A6_2017-Security_Misconfiguration.html}</td></tr>
<tr><td>
reference</td><td>
https://owasp.org/www-community/HttpOnly</td></tr>
<tr><td>
solution</td><td>
Ensure that the HttpOnly flag is set for all cookies.</td></tr>
<tr><td>
alert</td><td>
Cookie No HttpOnly Flag</td></tr>
<tr><td>
param</td><td>
next-i18next</td></tr>
<tr><td>
attack</td><td>
</td></tr>
<tr><td>
name</td><td>
Cookie No HttpOnly Flag</td></tr>
<tr><td>
risk</td><td>
Low</td></tr>
<tr><td>
id</td><td>
1</td></tr>
<tr><td>
alertRef</td><td>
10010</td></tr>
</table>
</td></tr>
<tr><td>
<h2>alert</h2>
<table border="1">
<tr><td>
sourceid</td><td>
3</td></tr>
<tr><td>
other</td><td>
</td></tr>
<tr><td>
method</td><td>
GET</td></tr>
<tr><td>
evidence</td><td>
set-cookie: _csrf</td></tr>
<tr><td>
pluginId</td><td>
10010</td></tr>
<tr><td>
cweid</td><td>
1004</td></tr>
<tr><td>
confidence</td><td>
Medium</td></tr>
<tr><td>
wascid</td><td>
13</td></tr>
<tr><td>
description</td><td>
A cookie has been set without the HttpOnly flag, which means that the cookie can be accessed by JavaScript. If a malicious script can be run on this page then the cookie will be accessible and can be transmitted to another site. If this is a session cookie then session hijacking may be possible.</td></tr>
<tr><td>
messageId</td><td>
3</td></tr>
<tr><td>
url</td><td>
https://todoist.com/es</td></tr>
<tr><td>
tags</td><td>
{OWASP_2021_A05=https://owasp.org/Top10/A05_2021-Security_Misconfiguration/, WSTG-v42-SESS-02=https://owasp.org/www-project-web-security-testing-guide/v42/4-Web_Application_Security_Testing/06-Session_Management_Testing/02-Testing_for_Cookies_Attributes, OWASP_2017_A06=https://owasp.org/www-project-top-ten/2017/A6_2017-Security_Misconfiguration.html}</td></tr>
<tr><td>
reference</td><td>
https://owasp.org/www-community/HttpOnly</td></tr>
<tr><td>
solution</td><td>
Ensure that the HttpOnly flag is set for all cookies.</td></tr>
<tr><td>
alert</td><td>
Cookie No HttpOnly Flag</td></tr>
<tr><td>
param</td><td>
_csrf</td></tr>
<tr><td>
attack</td><td>
</td></tr>
<tr><td>
name</td><td>
Cookie No HttpOnly Flag</td></tr>
<tr><td>
risk</td><td>
Low</td></tr>
<tr><td>
id</td><td>
2</td></tr>
<tr><td>
alertRef</td><td>
10010</td></tr>
</table>
</td></tr>
<tr><td>
<h2>alert</h2>
<table border="1">
<tr><td>
sourceid</td><td>
3</td></tr>
<tr><td>
other</td><td>
</td></tr>
<tr><td>
method</td><td>
GET</td></tr>
<tr><td>
evidence</td><td>
set-cookie: next-i18next</td></tr>
<tr><td>
pluginId</td><td>
10054</td></tr>
<tr><td>
cweid</td><td>
1275</td></tr>
<tr><td>
confidence</td><td>
Medium</td></tr>
<tr><td>
wascid</td><td>
13</td></tr>
<tr><td>
description</td><td>
Una cookie ha sido enviada sin el atributo SameSite, lo que significa que la cookie puede ser enviada como un resultado de una solicitud 'cross-site'. 
El atributo SameSite es una medida efectiva contra solicitudes de falsificaci&oacute;n de cross-site, inclusi&oacute;n de secuencias cross-site, y ataques sincronizados.</td></tr>
<tr><td>
messageId</td><td>
3</td></tr>
<tr><td>
url</td><td>
https://todoist.com/es</td></tr>
<tr><td>
tags</td><td>
{OWASP_2021_A01=https://owasp.org/Top10/A01_2021-Broken_Access_Control/, WSTG-v42-SESS-02=https://owasp.org/www-project-web-security-testing-guide/v42/4-Web_Application_Security_Testing/06-Session_Management_Testing/02-Testing_for_Cookies_Attributes, OWASP_2017_A05=https://owasp.org/www-project-top-ten/2017/A5_2017-Broken_Access_Control.html}</td></tr>
<tr><td>
reference</td><td>
https://tools.ietf.org/html/draft-ietf-httpbis-cookie-same-site</td></tr>
<tr><td>
solution</td><td>
Aseg&uacute;rese que el atributo SameSite est&aacute; establecido como 'lax' o idealmente 'strict' para todas las cookies.</td></tr>
<tr><td>
alert</td><td>
Cookie without SameSite Attribute</td></tr>
<tr><td>
param</td><td>
next-i18next</td></tr>
<tr><td>
attack</td><td>
</td></tr>
<tr><td>
name</td><td>
Cookie without SameSite Attribute</td></tr>
<tr><td>
risk</td><td>
Low</td></tr>
<tr><td>
id</td><td>
3</td></tr>
<tr><td>
alertRef</td><td>
10054</td></tr>
</table>
</td></tr>
<tr><td>
<h2>alert</h2>
<table border="1">
<tr><td>
sourceid</td><td>
3</td></tr>
<tr><td>
other</td><td>
</td></tr>
<tr><td>
method</td><td>
GET</td></tr>
<tr><td>
evidence</td><td>
set-cookie: _csrf</td></tr>
<tr><td>
pluginId</td><td>
10054</td></tr>
<tr><td>
cweid</td><td>
1275</td></tr>
<tr><td>
confidence</td><td>
Medium</td></tr>
<tr><td>
wascid</td><td>
13</td></tr>
<tr><td>
description</td><td>
Una cookie ha sido enviada sin el atributo SameSite, lo que significa que la cookie puede ser enviada como un resultado de una solicitud 'cross-site'. 
El atributo SameSite es una medida efectiva contra solicitudes de falsificaci&oacute;n de cross-site, inclusi&oacute;n de secuencias cross-site, y ataques sincronizados.</td></tr>
<tr><td>
messageId</td><td>
3</td></tr>
<tr><td>
url</td><td>
https://todoist.com/es</td></tr>
<tr><td>
tags</td><td>
{OWASP_2021_A01=https://owasp.org/Top10/A01_2021-Broken_Access_Control/, WSTG-v42-SESS-02=https://owasp.org/www-project-web-security-testing-guide/v42/4-Web_Application_Security_Testing/06-Session_Management_Testing/02-Testing_for_Cookies_Attributes, OWASP_2017_A05=https://owasp.org/www-project-top-ten/2017/A5_2017-Broken_Access_Control.html}</td></tr>
<tr><td>
reference</td><td>
https://tools.ietf.org/html/draft-ietf-httpbis-cookie-same-site</td></tr>
<tr><td>
solution</td><td>
Aseg&uacute;rese que el atributo SameSite est&aacute; establecido como 'lax' o idealmente 'strict' para todas las cookies.</td></tr>
<tr><td>
alert</td><td>
Cookie without SameSite Attribute</td></tr>
<tr><td>
param</td><td>
_csrf</td></tr>
<tr><td>
attack</td><td>
</td></tr>
<tr><td>
name</td><td>
Cookie without SameSite Attribute</td></tr>
<tr><td>
risk</td><td>
Low</td></tr>
<tr><td>
id</td><td>
4</td></tr>
<tr><td>
alertRef</td><td>
10054</td></tr>
</table>
</td></tr>
<tr><td>
<h2>alert</h2>
<table border="1">
<tr><td>
sourceid</td><td>
3</td></tr>
<tr><td>
other</td><td>
</td></tr>
<tr><td>
method</td><td>
GET</td></tr>
<tr><td>
evidence</td><td>
set-cookie: next-i18next</td></tr>
<tr><td>
pluginId</td><td>
10011</td></tr>
<tr><td>
cweid</td><td>
614</td></tr>
<tr><td>
confidence</td><td>
Medium</td></tr>
<tr><td>
wascid</td><td>
13</td></tr>
<tr><td>
description</td><td>
A cookie has been set without the secure flag, which means that the cookie can be accessed via unencrypted connections.</td></tr>
<tr><td>
messageId</td><td>
3</td></tr>
<tr><td>
url</td><td>
https://todoist.com/es</td></tr>
<tr><td>
tags</td><td>
{OWASP_2021_A05=https://owasp.org/Top10/A05_2021-Security_Misconfiguration/, WSTG-v42-SESS-02=https://owasp.org/www-project-web-security-testing-guide/v42/4-Web_Application_Security_Testing/06-Session_Management_Testing/02-Testing_for_Cookies_Attributes, OWASP_2017_A06=https://owasp.org/www-project-top-ten/2017/A6_2017-Security_Misconfiguration.html}</td></tr>
<tr><td>
reference</td><td>
https://owasp.org/www-project-web-security-testing-guide/v41/4-Web_Application_Security_Testing/06-Session_Management_Testing/02-Testing_for_Cookies_Attributes.html</td></tr>
<tr><td>
solution</td><td>
Whenever a cookie contains sensitive information or is a session token, then it should always be passed using an encrypted channel. Ensure that the secure flag is set for cookies containing such sensitive information.</td></tr>
<tr><td>
alert</td><td>
Cookie Without Secure Flag</td></tr>
<tr><td>
param</td><td>
next-i18next</td></tr>
<tr><td>
attack</td><td>
</td></tr>
<tr><td>
name</td><td>
Cookie Without Secure Flag</td></tr>
<tr><td>
risk</td><td>
Low</td></tr>
<tr><td>
id</td><td>
5</td></tr>
<tr><td>
alertRef</td><td>
10011</td></tr>
</table>
</td></tr>
<tr><td>
<h2>alert</h2>
<table border="1">
<tr><td>
sourceid</td><td>
3</td></tr>
<tr><td>
other</td><td>
</td></tr>
<tr><td>
method</td><td>
GET</td></tr>
<tr><td>
evidence</td><td>
set-cookie: _csrf</td></tr>
<tr><td>
pluginId</td><td>
10011</td></tr>
<tr><td>
cweid</td><td>
614</td></tr>
<tr><td>
confidence</td><td>
Medium</td></tr>
<tr><td>
wascid</td><td>
13</td></tr>
<tr><td>
description</td><td>
A cookie has been set without the secure flag, which means that the cookie can be accessed via unencrypted connections.</td></tr>
<tr><td>
messageId</td><td>
3</td></tr>
<tr><td>
url</td><td>
https://todoist.com/es</td></tr>
<tr><td>
tags</td><td>
{OWASP_2021_A05=https://owasp.org/Top10/A05_2021-Security_Misconfiguration/, WSTG-v42-SESS-02=https://owasp.org/www-project-web-security-testing-guide/v42/4-Web_Application_Security_Testing/06-Session_Management_Testing/02-Testing_for_Cookies_Attributes, OWASP_2017_A06=https://owasp.org/www-project-top-ten/2017/A6_2017-Security_Misconfiguration.html}</td></tr>
<tr><td>
reference</td><td>
https://owasp.org/www-project-web-security-testing-guide/v41/4-Web_Application_Security_Testing/06-Session_Management_Testing/02-Testing_for_Cookies_Attributes.html</td></tr>
<tr><td>
solution</td><td>
Whenever a cookie contains sensitive information or is a session token, then it should always be passed using an encrypted channel. Ensure that the secure flag is set for cookies containing such sensitive information.</td></tr>
<tr><td>
alert</td><td>
Cookie Without Secure Flag</td></tr>
<tr><td>
param</td><td>
_csrf</td></tr>
<tr><td>
attack</td><td>
</td></tr>
<tr><td>
name</td><td>
Cookie Without Secure Flag</td></tr>
<tr><td>
risk</td><td>
Low</td></tr>
<tr><td>
id</td><td>
6</td></tr>
<tr><td>
alertRef</td><td>
10011</td></tr>
</table>
</td></tr>
<tr><td>
<h2>alert</h2>
<table border="1">
<tr><td>
sourceid</td><td>
3</td></tr>
<tr><td>
other</td><td>
The following pattern was used: \bTODO\b and was detected in the element starting with: &quot;&lt;script id=&quot;__NEXT_DATA__&quot; type=&quot;application/json&quot;&gt;{&quot;props&quot;:{&quot;pageProps&quot;:{&quot;webpSupport&quot;:true,&quot;isAuthenticated&quot;:false,&quot;cookies&quot;:{&quot;, see evidence field for the suspicious comment/snippet.</td></tr>
<tr><td>
method</td><td>
GET</td></tr>
<tr><td>
evidence</td><td>
Todo</td></tr>
<tr><td>
pluginId</td><td>
10027</td></tr>
<tr><td>
cweid</td><td>
200</td></tr>
<tr><td>
confidence</td><td>
Low</td></tr>
<tr><td>
wascid</td><td>
13</td></tr>
<tr><td>
description</td><td>
The response appears to contain suspicious comments which may help an attacker. Note: Matches made within script blocks or files are against the entire content not only comments.</td></tr>
<tr><td>
messageId</td><td>
3</td></tr>
<tr><td>
url</td><td>
https://todoist.com/es</td></tr>
<tr><td>
tags</td><td>
{OWASP_2021_A01=https://owasp.org/Top10/A01_2021-Broken_Access_Control/, OWASP_2017_A03=https://owasp.org/www-project-top-ten/2017/A3_2017-Sensitive_Data_Exposure.html}</td></tr>
<tr><td>
reference</td><td>
</td></tr>
<tr><td>
solution</td><td>
Eliminar todos los comentarios que devuelvan informaci&oacute;n que podr&iacute;a ayudar a un atacante y arreglar cualquier problema subyacente al que se refieran.</td></tr>
<tr><td>
alert</td><td>
Divulgaci&oacute;n de informaci&oacute;n - Comentarios sospechosos</td></tr>
<tr><td>
param</td><td>
</td></tr>
<tr><td>
attack</td><td>
</td></tr>
<tr><td>
name</td><td>
Divulgaci&oacute;n de informaci&oacute;n - Comentarios sospechosos</td></tr>
<tr><td>
risk</td><td>
Informational</td></tr>
<tr><td>
id</td><td>
7</td></tr>
<tr><td>
alertRef</td><td>
10027</td></tr>
</table>
</td></tr>
<tr><td>
<h2>alert</h2>
<table border="1">
<tr><td>
sourceid</td><td>
3</td></tr>
<tr><td>
other</td><td>
This issue still applies to error type pages (401, 403, 500, etc.) as those pages are often still affected by injection issues, in which case there is still concern for browsers sniffing pages away from their actual content type.
At &quot;High&quot; threshold this scan rule will not alert on client or server error responses.</td></tr>
<tr><td>
method</td><td>
GET</td></tr>
<tr><td>
evidence</td><td>
</td></tr>
<tr><td>
pluginId</td><td>
10021</td></tr>
<tr><td>
cweid</td><td>
693</td></tr>
<tr><td>
confidence</td><td>
Medium</td></tr>
<tr><td>
wascid</td><td>
15</td></tr>
<tr><td>
description</td><td>
The Anti-MIME-Sniffing header X-Content-Type-Options was not set to 'nosniff'. This allows older versions of Internet Explorer and Chrome to perform MIME-sniffing on the response body, potentially causing the response body to be interpreted and displayed as a content type other than the declared content type. Current (early 2014) and legacy versions of Firefox will use the declared content type (if one is set), rather than performing MIME-sniffing.</td></tr>
<tr><td>
messageId</td><td>
3</td></tr>
<tr><td>
url</td><td>
https://todoist.com/es</td></tr>
<tr><td>
tags</td><td>
{OWASP_2021_A05=https://owasp.org/Top10/A05_2021-Security_Misconfiguration/, OWASP_2017_A06=https://owasp.org/www-project-top-ten/2017/A6_2017-Security_Misconfiguration.html}</td></tr>
<tr><td>
reference</td><td>
http://msdn.microsoft.com/en-us/library/ie/gg622941%28v=vs.85%29.aspx
https://owasp.org/www-community/Security_Headers</td></tr>
<tr><td>
solution</td><td>
Ensure that the application/web server sets the Content-Type header appropriately, and that it sets the X-Content-Type-Options header to 'nosniff' for all web pages.
If possible, ensure that the end user uses a standards-compliant and modern web browser that does not perform MIME-sniffing at all, or that can be directed by the web application/web server to not perform MIME-sniffing.</td></tr>
<tr><td>
alert</td><td>
X-Content-Type-Options Header Missing</td></tr>
<tr><td>
param</td><td>
X-Content-Type-Options</td></tr>
<tr><td>
attack</td><td>
</td></tr>
<tr><td>
name</td><td>
X-Content-Type-Options Header Missing</td></tr>
<tr><td>
risk</td><td>
Low</td></tr>
<tr><td>
id</td><td>
8</td></tr>
<tr><td>
alertRef</td><td>
10021</td></tr>
</table>
</td></tr>
</table>
</body>

GET request: http://127.0.0.1:8080/HTML/ascan/view/scanProgress/?scanId=0
request body: 
response code: 200
response body: <head>
</head>
<body>
<h2>scanProgress</h2>
<table border="1">
<tr><td>
<table border="1">
<tr><td>
id</td><td>
https://todoist.com</td></tr>
</table>
</td></tr>
<tr><td>
<h2>HostProcess</h2>
<table border="1">
<tr><td>
<h2>Plugin</h2>
<table border="1">
<tr><td>
<table border="1">
<tr><td>
name</td><td>
Path Traversal</td></tr>
</table>
</td></tr>
<tr><td>
<table border="1">
<tr><td>
id</td><td>
6</td></tr>
</table>
</td></tr>
<tr><td>
<table border="1">
<tr><td>
quality</td><td>
release</td></tr>
</table>
</td></tr>
<tr><td>
<table border="1">
<tr><td>
status</td><td>
Complete</td></tr>
</table>
</td></tr>
<tr><td>
<table border="1">
<tr><td>
timeInMs</td><td>
36</td></tr>
</table>
</td></tr>
<tr><td>
<table border="1">
<tr><td>
reqCount</td><td>
0</td></tr>
</table>
</td></tr>
<tr><td>
<table border="1">
<tr><td>
alertCount</td><td>
0</td></tr>
</table>
</td></tr>
</table>
</td></tr>
<tr><td>
<h2>Plugin</h2>
<table border="1">
<tr><td>
<table border="1">
<tr><td>
name</td><td>
Inclusi&oacute;n Remota de Archivos</td></tr>
</table>
</td></tr>
<tr><td>
<table border="1">
<tr><td>
id</td><td>
7</td></tr>
</table>
</td></tr>
<tr><td>
<table border="1">
<tr><td>
quality</td><td>
release</td></tr>
</table>
</td></tr>
<tr><td>
<table border="1">
<tr><td>
status</td><td>
Complete</td></tr>
</table>
</td></tr>
<tr><td>
<table border="1">
<tr><td>
timeInMs</td><td>
21</td></tr>
</table>
</td></tr>
<tr><td>
<table border="1">
<tr><td>
reqCount</td><td>
0</td></tr>
</table>
</td></tr>
<tr><td>
<table border="1">
<tr><td>
alertCount</td><td>
0</td></tr>
</table>
</td></tr>
</table>
</td></tr>
<tr><td>
<h2>Plugin</h2>
<table border="1">
<tr><td>
<table border="1">
<tr><td>
name</td><td>
Divulgaci&oacute;n del c&oacute;digo fuente - / carpeta WEB-INF</td></tr>
</table>
</td></tr>
<tr><td>
<table border="1">
<tr><td>
id</td><td>
10045</td></tr>
</table>
</td></tr>
<tr><td>
<table border="1">
<tr><td>
quality</td><td>
release</td></tr>
</table>
</td></tr>
<tr><td>
<table border="1">
<tr><td>
status</td><td>
99%</td></tr>
</table>
</td></tr>
<tr><td>
<table border="1">
<tr><td>
timeInMs</td><td>
20343</td></tr>
</table>
</td></tr>
<tr><td>
<table border="1">
<tr><td>
reqCount</td><td>
28</td></tr>
</table>
</td></tr>
<tr><td>
<table border="1">
<tr><td>
alertCount</td><td>
0</td></tr>
</table>
</td></tr>
</table>
</td></tr>
<tr><td>
<h2>Plugin</h2>
<table border="1">
<tr><td>
<table border="1">
<tr><td>
name</td><td>
External Redirect</td></tr>
</table>
</td></tr>
<tr><td>
<table border="1">
<tr><td>
id</td><td>
20019</td></tr>
</table>
</td></tr>
<tr><td>
<table border="1">
<tr><td>
quality</td><td>
release</td></tr>
</table>
</td></tr>
<tr><td>
<table border="1">
<tr><td>
status</td><td>
99%</td></tr>
</table>
</td></tr>
<tr><td>
<table border="1">
<tr><td>
timeInMs</td><td>
20341</td></tr>
</table>
</td></tr>
<tr><td>
<table border="1">
<tr><td>
reqCount</td><td>
0</td></tr>
</table>
</td></tr>
<tr><td>
<table border="1">
<tr><td>
alertCount</td><td>
0</td></tr>
</table>
</td></tr>
</table>
</td></tr>
<tr><td>
<h2>Plugin</h2>
<table border="1">
<tr><td>
<table border="1">
<tr><td>
name</td><td>
Server Side Include</td></tr>
</table>
</td></tr>
<tr><td>
<table border="1">
<tr><td>
id</td><td>
40009</td></tr>
</table>
</td></tr>
<tr><td>
<table border="1">
<tr><td>
quality</td><td>
release</td></tr>
</table>
</td></tr>
<tr><td>
<table border="1">
<tr><td>
status</td><td>
Pending</td></tr>
</table>
</td></tr>
<tr><td>
<table border="1">
<tr><td>
timeInMs</td><td>
0</td></tr>
</table>
</td></tr>
<tr><td>
<table border="1">
<tr><td>
reqCount</td><td>
0</td></tr>
</table>
</td></tr>
<tr><td>
<table border="1">
<tr><td>
alertCount</td><td>
0</td></tr>
</table>
</td></tr>
</table>
</td></tr>
<tr><td>
<h2>Plugin</h2>
<table border="1">
<tr><td>
<table border="1">
<tr><td>
name</td><td>
Cross Site Scripting (Reflected)</td></tr>
</table>
</td></tr>
<tr><td>
<table border="1">
<tr><td>
id</td><td>
40012</td></tr>
</table>
</td></tr>
<tr><td>
<table border="1">
<tr><td>
quality</td><td>
release</td></tr>
</table>
</td></tr>
<tr><td>
<table border="1">
<tr><td>
status</td><td>
Pending</td></tr>
</table>
</td></tr>
<tr><td>
<table border="1">
<tr><td>
timeInMs</td><td>
0</td></tr>
</table>
</td></tr>
<tr><td>
<table border="1">
<tr><td>
reqCount</td><td>
0</td></tr>
</table>
</td></tr>
<tr><td>
<table border="1">
<tr><td>
alertCount</td><td>
0</td></tr>
</table>
</td></tr>
</table>
</td></tr>
<tr><td>
<h2>Plugin</h2>
<table border="1">
<tr><td>
<table border="1">
<tr><td>
name</td><td>
Cross Site Scripting (Persistent) - Prime</td></tr>
</table>
</td></tr>
<tr><td>
<table border="1">
<tr><td>
id</td><td>
40016</td></tr>
</table>
</td></tr>
<tr><td>
<table border="1">
<tr><td>
quality</td><td>
release</td></tr>
</table>
</td></tr>
<tr><td>
<table border="1">
<tr><td>
status</td><td>
Pending</td></tr>
</table>
</td></tr>
<tr><td>
<table border="1">
<tr><td>
timeInMs</td><td>
0</td></tr>
</table>
</td></tr>
<tr><td>
<table border="1">
<tr><td>
reqCount</td><td>
0</td></tr>
</table>
</td></tr>
<tr><td>
<table border="1">
<tr><td>
alertCount</td><td>
0</td></tr>
</table>
</td></tr>
</table>
</td></tr>
<tr><td>
<h2>Plugin</h2>
<table border="1">
<tr><td>
<table border="1">
<tr><td>
name</td><td>
Cross Site Scripting (Persistent) - Spider</td></tr>
</table>
</td></tr>
<tr><td>
<table border="1">
<tr><td>
id</td><td>
40017</td></tr>
</table>
</td></tr>
<tr><td>
<table border="1">
<tr><td>
quality</td><td>
release</td></tr>
</table>
</td></tr>
<tr><td>
<table border="1">
<tr><td>
status</td><td>
Pending</td></tr>
</table>
</td></tr>
<tr><td>
<table border="1">
<tr><td>
timeInMs</td><td>
0</td></tr>
</table>
</td></tr>
<tr><td>
<table border="1">
<tr><td>
reqCount</td><td>
0</td></tr>
</table>
</td></tr>
<tr><td>
<table border="1">
<tr><td>
alertCount</td><td>
0</td></tr>
</table>
</td></tr>
</table>
</td></tr>
<tr><td>
<h2>Plugin</h2>
<table border="1">
<tr><td>
<table border="1">
<tr><td>
name</td><td>
Cross Site Scripting (Persistent)</td></tr>
</table>
</td></tr>
<tr><td>
<table border="1">
<tr><td>
id</td><td>
40014</td></tr>
</table>
</td></tr>
<tr><td>
<table border="1">
<tr><td>
quality</td><td>
release</td></tr>
</table>
</td></tr>
<tr><td>
<table border="1">
<tr><td>
status</td><td>
Pending</td></tr>
</table>
</td></tr>
<tr><td>
<table border="1">
<tr><td>
timeInMs</td><td>
0</td></tr>
</table>
</td></tr>
<tr><td>
<table border="1">
<tr><td>
reqCount</td><td>
0</td></tr>
</table>
</td></tr>
<tr><td>
<table border="1">
<tr><td>
alertCount</td><td>
0</td></tr>
</table>
</td></tr>
</table>
</td></tr>
<tr><td>
<h2>Plugin</h2>
<table border="1">
<tr><td>
<table border="1">
<tr><td>
name</td><td>
Falla por Inyecci&oacute;n SQL</td></tr>
</table>
</td></tr>
<tr><td>
<table border="1">
<tr><td>
id</td><td>
40018</td></tr>
</table>
</td></tr>
<tr><td>
<table border="1">
<tr><td>
quality</td><td>
release</td></tr>
</table>
</td></tr>
<tr><td>
<table border="1">
<tr><td>
status</td><td>
Pending</td></tr>
</table>
</td></tr>
<tr><td>
<table border="1">
<tr><td>
timeInMs</td><td>
0</td></tr>
</table>
</td></tr>
<tr><td>
<table border="1">
<tr><td>
reqCount</td><td>
0</td></tr>
</table>
</td></tr>
<tr><td>
<table border="1">
<tr><td>
alertCount</td><td>
0</td></tr>
</table>
</td></tr>
</table>
</td></tr>
<tr><td>
<h2>Plugin</h2>
<table border="1">
<tr><td>
<table border="1">
<tr><td>
name</td><td>
Server Side Code Injection</td></tr>
</table>
</td></tr>
<tr><td>
<table border="1">
<tr><td>
id</td><td>
90019</td></tr>
</table>
</td></tr>
<tr><td>
<table border="1">
<tr><td>
quality</td><td>
release</td></tr>
</table>
</td></tr>
<tr><td>
<table border="1">
<tr><td>
status</td><td>
Pending</td></tr>
</table>
</td></tr>
<tr><td>
<table border="1">
<tr><td>
timeInMs</td><td>
0</td></tr>
</table>
</td></tr>
<tr><td>
<table border="1">
<tr><td>
reqCount</td><td>
0</td></tr>
</table>
</td></tr>
<tr><td>
<table border="1">
<tr><td>
alertCount</td><td>
0</td></tr>
</table>
</td></tr>
</table>
</td></tr>
<tr><td>
<h2>Plugin</h2>
<table border="1">
<tr><td>
<table border="1">
<tr><td>
name</td><td>
Remote OS Command Injection</td></tr>
</table>
</td></tr>
<tr><td>
<table border="1">
<tr><td>
id</td><td>
90020</td></tr>
</table>
</td></tr>
<tr><td>
<table border="1">
<tr><td>
quality</td><td>
release</td></tr>
</table>
</td></tr>
<tr><td>
<table border="1">
<tr><td>
status</td><td>
Pending</td></tr>
</table>
</td></tr>
<tr><td>
<table border="1">
<tr><td>
timeInMs</td><td>
0</td></tr>
</table>
</td></tr>
<tr><td>
<table border="1">
<tr><td>
reqCount</td><td>
0</td></tr>
</table>
</td></tr>
<tr><td>
<table border="1">
<tr><td>
alertCount</td><td>
0</td></tr>
</table>
</td></tr>
</table>
</td></tr>
<tr><td>
<h2>Plugin</h2>
<table border="1">
<tr><td>
<table border="1">
<tr><td>
name</td><td>
Exploraci&oacute;n de directorios</td></tr>
</table>
</td></tr>
<tr><td>
<table border="1">
<tr><td>
id</td><td>
0</td></tr>
</table>
</td></tr>
<tr><td>
<table border="1">
<tr><td>
quality</td><td>
release</td></tr>
</table>
</td></tr>
<tr><td>
<table border="1">
<tr><td>
status</td><td>
Pending</td></tr>
</table>
</td></tr>
<tr><td>
<table border="1">
<tr><td>
timeInMs</td><td>
0</td></tr>
</table>
</td></tr>
<tr><td>
<table border="1">
<tr><td>
reqCount</td><td>
0</td></tr>
</table>
</td></tr>
<tr><td>
<table border="1">
<tr><td>
alertCount</td><td>
0</td></tr>
</table>
</td></tr>
</table>
</td></tr>
<tr><td>
<h2>Plugin</h2>
<table border="1">
<tr><td>
<table border="1">
<tr><td>
name</td><td>
Buffer Overflow</td></tr>
</table>
</td></tr>
<tr><td>
<table border="1">
<tr><td>
id</td><td>
30001</td></tr>
</table>
</td></tr>
<tr><td>
<table border="1">
<tr><td>
quality</td><td>
release</td></tr>
</table>
</td></tr>
<tr><td>
<table border="1">
<tr><td>
status</td><td>
Pending</td></tr>
</table>
</td></tr>
<tr><td>
<table border="1">
<tr><td>
timeInMs</td><td>
0</td></tr>
</table>
</td></tr>
<tr><td>
<table border="1">
<tr><td>
reqCount</td><td>
0</td></tr>
</table>
</td></tr>
<tr><td>
<table border="1">
<tr><td>
alertCount</td><td>
0</td></tr>
</table>
</td></tr>
</table>
</td></tr>
<tr><td>
<h2>Plugin</h2>
<table border="1">
<tr><td>
<table border="1">
<tr><td>
name</td><td>
Error de formato de cadena</td></tr>
</table>
</td></tr>
<tr><td>
<table border="1">
<tr><td>
id</td><td>
30002</td></tr>
</table>
</td></tr>
<tr><td>
<table border="1">
<tr><td>
quality</td><td>
release</td></tr>
</table>
</td></tr>
<tr><td>
<table border="1">
<tr><td>
status</td><td>
Pending</td></tr>
</table>
</td></tr>
<tr><td>
<table border="1">
<tr><td>
timeInMs</td><td>
0</td></tr>
</table>
</td></tr>
<tr><td>
<table border="1">
<tr><td>
reqCount</td><td>
0</td></tr>
</table>
</td></tr>
<tr><td>
<table border="1">
<tr><td>
alertCount</td><td>
0</td></tr>
</table>
</td></tr>
</table>
</td></tr>
<tr><td>
<h2>Plugin</h2>
<table border="1">
<tr><td>
<table border="1">
<tr><td>
name</td><td>
CRLF Injection</td></tr>
</table>
</td></tr>
<tr><td>
<table border="1">
<tr><td>
id</td><td>
40003</td></tr>
</table>
</td></tr>
<tr><td>
<table border="1">
<tr><td>
quality</td><td>
release</td></tr>
</table>
</td></tr>
<tr><td>
<table border="1">
<tr><td>
status</td><td>
Pending</td></tr>
</table>
</td></tr>
<tr><td>
<table border="1">
<tr><td>
timeInMs</td><td>
0</td></tr>
</table>
</td></tr>
<tr><td>
<table border="1">
<tr><td>
reqCount</td><td>
0</td></tr>
</table>
</td></tr>
<tr><td>
<table border="1">
<tr><td>
alertCount</td><td>
0</td></tr>
</table>
</td></tr>
</table>
</td></tr>
<tr><td>
<h2>Plugin</h2>
<table border="1">
<tr><td>
<table border="1">
<tr><td>
name</td><td>
Parameter Tampering</td></tr>
</table>
</td></tr>
<tr><td>
<table border="1">
<tr><td>
id</td><td>
40008</td></tr>
</table>
</td></tr>
<tr><td>
<table border="1">
<tr><td>
quality</td><td>
release</td></tr>
</table>
</td></tr>
<tr><td>
<table border="1">
<tr><td>
status</td><td>
Pending</td></tr>
</table>
</td></tr>
<tr><td>
<table border="1">
<tr><td>
timeInMs</td><td>
0</td></tr>
</table>
</td></tr>
<tr><td>
<table border="1">
<tr><td>
reqCount</td><td>
0</td></tr>
</table>
</td></tr>
<tr><td>
<table border="1">
<tr><td>
alertCount</td><td>
0</td></tr>
</table>
</td></tr>
</table>
</td></tr>
<tr><td>
<h2>Plugin</h2>
<table border="1">
<tr><td>
<table border="1">
<tr><td>
name</td><td>
Fuga de informaci&oacute;n ELMAH</td></tr>
</table>
</td></tr>
<tr><td>
<table border="1">
<tr><td>
id</td><td>
40028</td></tr>
</table>
</td></tr>
<tr><td>
<table border="1">
<tr><td>
quality</td><td>
release</td></tr>
</table>
</td></tr>
<tr><td>
<table border="1">
<tr><td>
status</td><td>
Pending</td></tr>
</table>
</td></tr>
<tr><td>
<table border="1">
<tr><td>
timeInMs</td><td>
0</td></tr>
</table>
</td></tr>
<tr><td>
<table border="1">
<tr><td>
reqCount</td><td>
0</td></tr>
</table>
</td></tr>
<tr><td>
<table border="1">
<tr><td>
alertCount</td><td>
0</td></tr>
</table>
</td></tr>
</table>
</td></tr>
<tr><td>
<h2>Plugin</h2>
<table border="1">
<tr><td>
<table border="1">
<tr><td>
name</td><td>
.htaccess Information Leak</td></tr>
</table>
</td></tr>
<tr><td>
<table border="1">
<tr><td>
id</td><td>
40032</td></tr>
</table>
</td></tr>
<tr><td>
<table border="1">
<tr><td>
quality</td><td>
release</td></tr>
</table>
</td></tr>
<tr><td>
<table border="1">
<tr><td>
status</td><td>
Pending</td></tr>
</table>
</td></tr>
<tr><td>
<table border="1">
<tr><td>
timeInMs</td><td>
0</td></tr>
</table>
</td></tr>
<tr><td>
<table border="1">
<tr><td>
reqCount</td><td>
0</td></tr>
</table>
</td></tr>
<tr><td>
<table border="1">
<tr><td>
alertCount</td><td>
0</td></tr>
</table>
</td></tr>
</table>
</td></tr>
<tr><td>
<h2>Plugin</h2>
<table border="1">
<tr><td>
<table border="1">
<tr><td>
name</td><td>
Reglas de b&uacute;squeda activadas para el Script</td></tr>
</table>
</td></tr>
<tr><td>
<table border="1">
<tr><td>
id</td><td>
50000</td></tr>
</table>
</td></tr>
<tr><td>
<table border="1">
<tr><td>
quality</td><td>
release</td></tr>
</table>
</td></tr>
<tr><td>
<table border="1">
<tr><td>
status</td><td>
Pending</td></tr>
</table>
</td></tr>
<tr><td>
<table border="1">
<tr><td>
timeInMs</td><td>
0</td></tr>
</table>
</td></tr>
<tr><td>
<table border="1">
<tr><td>
reqCount</td><td>
0</td></tr>
</table>
</td></tr>
<tr><td>
<table border="1">
<tr><td>
alertCount</td><td>
0</td></tr>
</table>
</td></tr>
</table>
</td></tr>
<tr><td>
<h2>Plugin</h2>
<table border="1">
<tr><td>
<table border="1">
<tr><td>
name</td><td>
Source Code Disclosure - Git </td></tr>
</table>
</td></tr>
<tr><td>
<table border="1">
<tr><td>
id</td><td>
41</td></tr>
</table>
</td></tr>
<tr><td>
<table border="1">
<tr><td>
quality</td><td>
beta</td></tr>
</table>
</td></tr>
<tr><td>
<table border="1">
<tr><td>
status</td><td>
Pending</td></tr>
</table>
</td></tr>
<tr><td>
<table border="1">
<tr><td>
timeInMs</td><td>
0</td></tr>
</table>
</td></tr>
<tr><td>
<table border="1">
<tr><td>
reqCount</td><td>
0</td></tr>
</table>
</td></tr>
<tr><td>
<table border="1">
<tr><td>
alertCount</td><td>
0</td></tr>
</table>
</td></tr>
</table>
</td></tr>
<tr><td>
<h2>Plugin</h2>
<table border="1">
<tr><td>
<table border="1">
<tr><td>
name</td><td>
Source Code Disclosure - File Inclusion</td></tr>
</table>
</td></tr>
<tr><td>
<table border="1">
<tr><td>
id</td><td>
43</td></tr>
</table>
</td></tr>
<tr><td>
<table border="1">
<tr><td>
quality</td><td>
beta</td></tr>
</table>
</td></tr>
<tr><td>
<table border="1">
<tr><td>
status</td><td>
Pending</td></tr>
</table>
</td></tr>
<tr><td>
<table border="1">
<tr><td>
timeInMs</td><td>
0</td></tr>
</table>
</td></tr>
<tr><td>
<table border="1">
<tr><td>
reqCount</td><td>
0</td></tr>
</table>
</td></tr>
<tr><td>
<table border="1">
<tr><td>
alertCount</td><td>
0</td></tr>
</table>
</td></tr>
</table>
</td></tr>
<tr><td>
<h2>Plugin</h2>
<table border="1">
<tr><td>
<table border="1">
<tr><td>
name</td><td>
Ejecuci&oacute;n remota de c&oacute;digo - Shell Shock</td></tr>
</table>
</td></tr>
<tr><td>
<table border="1">
<tr><td>
id</td><td>
10048</td></tr>
</table>
</td></tr>
<tr><td>
<table border="1">
<tr><td>
quality</td><td>
beta</td></tr>
</table>
</td></tr>
<tr><td>
<table border="1">
<tr><td>
status</td><td>
Pending</td></tr>
</table>
</td></tr>
<tr><td>
<table border="1">
<tr><td>
timeInMs</td><td>
0</td></tr>
</table>
</td></tr>
<tr><td>
<table border="1">
<tr><td>
reqCount</td><td>
0</td></tr>
</table>
</td></tr>
<tr><td>
<table border="1">
<tr><td>
alertCount</td><td>
0</td></tr>
</table>
</td></tr>
</table>
</td></tr>
<tr><td>
<h2>Plugin</h2>
<table border="1">
<tr><td>
<table border="1">
<tr><td>
name</td><td>
Httpoxy - Proxy Header Misuse</td></tr>
</table>
</td></tr>
<tr><td>
<table border="1">
<tr><td>
id</td><td>
10107</td></tr>
</table>
</td></tr>
<tr><td>
<table border="1">
<tr><td>
quality</td><td>
beta</td></tr>
</table>
</td></tr>
<tr><td>
<table border="1">
<tr><td>
status</td><td>
Pending</td></tr>
</table>
</td></tr>
<tr><td>
<table border="1">
<tr><td>
timeInMs</td><td>
0</td></tr>
</table>
</td></tr>
<tr><td>
<table border="1">
<tr><td>
reqCount</td><td>
0</td></tr>
</table>
</td></tr>
<tr><td>
<table border="1">
<tr><td>
alertCount</td><td>
0</td></tr>
</table>
</td></tr>
</table>
</td></tr>
<tr><td>
<h2>Plugin</h2>
<table border="1">
<tr><td>
<table border="1">
<tr><td>
name</td><td>
Vulnerabilidades de OpenSLL HeartBleed</td></tr>
</table>
</td></tr>
<tr><td>
<table border="1">
<tr><td>
id</td><td>
20015</td></tr>
</table>
</td></tr>
<tr><td>
<table border="1">
<tr><td>
quality</td><td>
beta</td></tr>
</table>
</td></tr>
<tr><td>
<table border="1">
<tr><td>
status</td><td>
Pending</td></tr>
</table>
</td></tr>
<tr><td>
<table border="1">
<tr><td>
timeInMs</td><td>
0</td></tr>
</table>
</td></tr>
<tr><td>
<table border="1">
<tr><td>
reqCount</td><td>
0</td></tr>
</table>
</td></tr>
<tr><td>
<table border="1">
<tr><td>
alertCount</td><td>
0</td></tr>
</table>
</td></tr>
</table>
</td></tr>
<tr><td>
<h2>Plugin</h2>
<table border="1">
<tr><td>
<table border="1">
<tr><td>
name</td><td>
Desconfiguraci&oacute;n de Dominio cruzado</td></tr>
</table>
</td></tr>
<tr><td>
<table border="1">
<tr><td>
id</td><td>
20016</td></tr>
</table>
</td></tr>
<tr><td>
<table border="1">
<tr><td>
quality</td><td>
beta</td></tr>
</table>
</td></tr>
<tr><td>
<table border="1">
<tr><td>
status</td><td>
Pending</td></tr>
</table>
</td></tr>
<tr><td>
<table border="1">
<tr><td>
timeInMs</td><td>
0</td></tr>
</table>
</td></tr>
<tr><td>
<table border="1">
<tr><td>
reqCount</td><td>
0</td></tr>
</table>
</td></tr>
<tr><td>
<table border="1">
<tr><td>
alertCount</td><td>
0</td></tr>
</table>
</td></tr>
</table>
</td></tr>
<tr><td>
<h2>Plugin</h2>
<table border="1">
<tr><td>
<table border="1">
<tr><td>
name</td><td>
Divulgaci&oacute;n del c&oacute;digo fuente - CVE-2012-1823</td></tr>
</table>
</td></tr>
<tr><td>
<table border="1">
<tr><td>
id</td><td>
20017</td></tr>
</table>
</td></tr>
<tr><td>
<table border="1">
<tr><td>
quality</td><td>
beta</td></tr>
</table>
</td></tr>
<tr><td>
<table border="1">
<tr><td>
status</td><td>
Pending</td></tr>
</table>
</td></tr>
<tr><td>
<table border="1">
<tr><td>
timeInMs</td><td>
0</td></tr>
</table>
</td></tr>
<tr><td>
<table border="1">
<tr><td>
reqCount</td><td>
0</td></tr>
</table>
</td></tr>
<tr><td>
<table border="1">
<tr><td>
alertCount</td><td>
0</td></tr>
</table>
</td></tr>
</table>
</td></tr>
<tr><td>
<h2>Plugin</h2>
<table border="1">
<tr><td>
<table border="1">
<tr><td>
name</td><td>
Ejecuci&oacute;n remota de c&oacute;digo - CVE-2012-1823</td></tr>
</table>
</td></tr>
<tr><td>
<table border="1">
<tr><td>
id</td><td>
20018</td></tr>
</table>
</td></tr>
<tr><td>
<table border="1">
<tr><td>
quality</td><td>
beta</td></tr>
</table>
</td></tr>
<tr><td>
<table border="1">
<tr><td>
status</td><td>
Pending</td></tr>
</table>
</td></tr>
<tr><td>
<table border="1">
<tr><td>
timeInMs</td><td>
0</td></tr>
</table>
</td></tr>
<tr><td>
<table border="1">
<tr><td>
reqCount</td><td>
0</td></tr>
</table>
</td></tr>
<tr><td>
<table border="1">
<tr><td>
alertCount</td><td>
0</td></tr>
</table>
</td></tr>
</table>
</td></tr>
<tr><td>
<h2>Plugin</h2>
<table border="1">
<tr><td>
<table border="1">
<tr><td>
name</td><td>
Fijaci&oacute;n de Sesi&oacute;n</td></tr>
</table>
</td></tr>
<tr><td>
<table border="1">
<tr><td>
id</td><td>
40013</td></tr>
</table>
</td></tr>
<tr><td>
<table border="1">
<tr><td>
quality</td><td>
beta</td></tr>
</table>
</td></tr>
<tr><td>
<table border="1">
<tr><td>
status</td><td>
Pending</td></tr>
</table>
</td></tr>
<tr><td>
<table border="1">
<tr><td>
timeInMs</td><td>
0</td></tr>
</table>
</td></tr>
<tr><td>
<table border="1">
<tr><td>
reqCount</td><td>
0</td></tr>
</table>
</td></tr>
<tr><td>
<table border="1">
<tr><td>
alertCount</td><td>
0</td></tr>
</table>
</td></tr>
</table>
</td></tr>
<tr><td>
<h2>Plugin</h2>
<table border="1">
<tr><td>
<table border="1">
<tr><td>
name</td><td>
Inyecci&oacute;n SQL - MySQL</td></tr>
</table>
</td></tr>
<tr><td>
<table border="1">
<tr><td>
id</td><td>
40019</td></tr>
</table>
</td></tr>
<tr><td>
<table border="1">
<tr><td>
quality</td><td>
beta</td></tr>
</table>
</td></tr>
<tr><td>
<table border="1">
<tr><td>
status</td><td>
Pending</td></tr>
</table>
</td></tr>
<tr><td>
<table border="1">
<tr><td>
timeInMs</td><td>
0</td></tr>
</table>
</td></tr>
<tr><td>
<table border="1">
<tr><td>
reqCount</td><td>
0</td></tr>
</table>
</td></tr>
<tr><td>
<table border="1">
<tr><td>
alertCount</td><td>
0</td></tr>
</table>
</td></tr>
</table>
</td></tr>
<tr><td>
<h2>Plugin</h2>
<table border="1">
<tr><td>
<table border="1">
<tr><td>
name</td><td>
Inyecci&oacute;n SQL - SQL hipers&oacute;nico</td></tr>
</table>
</td></tr>
<tr><td>
<table border="1">
<tr><td>
id</td><td>
40020</td></tr>
</table>
</td></tr>
<tr><td>
<table border="1">
<tr><td>
quality</td><td>
beta</td></tr>
</table>
</td></tr>
<tr><td>
<table border="1">
<tr><td>
status</td><td>
Pending</td></tr>
</table>
</td></tr>
<tr><td>
<table border="1">
<tr><td>
timeInMs</td><td>
0</td></tr>
</table>
</td></tr>
<tr><td>
<table border="1">
<tr><td>
reqCount</td><td>
0</td></tr>
</table>
</td></tr>
<tr><td>
<table border="1">
<tr><td>
alertCount</td><td>
0</td></tr>
</table>
</td></tr>
</table>
</td></tr>
<tr><td>
<h2>Plugin</h2>
<table border="1">
<tr><td>
<table border="1">
<tr><td>
name</td><td>
Inyecci&oacute;n SQL - Or&aacute;culo</td></tr>
</table>
</td></tr>
<tr><td>
<table border="1">
<tr><td>
id</td><td>
40021</td></tr>
</table>
</td></tr>
<tr><td>
<table border="1">
<tr><td>
quality</td><td>
beta</td></tr>
</table>
</td></tr>
<tr><td>
<table border="1">
<tr><td>
status</td><td>
Pending</td></tr>
</table>
</td></tr>
<tr><td>
<table border="1">
<tr><td>
timeInMs</td><td>
0</td></tr>
</table>
</td></tr>
<tr><td>
<table border="1">
<tr><td>
reqCount</td><td>
0</td></tr>
</table>
</td></tr>
<tr><td>
<table border="1">
<tr><td>
alertCount</td><td>
0</td></tr>
</table>
</td></tr>
</table>
</td></tr>
<tr><td>
<h2>Plugin</h2>
<table border="1">
<tr><td>
<table border="1">
<tr><td>
name</td><td>
Inyecci&oacute;n SQL - PostgreSQL</td></tr>
</table>
</td></tr>
<tr><td>
<table border="1">
<tr><td>
id</td><td>
40022</td></tr>
</table>
</td></tr>
<tr><td>
<table border="1">
<tr><td>
quality</td><td>
beta</td></tr>
</table>
</td></tr>
<tr><td>
<table border="1">
<tr><td>
status</td><td>
Pending</td></tr>
</table>
</td></tr>
<tr><td>
<table border="1">
<tr><td>
timeInMs</td><td>
0</td></tr>
</table>
</td></tr>
<tr><td>
<table border="1">
<tr><td>
reqCount</td><td>
0</td></tr>
</table>
</td></tr>
<tr><td>
<table border="1">
<tr><td>
alertCount</td><td>
0</td></tr>
</table>
</td></tr>
</table>
</td></tr>
<tr><td>
<h2>Plugin</h2>
<table border="1">
<tr><td>
<table border="1">
<tr><td>
name</td><td>
SQL Injection - SQLite</td></tr>
</table>
</td></tr>
<tr><td>
<table border="1">
<tr><td>
id</td><td>
40024</td></tr>
</table>
</td></tr>
<tr><td>
<table border="1">
<tr><td>
quality</td><td>
beta</td></tr>
</table>
</td></tr>
<tr><td>
<table border="1">
<tr><td>
status</td><td>
Pending</td></tr>
</table>
</td></tr>
<tr><td>
<table border="1">
<tr><td>
timeInMs</td><td>
0</td></tr>
</table>
</td></tr>
<tr><td>
<table border="1">
<tr><td>
reqCount</td><td>
0</td></tr>
</table>
</td></tr>
<tr><td>
<table border="1">
<tr><td>
alertCount</td><td>
0</td></tr>
</table>
</td></tr>
</table>
</td></tr>
<tr><td>
<h2>Plugin</h2>
<table border="1">
<tr><td>
<table border="1">
<tr><td>
name</td><td>
Sitio cruzado de Scripting (Basado en DOM)</td></tr>
</table>
</td></tr>
<tr><td>
<table border="1">
<tr><td>
id</td><td>
40026</td></tr>
</table>
</td></tr>
<tr><td>
<table border="1">
<tr><td>
quality</td><td>
beta</td></tr>
</table>
</td></tr>
<tr><td>
<table border="1">
<tr><td>
status</td><td>
Pending</td></tr>
</table>
</td></tr>
<tr><td>
<table border="1">
<tr><td>
timeInMs</td><td>
0</td></tr>
</table>
</td></tr>
<tr><td>
<table border="1">
<tr><td>
reqCount</td><td>
0</td></tr>
</table>
</td></tr>
<tr><td>
<table border="1">
<tr><td>
alertCount</td><td>
0</td></tr>
</table>
</td></tr>
</table>
</td></tr>
<tr><td>
<h2>Plugin</h2>
<table border="1">
<tr><td>
<table border="1">
<tr><td>
name</td><td>
SQL Injection - MsSQL</td></tr>
</table>
</td></tr>
<tr><td>
<table border="1">
<tr><td>
id</td><td>
40027</td></tr>
</table>
</td></tr>
<tr><td>
<table border="1">
<tr><td>
quality</td><td>
beta</td></tr>
</table>
</td></tr>
<tr><td>
<table border="1">
<tr><td>
status</td><td>
Pending</td></tr>
</table>
</td></tr>
<tr><td>
<table border="1">
<tr><td>
timeInMs</td><td>
0</td></tr>
</table>
</td></tr>
<tr><td>
<table border="1">
<tr><td>
reqCount</td><td>
0</td></tr>
</table>
</td></tr>
<tr><td>
<table border="1">
<tr><td>
alertCount</td><td>
0</td></tr>
</table>
</td></tr>
</table>
</td></tr>
<tr><td>
<h2>Plugin</h2>
<table border="1">
<tr><td>
<table border="1">
<tr><td>
name</td><td>
XPath Injection</td></tr>
</table>
</td></tr>
<tr><td>
<table border="1">
<tr><td>
id</td><td>
90021</td></tr>
</table>
</td></tr>
<tr><td>
<table border="1">
<tr><td>
quality</td><td>
beta</td></tr>
</table>
</td></tr>
<tr><td>
<table border="1">
<tr><td>
status</td><td>
Pending</td></tr>
</table>
</td></tr>
<tr><td>
<table border="1">
<tr><td>
timeInMs</td><td>
0</td></tr>
</table>
</td></tr>
<tr><td>
<table border="1">
<tr><td>
reqCount</td><td>
0</td></tr>
</table>
</td></tr>
<tr><td>
<table border="1">
<tr><td>
alertCount</td><td>
0</td></tr>
</table>
</td></tr>
</table>
</td></tr>
<tr><td>
<h2>Plugin</h2>
<table border="1">
<tr><td>
<table border="1">
<tr><td>
name</td><td>
XML External Entity Attack</td></tr>
</table>
</td></tr>
<tr><td>
<table border="1">
<tr><td>
id</td><td>
90023</td></tr>
</table>
</td></tr>
<tr><td>
<table border="1">
<tr><td>
quality</td><td>
beta</td></tr>
</table>
</td></tr>
<tr><td>
<table border="1">
<tr><td>
status</td><td>
Pending</td></tr>
</table>
</td></tr>
<tr><td>
<table border="1">
<tr><td>
timeInMs</td><td>
0</td></tr>
</table>
</td></tr>
<tr><td>
<table border="1">
<tr><td>
reqCount</td><td>
0</td></tr>
</table>
</td></tr>
<tr><td>
<table border="1">
<tr><td>
alertCount</td><td>
0</td></tr>
</table>
</td></tr>
</table>
</td></tr>
<tr><td>
<h2>Plugin</h2>
<table border="1">
<tr><td>
<table border="1">
<tr><td>
name</td><td>
Relleno gen&eacute;rico del Or&aacute;culo</td></tr>
</table>
</td></tr>
<tr><td>
<table border="1">
<tr><td>
id</td><td>
90024</td></tr>
</table>
</td></tr>
<tr><td>
<table border="1">
<tr><td>
quality</td><td>
beta</td></tr>
</table>
</td></tr>
<tr><td>
<table border="1">
<tr><td>
status</td><td>
Pending</td></tr>
</table>
</td></tr>
<tr><td>
<table border="1">
<tr><td>
timeInMs</td><td>
0</td></tr>
</table>
</td></tr>
<tr><td>
<table border="1">
<tr><td>
reqCount</td><td>
0</td></tr>
</table>
</td></tr>
<tr><td>
<table border="1">
<tr><td>
alertCount</td><td>
0</td></tr>
</table>
</td></tr>
</table>
</td></tr>
<tr><td>
<h2>Plugin</h2>
<table border="1">
<tr><td>
<table border="1">
<tr><td>
name</td><td>
Inyecci&oacute;n Expresi&oacute;n de Lenguaje</td></tr>
</table>
</td></tr>
<tr><td>
<table border="1">
<tr><td>
id</td><td>
90025</td></tr>
</table>
</td></tr>
<tr><td>
<table border="1">
<tr><td>
quality</td><td>
beta</td></tr>
</table>
</td></tr>
<tr><td>
<table border="1">
<tr><td>
status</td><td>
Pending</td></tr>
</table>
</td></tr>
<tr><td>
<table border="1">
<tr><td>
timeInMs</td><td>
0</td></tr>
</table>
</td></tr>
<tr><td>
<table border="1">
<tr><td>
reqCount</td><td>
0</td></tr>
</table>
</td></tr>
<tr><td>
<table border="1">
<tr><td>
alertCount</td><td>
0</td></tr>
</table>
</td></tr>
</table>
</td></tr>
<tr><td>
<h2>Plugin</h2>
<table border="1">
<tr><td>
<table border="1">
<tr><td>
name</td><td>
Cloud Metadata Potentially Exposed</td></tr>
</table>
</td></tr>
<tr><td>
<table border="1">
<tr><td>
id</td><td>
90034</td></tr>
</table>
</td></tr>
<tr><td>
<table border="1">
<tr><td>
quality</td><td>
beta</td></tr>
</table>
</td></tr>
<tr><td>
<table border="1">
<tr><td>
status</td><td>
Pending</td></tr>
</table>
</td></tr>
<tr><td>
<table border="1">
<tr><td>
timeInMs</td><td>
0</td></tr>
</table>
</td></tr>
<tr><td>
<table border="1">
<tr><td>
reqCount</td><td>
0</td></tr>
</table>
</td></tr>
<tr><td>
<table border="1">
<tr><td>
alertCount</td><td>
0</td></tr>
</table>
</td></tr>
</table>
</td></tr>
<tr><td>
<h2>Plugin</h2>
<table border="1">
<tr><td>
<table border="1">
<tr><td>
name</td><td>
Divulgaci&oacute;n del c&oacute;digo fuente - SVN</td></tr>
</table>
</td></tr>
<tr><td>
<table border="1">
<tr><td>
id</td><td>
42</td></tr>
</table>
</td></tr>
<tr><td>
<table border="1">
<tr><td>
quality</td><td>
beta</td></tr>
</table>
</td></tr>
<tr><td>
<table border="1">
<tr><td>
status</td><td>
Pending</td></tr>
</table>
</td></tr>
<tr><td>
<table border="1">
<tr><td>
timeInMs</td><td>
0</td></tr>
</table>
</td></tr>
<tr><td>
<table border="1">
<tr><td>
reqCount</td><td>
0</td></tr>
</table>
</td></tr>
<tr><td>
<table border="1">
<tr><td>
alertCount</td><td>
0</td></tr>
</table>
</td></tr>
</table>
</td></tr>
<tr><td>
<h2>Plugin</h2>
<table border="1">
<tr><td>
<table border="1">
<tr><td>
name</td><td>
Relative Path Confusion</td></tr>
</table>
</td></tr>
<tr><td>
<table border="1">
<tr><td>
id</td><td>
10051</td></tr>
</table>
</td></tr>
<tr><td>
<table border="1">
<tr><td>
quality</td><td>
beta</td></tr>
</table>
</td></tr>
<tr><td>
<table border="1">
<tr><td>
status</td><td>
Pending</td></tr>
</table>
</td></tr>
<tr><td>
<table border="1">
<tr><td>
timeInMs</td><td>
0</td></tr>
</table>
</td></tr>
<tr><td>
<table border="1">
<tr><td>
reqCount</td><td>
0</td></tr>
</table>
</td></tr>
<tr><td>
<table border="1">
<tr><td>
alertCount</td><td>
0</td></tr>
</table>
</td></tr>
</table>
</td></tr>
<tr><td>
<h2>Plugin</h2>
<table border="1">
<tr><td>
<table border="1">
<tr><td>
name</td><td>
Divulgaci&oacute;n del archivo de respaldo</td></tr>
</table>
</td></tr>
<tr><td>
<table border="1">
<tr><td>
id</td><td>
10095</td></tr>
</table>
</td></tr>
<tr><td>
<table border="1">
<tr><td>
quality</td><td>
beta</td></tr>
</table>
</td></tr>
<tr><td>
<table border="1">
<tr><td>
status</td><td>
Pending</td></tr>
</table>
</td></tr>
<tr><td>
<table border="1">
<tr><td>
timeInMs</td><td>
0</td></tr>
</table>
</td></tr>
<tr><td>
<table border="1">
<tr><td>
reqCount</td><td>
0</td></tr>
</table>
</td></tr>
<tr><td>
<table border="1">
<tr><td>
alertCount</td><td>
0</td></tr>
</table>
</td></tr>
</table>
</td></tr>
<tr><td>
<h2>Plugin</h2>
<table border="1">
<tr><td>
<table border="1">
<tr><td>
name</td><td>
HTTP Only Site</td></tr>
</table>
</td></tr>
<tr><td>
<table border="1">
<tr><td>
id</td><td>
10106</td></tr>
</table>
</td></tr>
<tr><td>
<table border="1">
<tr><td>
quality</td><td>
beta</td></tr>
</table>
</td></tr>
<tr><td>
<table border="1">
<tr><td>
status</td><td>
Pending</td></tr>
</table>
</td></tr>
<tr><td>
<table border="1">
<tr><td>
timeInMs</td><td>
0</td></tr>
</table>
</td></tr>
<tr><td>
<table border="1">
<tr><td>
reqCount</td><td>
0</td></tr>
</table>
</td></tr>
<tr><td>
<table border="1">
<tr><td>
alertCount</td><td>
0</td></tr>
</table>
</td></tr>
</table>
</td></tr>
<tr><td>
<h2>Plugin</h2>
<table border="1">
<tr><td>
<table border="1">
<tr><td>
name</td><td>
Anti-CSRF Tokens Check</td></tr>
</table>
</td></tr>
<tr><td>
<table border="1">
<tr><td>
id</td><td>
20012</td></tr>
</table>
</td></tr>
<tr><td>
<table border="1">
<tr><td>
quality</td><td>
beta</td></tr>
</table>
</td></tr>
<tr><td>
<table border="1">
<tr><td>
status</td><td>
Pending</td></tr>
</table>
</td></tr>
<tr><td>
<table border="1">
<tr><td>
timeInMs</td><td>
0</td></tr>
</table>
</td></tr>
<tr><td>
<table border="1">
<tr><td>
reqCount</td><td>
0</td></tr>
</table>
</td></tr>
<tr><td>
<table border="1">
<tr><td>
alertCount</td><td>
0</td></tr>
</table>
</td></tr>
</table>
</td></tr>
<tr><td>
<h2>Plugin</h2>
<table border="1">
<tr><td>
<table border="1">
<tr><td>
name</td><td>
Falla de desbordamiento de enteros</td></tr>
</table>
</td></tr>
<tr><td>
<table border="1">
<tr><td>
id</td><td>
30003</td></tr>
</table>
</td></tr>
<tr><td>
<table border="1">
<tr><td>
quality</td><td>
beta</td></tr>
</table>
</td></tr>
<tr><td>
<table border="1">
<tr><td>
status</td><td>
Pending</td></tr>
</table>
</td></tr>
<tr><td>
<table border="1">
<tr><td>
timeInMs</td><td>
0</td></tr>
</table>
</td></tr>
<tr><td>
<table border="1">
<tr><td>
reqCount</td><td>
0</td></tr>
</table>
</td></tr>
<tr><td>
<table border="1">
<tr><td>
alertCount</td><td>
0</td></tr>
</table>
</td></tr>
</table>
</td></tr>
<tr><td>
<h2>Plugin</h2>
<table border="1">
<tr><td>
<table border="1">
<tr><td>
name</td><td>
Proxy Disclosure</td></tr>
</table>
</td></tr>
<tr><td>
<table border="1">
<tr><td>
id</td><td>
40025</td></tr>
</table>
</td></tr>
<tr><td>
<table border="1">
<tr><td>
quality</td><td>
beta</td></tr>
</table>
</td></tr>
<tr><td>
<table border="1">
<tr><td>
status</td><td>
Pending</td></tr>
</table>
</td></tr>
<tr><td>
<table border="1">
<tr><td>
timeInMs</td><td>
0</td></tr>
</table>
</td></tr>
<tr><td>
<table border="1">
<tr><td>
reqCount</td><td>
0</td></tr>
</table>
</td></tr>
<tr><td>
<table border="1">
<tr><td>
alertCount</td><td>
0</td></tr>
</table>
</td></tr>
</table>
</td></tr>
<tr><td>
<h2>Plugin</h2>
<table border="1">
<tr><td>
<table border="1">
<tr><td>
name</td><td>
Trace.axd Information Leak</td></tr>
</table>
</td></tr>
<tr><td>
<table border="1">
<tr><td>
id</td><td>
40029</td></tr>
</table>
</td></tr>
<tr><td>
<table border="1">
<tr><td>
quality</td><td>
beta</td></tr>
</table>
</td></tr>
<tr><td>
<table border="1">
<tr><td>
status</td><td>
Pending</td></tr>
</table>
</td></tr>
<tr><td>
<table border="1">
<tr><td>
timeInMs</td><td>
0</td></tr>
</table>
</td></tr>
<tr><td>
<table border="1">
<tr><td>
reqCount</td><td>
0</td></tr>
</table>
</td></tr>
<tr><td>
<table border="1">
<tr><td>
alertCount</td><td>
0</td></tr>
</table>
</td></tr>
</table>
</td></tr>
<tr><td>
<h2>Plugin</h2>
<table border="1">
<tr><td>
<table border="1">
<tr><td>
name</td><td>
.env Information Leak</td></tr>
</table>
</td></tr>
<tr><td>
<table border="1">
<tr><td>
id</td><td>
40034</td></tr>
</table>
</td></tr>
<tr><td>
<table border="1">
<tr><td>
quality</td><td>
beta</td></tr>
</table>
</td></tr>
<tr><td>
<table border="1">
<tr><td>
status</td><td>
Pending</td></tr>
</table>
</td></tr>
<tr><td>
<table border="1">
<tr><td>
timeInMs</td><td>
0</td></tr>
</table>
</td></tr>
<tr><td>
<table border="1">
<tr><td>
reqCount</td><td>
0</td></tr>
</table>
</td></tr>
<tr><td>
<table border="1">
<tr><td>
alertCount</td><td>
0</td></tr>
</table>
</td></tr>
</table>
</td></tr>
<tr><td>
<h2>Plugin</h2>
<table border="1">
<tr><td>
<table border="1">
<tr><td>
name</td><td>
Hidden File Finder</td></tr>
</table>
</td></tr>
<tr><td>
<table border="1">
<tr><td>
id</td><td>
40035</td></tr>
</table>
</td></tr>
<tr><td>
<table border="1">
<tr><td>
quality</td><td>
beta</td></tr>
</table>
</td></tr>
<tr><td>
<table border="1">
<tr><td>
status</td><td>
Pending</td></tr>
</table>
</td></tr>
<tr><td>
<table border="1">
<tr><td>
timeInMs</td><td>
0</td></tr>
</table>
</td></tr>
<tr><td>
<table border="1">
<tr><td>
reqCount</td><td>
0</td></tr>
</table>
</td></tr>
<tr><td>
<table border="1">
<tr><td>
alertCount</td><td>
0</td></tr>
</table>
</td></tr>
</table>
</td></tr>
<tr><td>
<h2>Plugin</h2>
<table border="1">
<tr><td>
<table border="1">
<tr><td>
name</td><td>
XSLT Injection</td></tr>
</table>
</td></tr>
<tr><td>
<table border="1">
<tr><td>
id</td><td>
90017</td></tr>
</table>
</td></tr>
<tr><td>
<table border="1">
<tr><td>
quality</td><td>
beta</td></tr>
</table>
</td></tr>
<tr><td>
<table border="1">
<tr><td>
status</td><td>
Pending</td></tr>
</table>
</td></tr>
<tr><td>
<table border="1">
<tr><td>
timeInMs</td><td>
0</td></tr>
</table>
</td></tr>
<tr><td>
<table border="1">
<tr><td>
reqCount</td><td>
0</td></tr>
</table>
</td></tr>
<tr><td>
<table border="1">
<tr><td>
alertCount</td><td>
0</td></tr>
</table>
</td></tr>
</table>
</td></tr>
<tr><td>
<h2>Plugin</h2>
<table border="1">
<tr><td>
<table border="1">
<tr><td>
name</td><td>
M&eacute;todo HTTP inseguro</td></tr>
</table>
</td></tr>
<tr><td>
<table border="1">
<tr><td>
id</td><td>
90028</td></tr>
</table>
</td></tr>
<tr><td>
<table border="1">
<tr><td>
quality</td><td>
beta</td></tr>
</table>
</td></tr>
<tr><td>
<table border="1">
<tr><td>
status</td><td>
Pending</td></tr>
</table>
</td></tr>
<tr><td>
<table border="1">
<tr><td>
timeInMs</td><td>
0</td></tr>
</table>
</td></tr>
<tr><td>
<table border="1">
<tr><td>
reqCount</td><td>
0</td></tr>
</table>
</td></tr>
<tr><td>
<table border="1">
<tr><td>
alertCount</td><td>
0</td></tr>
</table>
</td></tr>
</table>
</td></tr>
<tr><td>
<h2>Plugin</h2>
<table border="1">
<tr><td>
<table border="1">
<tr><td>
name</td><td>
HTTPS Content Available via HTTP</td></tr>
</table>
</td></tr>
<tr><td>
<table border="1">
<tr><td>
id</td><td>
10047</td></tr>
</table>
</td></tr>
<tr><td>
<table border="1">
<tr><td>
quality</td><td>
beta</td></tr>
</table>
</td></tr>
<tr><td>
<table border="1">
<tr><td>
status</td><td>
Pending</td></tr>
</table>
</td></tr>
<tr><td>
<table border="1">
<tr><td>
timeInMs</td><td>
0</td></tr>
</table>
</td></tr>
<tr><td>
<table border="1">
<tr><td>
reqCount</td><td>
0</td></tr>
</table>
</td></tr>
<tr><td>
<table border="1">
<tr><td>
alertCount</td><td>
0</td></tr>
</table>
</td></tr>
</table>
</td></tr>
<tr><td>
<h2>Plugin</h2>
<table border="1">
<tr><td>
<table border="1">
<tr><td>
name</td><td>
GET for POST</td></tr>
</table>
</td></tr>
<tr><td>
<table border="1">
<tr><td>
id</td><td>
10058</td></tr>
</table>
</td></tr>
<tr><td>
<table border="1">
<tr><td>
quality</td><td>
beta</td></tr>
</table>
</td></tr>
<tr><td>
<table border="1">
<tr><td>
status</td><td>
Pending</td></tr>
</table>
</td></tr>
<tr><td>
<table border="1">
<tr><td>
timeInMs</td><td>
0</td></tr>
</table>
</td></tr>
<tr><td>
<table border="1">
<tr><td>
reqCount</td><td>
0</td></tr>
</table>
</td></tr>
<tr><td>
<table border="1">
<tr><td>
alertCount</td><td>
0</td></tr>
</table>
</td></tr>
</table>
</td></tr>
<tr><td>
<h2>Plugin</h2>
<table border="1">
<tr><td>
<table border="1">
<tr><td>
name</td><td>
User Agent Fuzzer</td></tr>
</table>
</td></tr>
<tr><td>
<table border="1">
<tr><td>
id</td><td>
10104</td></tr>
</table>
</td></tr>
<tr><td>
<table border="1">
<tr><td>
quality</td><td>
beta</td></tr>
</table>
</td></tr>
<tr><td>
<table border="1">
<tr><td>
status</td><td>
Pending</td></tr>
</table>
</td></tr>
<tr><td>
<table border="1">
<tr><td>
timeInMs</td><td>
0</td></tr>
</table>
</td></tr>
<tr><td>
<table border="1">
<tr><td>
reqCount</td><td>
0</td></tr>
</table>
</td></tr>
<tr><td>
<table border="1">
<tr><td>
alertCount</td><td>
0</td></tr>
</table>
</td></tr>
</table>
</td></tr>
<tr><td>
<h2>Plugin</h2>
<table border="1">
<tr><td>
<table border="1">
<tr><td>
name</td><td>
Infecci&oacute;n de los par&aacute;metros HTTP</td></tr>
</table>
</td></tr>
<tr><td>
<table border="1">
<tr><td>
id</td><td>
20014</td></tr>
</table>
</td></tr>
<tr><td>
<table border="1">
<tr><td>
quality</td><td>
beta</td></tr>
</table>
</td></tr>
<tr><td>
<table border="1">
<tr><td>
status</td><td>
Pending</td></tr>
</table>
</td></tr>
<tr><td>
<table border="1">
<tr><td>
timeInMs</td><td>
0</td></tr>
</table>
</td></tr>
<tr><td>
<table border="1">
<tr><td>
reqCount</td><td>
0</td></tr>
</table>
</td></tr>
<tr><td>
<table border="1">
<tr><td>
alertCount</td><td>
0</td></tr>
</table>
</td></tr>
</table>
</td></tr>
<tr><td>
<h2>Plugin</h2>
<table border="1">
<tr><td>
<table border="1">
<tr><td>
name</td><td>
Posible enumeraci&oacute;n de nombre de usuario</td></tr>
</table>
</td></tr>
<tr><td>
<table border="1">
<tr><td>
id</td><td>
40023</td></tr>
</table>
</td></tr>
<tr><td>
<table border="1">
<tr><td>
quality</td><td>
beta</td></tr>
</table>
</td></tr>
<tr><td>
<table border="1">
<tr><td>
status</td><td>
Pending</td></tr>
</table>
</td></tr>
<tr><td>
<table border="1">
<tr><td>
timeInMs</td><td>
0</td></tr>
</table>
</td></tr>
<tr><td>
<table border="1">
<tr><td>
reqCount</td><td>
0</td></tr>
</table>
</td></tr>
<tr><td>
<table border="1">
<tr><td>
alertCount</td><td>
0</td></tr>
</table>
</td></tr>
</table>
</td></tr>
<tr><td>
<h2>Plugin</h2>
<table border="1">
<tr><td>
<table border="1">
<tr><td>
name</td><td>
Cookie Slack Detector</td></tr>
</table>
</td></tr>
<tr><td>
<table border="1">
<tr><td>
id</td><td>
90027</td></tr>
</table>
</td></tr>
<tr><td>
<table border="1">
<tr><td>
quality</td><td>
beta</td></tr>
</table>
</td></tr>
<tr><td>
<table border="1">
<tr><td>
status</td><td>
Pending</td></tr>
</table>
</td></tr>
<tr><td>
<table border="1">
<tr><td>
timeInMs</td><td>
0</td></tr>
</table>
</td></tr>
<tr><td>
<table border="1">
<tr><td>
reqCount</td><td>
0</td></tr>
</table>
</td></tr>
<tr><td>
<table border="1">
<tr><td>
alertCount</td><td>
0</td></tr>
</table>
</td></tr>
</table>
</td></tr>
<tr><td>
<h2>Plugin</h2>
<table border="1">
<tr><td>
<table border="1">
<tr><td>
name</td><td>
Inyecci&oacute;n LDAP</td></tr>
</table>
</td></tr>
<tr><td>
<table border="1">
<tr><td>
id</td><td>
40015</td></tr>
</table>
</td></tr>
<tr><td>
<table border="1">
<tr><td>
quality</td><td>
alpha</td></tr>
</table>
</td></tr>
<tr><td>
<table border="1">
<tr><td>
status</td><td>
Pending</td></tr>
</table>
</td></tr>
<tr><td>
<table border="1">
<tr><td>
timeInMs</td><td>
0</td></tr>
</table>
</td></tr>
<tr><td>
<table border="1">
<tr><td>
reqCount</td><td>
0</td></tr>
</table>
</td></tr>
<tr><td>
<table border="1">
<tr><td>
alertCount</td><td>
0</td></tr>
</table>
</td></tr>
</table>
</td></tr>
<tr><td>
<h2>Plugin</h2>
<table border="1">
<tr><td>
<table border="1">
<tr><td>
name</td><td>
Out of Band XSS</td></tr>
</table>
</td></tr>
<tr><td>
<table border="1">
<tr><td>
id</td><td>
40031</td></tr>
</table>
</td></tr>
<tr><td>
<table border="1">
<tr><td>
quality</td><td>
alpha</td></tr>
</table>
</td></tr>
<tr><td>
<table border="1">
<tr><td>
status</td><td>
Pending</td></tr>
</table>
</td></tr>
<tr><td>
<table border="1">
<tr><td>
timeInMs</td><td>
0</td></tr>
</table>
</td></tr>
<tr><td>
<table border="1">
<tr><td>
reqCount</td><td>
0</td></tr>
</table>
</td></tr>
<tr><td>
<table border="1">
<tr><td>
alertCount</td><td>
0</td></tr>
</table>
</td></tr>
</table>
</td></tr>
<tr><td>
<h2>Plugin</h2>
<table border="1">
<tr><td>
<table border="1">
<tr><td>
name</td><td>
NoSQL Injection - MongoDB</td></tr>
</table>
</td></tr>
<tr><td>
<table border="1">
<tr><td>
id</td><td>
40033</td></tr>
</table>
</td></tr>
<tr><td>
<table border="1">
<tr><td>
quality</td><td>
alpha</td></tr>
</table>
</td></tr>
<tr><td>
<table border="1">
<tr><td>
status</td><td>
Pending</td></tr>
</table>
</td></tr>
<tr><td>
<table border="1">
<tr><td>
timeInMs</td><td>
0</td></tr>
</table>
</td></tr>
<tr><td>
<table border="1">
<tr><td>
reqCount</td><td>
0</td></tr>
</table>
</td></tr>
<tr><td>
<table border="1">
<tr><td>
alertCount</td><td>
0</td></tr>
</table>
</td></tr>
</table>
</td></tr>
<tr><td>
<h2>Plugin</h2>
<table border="1">
<tr><td>
<table border="1">
<tr><td>
name</td><td>
Log4Shell</td></tr>
</table>
</td></tr>
<tr><td>
<table border="1">
<tr><td>
id</td><td>
40043</td></tr>
</table>
</td></tr>
<tr><td>
<table border="1">
<tr><td>
quality</td><td>
alpha</td></tr>
</table>
</td></tr>
<tr><td>
<table border="1">
<tr><td>
status</td><td>
Pending</td></tr>
</table>
</td></tr>
<tr><td>
<table border="1">
<tr><td>
timeInMs</td><td>
0</td></tr>
</table>
</td></tr>
<tr><td>
<table border="1">
<tr><td>
reqCount</td><td>
0</td></tr>
</table>
</td></tr>
<tr><td>
<table border="1">
<tr><td>
alertCount</td><td>
0</td></tr>
</table>
</td></tr>
</table>
</td></tr>
<tr><td>
<h2>Plugin</h2>
<table border="1">
<tr><td>
<table border="1">
<tr><td>
name</td><td>
Spring4Shell</td></tr>
</table>
</td></tr>
<tr><td>
<table border="1">
<tr><td>
id</td><td>
40045</td></tr>
</table>
</td></tr>
<tr><td>
<table border="1">
<tr><td>
quality</td><td>
alpha</td></tr>
</table>
</td></tr>
<tr><td>
<table border="1">
<tr><td>
status</td><td>
Pending</td></tr>
</table>
</td></tr>
<tr><td>
<table border="1">
<tr><td>
timeInMs</td><td>
0</td></tr>
</table>
</td></tr>
<tr><td>
<table border="1">
<tr><td>
reqCount</td><td>
0</td></tr>
</table>
</td></tr>
<tr><td>
<table border="1">
<tr><td>
alertCount</td><td>
0</td></tr>
</table>
</td></tr>
</table>
</td></tr>
<tr><td>
<h2>Plugin</h2>
<table border="1">
<tr><td>
<table border="1">
<tr><td>
name</td><td>
Example Active Scan Rule: Denegaci&oacute;n de Servicio</td></tr>
</table>
</td></tr>
<tr><td>
<table border="1">
<tr><td>
id</td><td>
60100</td></tr>
</table>
</td></tr>
<tr><td>
<table border="1">
<tr><td>
quality</td><td>
alpha</td></tr>
</table>
</td></tr>
<tr><td>
<table border="1">
<tr><td>
status</td><td>
Pending</td></tr>
</table>
</td></tr>
<tr><td>
<table border="1">
<tr><td>
timeInMs</td><td>
0</td></tr>
</table>
</td></tr>
<tr><td>
<table border="1">
<tr><td>
reqCount</td><td>
0</td></tr>
</table>
</td></tr>
<tr><td>
<table border="1">
<tr><td>
alertCount</td><td>
0</td></tr>
</table>
</td></tr>
</table>
</td></tr>
<tr><td>
<h2>Plugin</h2>
<table border="1">
<tr><td>
<table border="1">
<tr><td>
name</td><td>
Un ejemplo regla de lectura activa que carga datos desde un archivo</td></tr>
</table>
</td></tr>
<tr><td>
<table border="1">
<tr><td>
id</td><td>
60101</td></tr>
</table>
</td></tr>
<tr><td>
<table border="1">
<tr><td>
quality</td><td>
alpha</td></tr>
</table>
</td></tr>
<tr><td>
<table border="1">
<tr><td>
status</td><td>
Pending</td></tr>
</table>
</td></tr>
<tr><td>
<table border="1">
<tr><td>
timeInMs</td><td>
0</td></tr>
</table>
</td></tr>
<tr><td>
<table border="1">
<tr><td>
reqCount</td><td>
0</td></tr>
</table>
</td></tr>
<tr><td>
<table border="1">
<tr><td>
alertCount</td><td>
0</td></tr>
</table>
</td></tr>
</table>
</td></tr>
<tr><td>
<h2>Plugin</h2>
<table border="1">
<tr><td>
<table border="1">
<tr><td>
name</td><td>
SOAP Action Spoofing</td></tr>
</table>
</td></tr>
<tr><td>
<table border="1">
<tr><td>
id</td><td>
90026</td></tr>
</table>
</td></tr>
<tr><td>
<table border="1">
<tr><td>
quality</td><td>
alpha</td></tr>
</table>
</td></tr>
<tr><td>
<table border="1">
<tr><td>
status</td><td>
Pending</td></tr>
</table>
</td></tr>
<tr><td>
<table border="1">
<tr><td>
timeInMs</td><td>
0</td></tr>
</table>
</td></tr>
<tr><td>
<table border="1">
<tr><td>
reqCount</td><td>
0</td></tr>
</table>
</td></tr>
<tr><td>
<table border="1">
<tr><td>
alertCount</td><td>
0</td></tr>
</table>
</td></tr>
</table>
</td></tr>
<tr><td>
<h2>Plugin</h2>
<table border="1">
<tr><td>
<table border="1">
<tr><td>
name</td><td>
SOAP XML Injection</td></tr>
</table>
</td></tr>
<tr><td>
<table border="1">
<tr><td>
id</td><td>
90029</td></tr>
</table>
</td></tr>
<tr><td>
<table border="1">
<tr><td>
quality</td><td>
alpha</td></tr>
</table>
</td></tr>
<tr><td>
<table border="1">
<tr><td>
status</td><td>
Pending</td></tr>
</table>
</td></tr>
<tr><td>
<table border="1">
<tr><td>
timeInMs</td><td>
0</td></tr>
</table>
</td></tr>
<tr><td>
<table border="1">
<tr><td>
reqCount</td><td>
0</td></tr>
</table>
</td></tr>
<tr><td>
<table border="1">
<tr><td>
alertCount</td><td>
0</td></tr>
</table>
</td></tr>
</table>
</td></tr>
<tr><td>
<h2>Plugin</h2>
<table border="1">
<tr><td>
<table border="1">
<tr><td>
name</td><td>
Server Side Template Injection</td></tr>
</table>
</td></tr>
<tr><td>
<table border="1">
<tr><td>
id</td><td>
90035</td></tr>
</table>
</td></tr>
<tr><td>
<table border="1">
<tr><td>
quality</td><td>
alpha</td></tr>
</table>
</td></tr>
<tr><td>
<table border="1">
<tr><td>
status</td><td>
Pending</td></tr>
</table>
</td></tr>
<tr><td>
<table border="1">
<tr><td>
timeInMs</td><td>
0</td></tr>
</table>
</td></tr>
<tr><td>
<table border="1">
<tr><td>
reqCount</td><td>
0</td></tr>
</table>
</td></tr>
<tr><td>
<table border="1">
<tr><td>
alertCount</td><td>
0</td></tr>
</table>
</td></tr>
</table>
</td></tr>
<tr><td>
<h2>Plugin</h2>
<table border="1">
<tr><td>
<table border="1">
<tr><td>
name</td><td>
Server Side Template Injection (Blind)</td></tr>
</table>
</td></tr>
<tr><td>
<table border="1">
<tr><td>
id</td><td>
90036</td></tr>
</table>
</td></tr>
<tr><td>
<table border="1">
<tr><td>
quality</td><td>
alpha</td></tr>
</table>
</td></tr>
<tr><td>
<table border="1">
<tr><td>
status</td><td>
Pending</td></tr>
</table>
</td></tr>
<tr><td>
<table border="1">
<tr><td>
timeInMs</td><td>
0</td></tr>
</table>
</td></tr>
<tr><td>
<table border="1">
<tr><td>
reqCount</td><td>
0</td></tr>
</table>
</td></tr>
<tr><td>
<table border="1">
<tr><td>
alertCount</td><td>
0</td></tr>
</table>
</td></tr>
</table>
</td></tr>
<tr><td>
<h2>Plugin</h2>
<table border="1">
<tr><td>
<table border="1">
<tr><td>
name</td><td>
Bypassing 403</td></tr>
</table>
</td></tr>
<tr><td>
<table border="1">
<tr><td>
id</td><td>
40038</td></tr>
</table>
</td></tr>
<tr><td>
<table border="1">
<tr><td>
quality</td><td>
alpha</td></tr>
</table>
</td></tr>
<tr><td>
<table border="1">
<tr><td>
status</td><td>
Pending</td></tr>
</table>
</td></tr>
<tr><td>
<table border="1">
<tr><td>
timeInMs</td><td>
0</td></tr>
</table>
</td></tr>
<tr><td>
<table border="1">
<tr><td>
reqCount</td><td>
0</td></tr>
</table>
</td></tr>
<tr><td>
<table border="1">
<tr><td>
alertCount</td><td>
0</td></tr>
</table>
</td></tr>
</table>
</td></tr>
<tr><td>
<h2>Plugin</h2>
<table border="1">
<tr><td>
<table border="1">
<tr><td>
name</td><td>
Web Cache Deception</td></tr>
</table>
</td></tr>
<tr><td>
<table border="1">
<tr><td>
id</td><td>
40039</td></tr>
</table>
</td></tr>
<tr><td>
<table border="1">
<tr><td>
quality</td><td>
alpha</td></tr>
</table>
</td></tr>
<tr><td>
<table border="1">
<tr><td>
status</td><td>
Pending</td></tr>
</table>
</td></tr>
<tr><td>
<table border="1">
<tr><td>
timeInMs</td><td>
0</td></tr>
</table>
</td></tr>
<tr><td>
<table border="1">
<tr><td>
reqCount</td><td>
0</td></tr>
</table>
</td></tr>
<tr><td>
<table border="1">
<tr><td>
alertCount</td><td>
0</td></tr>
</table>
</td></tr>
</table>
</td></tr>
<tr><td>
<h2>Plugin</h2>
<table border="1">
<tr><td>
<table border="1">
<tr><td>
name</td><td>
CORS Header</td></tr>
</table>
</td></tr>
<tr><td>
<table border="1">
<tr><td>
id</td><td>
40040</td></tr>
</table>
</td></tr>
<tr><td>
<table border="1">
<tr><td>
quality</td><td>
alpha</td></tr>
</table>
</td></tr>
<tr><td>
<table border="1">
<tr><td>
status</td><td>
Pending</td></tr>
</table>
</td></tr>
<tr><td>
<table border="1">
<tr><td>
timeInMs</td><td>
0</td></tr>
</table>
</td></tr>
<tr><td>
<table border="1">
<tr><td>
reqCount</td><td>
0</td></tr>
</table>
</td></tr>
<tr><td>
<table border="1">
<tr><td>
alertCount</td><td>
0</td></tr>
</table>
</td></tr>
</table>
</td></tr>
<tr><td>
<h2>Plugin</h2>
<table border="1">
<tr><td>
<table border="1">
<tr><td>
name</td><td>
Spring Actuator Information Leak</td></tr>
</table>
</td></tr>
<tr><td>
<table border="1">
<tr><td>
id</td><td>
40042</td></tr>
</table>
</td></tr>
<tr><td>
<table border="1">
<tr><td>
quality</td><td>
alpha</td></tr>
</table>
</td></tr>
<tr><td>
<table border="1">
<tr><td>
status</td><td>
Pending</td></tr>
</table>
</td></tr>
<tr><td>
<table border="1">
<tr><td>
timeInMs</td><td>
0</td></tr>
</table>
</td></tr>
<tr><td>
<table border="1">
<tr><td>
reqCount</td><td>
0</td></tr>
</table>
</td></tr>
<tr><td>
<table border="1">
<tr><td>
alertCount</td><td>
0</td></tr>
</table>
</td></tr>
</table>
</td></tr>
<tr><td>
<h2>Plugin</h2>
<table border="1">
<tr><td>
<table border="1">
<tr><td>
name</td><td>
Exponential Entity Expansion (Billion Laughs Attack)</td></tr>
</table>
</td></tr>
<tr><td>
<table border="1">
<tr><td>
id</td><td>
40044</td></tr>
</table>
</td></tr>
<tr><td>
<table border="1">
<tr><td>
quality</td><td>
alpha</td></tr>
</table>
</td></tr>
<tr><td>
<table border="1">
<tr><td>
status</td><td>
Pending</td></tr>
</table>
</td></tr>
<tr><td>
<table border="1">
<tr><td>
timeInMs</td><td>
0</td></tr>
</table>
</td></tr>
<tr><td>
<table border="1">
<tr><td>
reqCount</td><td>
0</td></tr>
</table>
</td></tr>
<tr><td>
<table border="1">
<tr><td>
alertCount</td><td>
0</td></tr>
</table>
</td></tr>
</table>
</td></tr>
</table>
</td></tr>
</table>
</body>

GET request: http://127.0.0.1:8080/OTHER/core/other/htmlreport/?
request body: 
response code: 200
response body: <!DOCTYPE html>
<html>
<head>
<META http-equiv="Content-Type" content="text/html; charset=UTF-8" />
<title>ZAP Scanning Report</title>
<style type="text/css">
body {
	font-family: "Helvetica Neue", Helvetica, Arial, sans-serif;
	color: #000;
	font-size: 13px;
}

h1 {
	text-align: center;
	font-weight: bold;
	font-size: 32px
}

h3 {
	font-size: 16px;
}

table {
	border: none;
	font-size: 13px;
}

td, th {
	padding: 3px 4px;
	word-break: break-word;
}

th {
	font-weight: bold;
	background-color: #666666;
}

td {
	background-color: #e8e8e8;
}

.spacer {
	margin: 10px;
}

.spacer-lg {
	margin: 40px;
}

.indent1 {
	padding: 4px 20px;
}

.indent2 {
	padding: 4px 40px;
}

.risk-3 {
	background-color: red;
	color: #FFF;
}

.risk-2 {
	background-color: orange;
	color: #FFF;
}

.risk-1 {
	background-color: yellow;
	color: #000;
}

.risk-0 {
	background-color: blue;
	color: #FFF;
}

.risk--1 {
	background-color: green;
	color: #FFF;
}

.summary {
	width: 45%;
}

.summary th {
	color: #FFF;
}

.alerts {
	width: 75%;
}

.alerts th {
	color: #FFF;
}

.results {
	width: 100%;
}

.results th {
	text-align: left;
}

.left-header {
	display: inline-block;
}
</style>
</head>
<body>
	<h1>
		<!-- The ZAP Logo -->
		<img
			src="data:image/png;base64,iVBORw0KGgoAAAANSUhEUgAAACAAAAAgCAYAAABzenr0AAAABmJLR0QA/wD/AP+gvaeTAAAACXBIWXMAABqbAAAamwHdbkbTAAAAB3RJTUUH4QsKDDQPKy6k8AAABxpJREFUWMO9l31sVWcdxz+/55xzbwt9QddJExClvIzNxTKJDZi22oJSbFZpmRb4g8sfhpEIwXQNTKh0NYgiMKIwo5AsdIxdQldGNBN5W2OTFRVcIZE1YwExcXOdc1DK+nLvOc/PP87tC9CWsj98bp6ck3Ofc57v7+37/T3wYGMucBR4F/gK/8exAugAdPXq1bpx40YFekZdHYuP+8PuGP+lAc8CmzIyMtLq6uqora3FcRwAzp49m/7Wv5O95tsNEfyEKvwH9B1V2hT7GnB+PABkhGePAvVA9dy5c6mvr2fp0qX3LOru7iYrK4toSQ1OXhGKohpOiyVQe0NVn9PGFb8iFofGFSMCMMPulwEXgbdXrlxZ3dHRQXt7+4ibA2RmZtLc3Ex/y/O4fg8RMUSMS8RxiRiPqPE+4xrnl07syA3Q+aN5wADlwO1oNPpqQ0NDfl9fH4cPH2bOnDn3dV9VVRWVlVV88vsteNF0XCO4xuA6Bs9xiBgPz/EmueKcIxavHyk/BPjnli1bpm3btu1TZ2hmxkTk8aeYMK8aay1WFVWwqgSqBDYgqQFJGxygccWa4e86IhJpbW39Zk5ODgUFBZ8KwOLFZeyr/wHZs0vw0jMxIqFpAuFt+EOYZ/OrAi41t96dhF8HThcWFnpnzpwhGo0+MIhnamvZs+8AM55uIhn4+Cnrkza8Wqv4NiBhfXwNCgxy3jauuKMKPOCPrpHSU2fOUlJS8sAg8qZP50bGY0xeuIFk4JO0SnIYiMAqSRuQDPyPgsbqh++ugqSsPXGC+WsoLS1lzZqnHxhA40svcfPvfyDNjRARwTOCJ+E0IjgiOGIwRnIkFl97NwBMX9dPvEfLSC+t5cCB/eTk5Ix78ylTplBcXMxDjy3EweIZISKSqoxwcyOCYwRXHETkuSEAsTjE4kVGTLrjpdP7p33U1NTQ2dk5bgCbN28Ow7BoA8YmcVOWR1KWuyKIgEEwYjBiJhN75Ushr15qRp747g9dcRZ4RtCuf3HhdBMlpQuZNm3auAAUFBRw+fJlWl/dy9SCaqwGIBIyJGBTUwemWqzy/mAIRPmaEUGsJeNbz+IVfJ+ioiI2bNgwbi80NTUxJWciV47/GM9Lwwg4CA6CSblbBqYYRPjqEACRR8JaVcRPkPHlJ5m66kX27W8kL2/6uMPR3t7Ox+++yQcXjmLEIEYQA8YIkuIHSYVDkBnDk3DSEDwAi5c5mUfWNtGVPovc3FwOHTp0XwDZ2dm0nTvH9Td+zSedVxDVkIQAEQ1BoIgKCpnmflqpQcAXyjYxo6KeVatWUVZWRiKRGPO1+fPns2vXLjoOr7uvFA8HcHMoQ8IHmkqOINnH1d81kJeXR0VFRcqKkUcQBLS0tHD79u2QXHq7UmkIqgKqoIKKAnQPNiSqXFG0QFVCXbcGK4pVIdnTBcDOnTupqqoa06q2tjZKS0uZ8LmZzKiox5nwWXzfx9qBfmGgCkDRa4MeUNE3repg2QSEiwMFk5nDF8vrWLZsGTNnzqS9vX1UAEVFRezYsYOeD68y8fNPEFifAL2rDAfBnJdhGv0NzzgtoYYbHGOICkSMIWKEqBE8x+X91v18cKGJyspKDh48SFZW1ohAlixZQstfLzM99iK9iQQJqySsxVfFDyz9Nolv/fw7gumsPtIbMZE0zxhcR3DFEDVCZIDTjeA5Drb3Jv84sYOu639j69atNDQ0jAgiN3cyPQ/NJXvhM/QnEwRW8dWSDAL6bbLTHlyee0cVWNWfBhpgVbEWfFUSqiSGqVoyCCCaxayndjKn+nm2736BzIyJHDt27B4AFy9eovvtU3R3nA5DkFJEXwNUtWHEptSsPtIXNW7UMy4mJSLeMA+4IrhCKC6A46XR+VYz772xj/z8fJqampg1a9bg906ePElZWRlZy3+DZuSGPUGQ/G/QuDznHjVMeaEyaS2+WqxVbMryxMDVKv0W+qzSr0pPoo/Mx8uZs/51rgdTmD17NrFYbJArFi9ezKZNm7h1dD1B4JO0PgG23KR6QxnlYLHXM846z7i4oX4P6vmA9Q6ENMsQZyiGxK1OPjr5M5Kd77B7925qamoAWLBgAX+59jFU7tmivy3fPvq5INXDSyx+3DXOd1xx8YzBiGBMKCIDwmKMDLEWEnoMUDdK37U2bp/6BQ9PSueV+BEWLVpEdnYW3be6f67wo7EOJoMgiMX3uuKs84zBEQcjghjBMCAmhF1niskGCMaiqFWs8ehrj+Off5nCwkK2b99OcXExwFTgvdEB3AmizIi85oqTNgDCSKrPFWV4DFRD/beqWLX4YUXdst0ffk+b168CVqZWpwN9YwO4Wzhi8c1GpM6ISTcYREJPMOSAQYZLHc1upY5meyjfBq/XAUwGbgL9Y4dgrBGLFwtSITAPkekCk1L73wS9qsoFxR6nceWfx/O5/wGLCSMJ+zJrfwAAAABJRU5ErkJggg=="
			alt="" />
		ZAP Scanning Report
	</h1>
	<p />
	

	<h2>
		
		
		Sites: https://analytic.rollout.io https://ws.todoist.com https://push.rollout.io https://conf.rollout.io https://statestore.rollout.io https://optimizationguide-pa.googleapis.com https://snippet.growsumo.com https://d3ptyyxy2at9ui.cloudfront.net https://p.adsymptotic.com https://ws35.hotjar.com https://www.linkedin.com https://in.hotjar.com https://analytics.google.com https://px.ads.linkedin.com https://script.hotjar.com https://www.facebook.com https://www.google.com https://www.google.com.pe https://vars.hotjar.com https://o476415.ingest.sentry.io https://grsm.io https://static.hotjar.com https://stats.g.doubleclick.net https://connect.facebook.net https://js.partnerstack.com https://snap.licdn.com https://www.google-analytics.com https://www.googletagmanager.com https://todoist.com https://accounts.google.com
	</h2>

	<h3>
		Generated on vie., 24 jun. 2022 22:30:51
	</h3>

	
		<h3 class="left-header">Summary of Alerts</h3>
		<table class="summary">
			<tr>
				<th width="45%"
					height="24">Nivel de riesgo</th>
				<th width="55%"
					align="center">Number of Alerts</th>
			</tr>
			<tr>
				<td class="risk-3">
					<div>Alto</div>
				</td>
				<td align="center">
					<div>0</div>
				</td>
			</tr>
			<tr>
				<td class="risk-2">
					<div>Medio</div>
				</td>
				<td align="center">
					<div>3</div>
				</td>
			</tr>
			<tr>
				<td class="risk-1">
					<div>Bajo</div>
				</td>
				<td align="center">
					<div>5</div>
				</td>
			</tr>
			<tr>
				<td class="risk-0">
					<div>Informativo</div>
				</td>
				<td align="center">
					<div>1</div>
				</td>
			</tr>
			<tr>
				<td class="risk--1">
					<div>				False Positives:</div>
				</td>
				<td align="center">
					<div>0</div>
				</td>
			</tr>
		</table>
		<div class="spacer-lg"></div>
	

	
		<h3>Alertas</h3>
		<table class="alerts">
			<tr>
				<th width="60%" height="24">Nombre</th>
				<th width="20%"
					align="center">Nivel de riesgo</th>
				<th width="20%"
					align="center">Number of Instances</th>
			</tr>
			<tr>
				<td><a href="#90022">Application Error Disclosure</a></td>
				<td align="center" class="risk-2">Medio</td>
				<td align="center">2</td>
			</tr>
			<tr>
				<td><a href="#10038">Content Security Policy (CSP) Header Not Set</a></td>
				<td align="center" class="risk-2">Medio</td>
				<td align="center">1</td>
			</tr>
			<tr>
				<td><a href="#10098">Desconfiguración de Dominio cruzado</a></td>
				<td align="center" class="risk-2">Medio</td>
				<td align="center">3</td>
			</tr>
			<tr>
				<td><a href="#10010">Cookie No HttpOnly Flag</a></td>
				<td align="center" class="risk-1">Bajo</td>
				<td align="center">2</td>
			</tr>
			<tr>
				<td><a href="#10011">Cookie Without Secure Flag</a></td>
				<td align="center" class="risk-1">Bajo</td>
				<td align="center">2</td>
			</tr>
			<tr>
				<td><a href="#10054">Cookie without SameSite Attribute</a></td>
				<td align="center" class="risk-1">Bajo</td>
				<td align="center">2</td>
			</tr>
			<tr>
				<td><a href="#10096">Divulgación de la marca de hora - Unix</a></td>
				<td align="center" class="risk-1">Bajo</td>
				<td align="center">93</td>
			</tr>
			<tr>
				<td><a href="#10021">X-Content-Type-Options Header Missing</a></td>
				<td align="center" class="risk-1">Bajo</td>
				<td align="center">19</td>
			</tr>
			<tr>
				<td><a href="#10027">Divulgación de información - Comentarios sospechosos</a></td>
				<td align="center" class="risk-0">Informativo</td>
				<td align="center">11</td>
			</tr>
		</table>
		<div class="spacer-lg"></div>
	

	
		<h3>Alert Detail</h3>
		
			<table class="results">
				<tr height="24">
					<th width="20%" class="risk-2"><a
						id="90022"></a>
						<div>Medio</div></th>
					<th class="risk-2">Application Error Disclosure</th>
				</tr>
				<tr>
					<td width="20%">Descripción</td>
					<td width="80%">
							<div>This page contains an error/warning message that may disclose sensitive information like the location of the file that produced the unhandled exception. This information can be used to launch further attacks against the web application. The alert could be a false positive if the error message is found inside a documentation page.</div>
							
						</td>
				</tr>
				<TR vAlign="top">
					<TD colspan="2"></TD>
				</TR>
				
					<tr>
						<td width="20%"
							class="indent1">URL</td>
						<td width="80%"><a href="https://todoist.com/_next/static/chunks/main-8821c5f692d5ea55.js">https://todoist.com/_next/static/chunks/main-8821c5f692d5ea55.js</a></td>
					</tr>
					<tr>
						<td width="20%"
							class="indent2">Método</td>
						<td width="80%">GET</td>
					</tr>
					<tr>
						<td width="20%"
							class="indent2">Parameter</td>
						<td width="80%"></td>
					</tr>
					<tr>
						<td width="20%"
							class="indent2">Atacar</td>
						<td width="80%"></td>
					</tr>
					<tr>
						<td width="20%"
							class="indent2">Evidence</td>
						<td width="80%">Internal Server Error</td>
					</tr>
				
					<tr>
						<td width="20%"
							class="indent1">URL</td>
						<td width="80%"><a href="https://todoist.com/_next/static/chunks/pages/_app-97b12c49b92dde1c.js">https://todoist.com/_next/static/chunks/pages/_app-97b12c49b92dde1c.js</a></td>
					</tr>
					<tr>
						<td width="20%"
							class="indent2">Método</td>
						<td width="80%">GET</td>
					</tr>
					<tr>
						<td width="20%"
							class="indent2">Parameter</td>
						<td width="80%"></td>
					</tr>
					<tr>
						<td width="20%"
							class="indent2">Atacar</td>
						<td width="80%"></td>
					</tr>
					<tr>
						<td width="20%"
							class="indent2">Evidence</td>
						<td width="80%">Internal Server Error</td>
					</tr>
				
				<tr>
					<td width="20%">Instances</td>
					<td width="80%">2</td>
				</tr>
				<tr>
					<td width="20%">Solution</td>
					<td width="80%">
							<div>Review the source code of this page. Implement custom error pages. Consider implementing a mechanism to provide a unique error reference/identifier to the client (browser) while logging the details on the server side and not exposing them to the user.</div>
							
						</td>
				</tr>
				<tr>
					<td width="20%">Reference</td>
					<td width="80%"></td>
				</tr>
				<tr>
					<td width="20%">CWE Id</td>
					<td width="80%"><a
						href="https://cwe.mitre.org/data/definitions/200.html">200</a></td>
				</tr>
				<tr>
					<td width="20%">WASC Id</td>
					<td width="80%">13</td>
				</tr>
				<tr>
					<td width="20%">Plugin Id</td>
					<td width="80%"><a
						href="https://www.zaproxy.org/docs/alerts/90022/">90022</a></td>
				</tr>
			</table>
			<div class="spacer"></div>
		
			<table class="results">
				<tr height="24">
					<th width="20%" class="risk-2"><a
						id="10038"></a>
						<div>Medio</div></th>
					<th class="risk-2">Content Security Policy (CSP) Header Not Set</th>
				</tr>
				<tr>
					<td width="20%">Descripción</td>
					<td width="80%">
							<div>Content Security Policy (CSP) is an added layer of security that helps to detect and mitigate certain types of attacks, including Cross Site Scripting (XSS) and data injection attacks. These attacks are used for everything from data theft to site defacement or distribution of malware. CSP provides a set of standard HTTP headers that allow website owners to declare approved sources of content that browsers should be allowed to load on that page — covered types are JavaScript, CSS, HTML frames, fonts, images and embeddable objects such as Java applets, ActiveX, audio and video files.</div>
							
						</td>
				</tr>
				<TR vAlign="top">
					<TD colspan="2"></TD>
				</TR>
				
					<tr>
						<td width="20%"
							class="indent1">URL</td>
						<td width="80%"><a href="https://todoist.com/es">https://todoist.com/es</a></td>
					</tr>
					<tr>
						<td width="20%"
							class="indent2">Método</td>
						<td width="80%">GET</td>
					</tr>
					<tr>
						<td width="20%"
							class="indent2">Parameter</td>
						<td width="80%"></td>
					</tr>
					<tr>
						<td width="20%"
							class="indent2">Atacar</td>
						<td width="80%"></td>
					</tr>
					<tr>
						<td width="20%"
							class="indent2">Evidence</td>
						<td width="80%"></td>
					</tr>
				
				<tr>
					<td width="20%">Instances</td>
					<td width="80%">1</td>
				</tr>
				<tr>
					<td width="20%">Solution</td>
					<td width="80%">
							<div>Ensure that your web server, application server, load balancer, etc. is configured to set the Content-Security-Policy header, to achieve optimal browser support: &quot;Content-Security-Policy&quot; for Chrome 25+, Firefox 23+ and Safari 7+, &quot;X-Content-Security-Policy&quot; for Firefox 4.0+ and Internet Explorer 10+, and &quot;X-WebKit-CSP&quot; for Chrome 14+ and Safari 6+.</div>
							
						</td>
				</tr>
				<tr>
					<td width="20%">Reference</td>
					<td width="80%">
							<a href="https://developer.mozilla.org/en-US/docs/Web/Security/CSP/Introducing_Content_Security_Policy">https://developer.mozilla.org/en-US/docs/Web/Security/CSP/Introducing_Content_Security_Policy</a>
							<br />
						
							<a href="https://cheatsheetseries.owasp.org/cheatsheets/Content_Security_Policy_Cheat_Sheet.html">https://cheatsheetseries.owasp.org/cheatsheets/Content_Security_Policy_Cheat_Sheet.html</a>
							<br />
						
							<a href="http://www.w3.org/TR/CSP/">http://www.w3.org/TR/CSP/</a>
							<br />
						
							<a href="http://w3c.github.io/webappsec/specs/content-security-policy/csp-specification.dev.html">http://w3c.github.io/webappsec/specs/content-security-policy/csp-specification.dev.html</a>
							<br />
						
							<a href="http://www.html5rocks.com/en/tutorials/security/content-security-policy/">http://www.html5rocks.com/en/tutorials/security/content-security-policy/</a>
							<br />
						
							<a href="http://caniuse.com/#feat=contentsecuritypolicy">http://caniuse.com/#feat=contentsecuritypolicy</a>
							<br />
						
							<a href="http://content-security-policy.com/">http://content-security-policy.com/</a>
							
						</td>
				</tr>
				<tr>
					<td width="20%">CWE Id</td>
					<td width="80%"><a
						href="https://cwe.mitre.org/data/definitions/693.html">693</a></td>
				</tr>
				<tr>
					<td width="20%">WASC Id</td>
					<td width="80%">15</td>
				</tr>
				<tr>
					<td width="20%">Plugin Id</td>
					<td width="80%"><a
						href="https://www.zaproxy.org/docs/alerts/10038/">10038</a></td>
				</tr>
			</table>
			<div class="spacer"></div>
		
			<table class="results">
				<tr height="24">
					<th width="20%" class="risk-2"><a
						id="10098"></a>
						<div>Medio</div></th>
					<th class="risk-2">Desconfiguración de Dominio cruzado</th>
				</tr>
				<tr>
					<td width="20%">Descripción</td>
					<td width="80%">
							<div>Descargas de datos del navegador web podría ser posible, debido a una desconfiguración del intercambio de recursos cruzados de origen (CORS) en el servidor web</div>
							
						</td>
				</tr>
				<TR vAlign="top">
					<TD colspan="2"></TD>
				</TR>
				
					<tr>
						<td width="20%"
							class="indent1">URL</td>
						<td width="80%"><a href="https://www.googletagmanager.com/gtag/js?id=G-HCDW2MG61G&amp;l=dataLayer&amp;cx=c">https://www.googletagmanager.com/gtag/js?id=G-HCDW2MG61G&amp;l=dataLayer&amp;cx=c</a></td>
					</tr>
					<tr>
						<td width="20%"
							class="indent2">Método</td>
						<td width="80%">GET</td>
					</tr>
					<tr>
						<td width="20%"
							class="indent2">Parameter</td>
						<td width="80%"></td>
					</tr>
					<tr>
						<td width="20%"
							class="indent2">Atacar</td>
						<td width="80%"></td>
					</tr>
					<tr>
						<td width="20%"
							class="indent2">Evidence</td>
						<td width="80%">Access-Control-Allow-Origin: *</td>
					</tr>
				
					<tr>
						<td width="20%"
							class="indent1">URL</td>
						<td width="80%"><a href="https://www.googletagmanager.com/gtag/js?id=G-M6V9BEQD2J&amp;l=dataLayer&amp;cx=c">https://www.googletagmanager.com/gtag/js?id=G-M6V9BEQD2J&amp;l=dataLayer&amp;cx=c</a></td>
					</tr>
					<tr>
						<td width="20%"
							class="indent2">Método</td>
						<td width="80%">GET</td>
					</tr>
					<tr>
						<td width="20%"
							class="indent2">Parameter</td>
						<td width="80%"></td>
					</tr>
					<tr>
						<td width="20%"
							class="indent2">Atacar</td>
						<td width="80%"></td>
					</tr>
					<tr>
						<td width="20%"
							class="indent2">Evidence</td>
						<td width="80%">Access-Control-Allow-Origin: *</td>
					</tr>
				
					<tr>
						<td width="20%"
							class="indent1">URL</td>
						<td width="80%"><a href="https://www.googletagmanager.com/gtm.js?id=GTM-MF4CZSB&amp;gtm_auth=1nvG3iE405yFhG8LM5F0nQ&amp;gtm_preview=env-2&amp;gtm_cookies_win=x">https://www.googletagmanager.com/gtm.js?id=GTM-MF4CZSB&amp;gtm_auth=1nvG3iE405yFhG8LM5F0nQ&amp;gtm_preview=env-2&amp;gtm_cookies_win=x</a></td>
					</tr>
					<tr>
						<td width="20%"
							class="indent2">Método</td>
						<td width="80%">GET</td>
					</tr>
					<tr>
						<td width="20%"
							class="indent2">Parameter</td>
						<td width="80%"></td>
					</tr>
					<tr>
						<td width="20%"
							class="indent2">Atacar</td>
						<td width="80%"></td>
					</tr>
					<tr>
						<td width="20%"
							class="indent2">Evidence</td>
						<td width="80%">Access-Control-Allow-Origin: *</td>
					</tr>
				
				<tr>
					<td width="20%">Instances</td>
					<td width="80%">3</td>
				</tr>
				<tr>
					<td width="20%">Solution</td>
					<td width="80%">
							<div>Asegúrese que los datos sensibles no están disponibles de manera no autenticada (usando dirección IP listado-blanco, por ejemplo). Configurar el encabezado HTTP &#39;&#39;&#39;&#39;Access-Control-Allow-Origin&quot; a un conjunto de dominios más restrictivo, o remover completamente todos los encabezados CORS, para permitir que el navegador web refuerce la política de mismo origen (SOP) en una manera mas restrictiva.</div>
							
						</td>
				</tr>
				<tr>
					<td width="20%">Reference</td>
					<td width="80%">
							<a href="https://vulncat.fortify.com/en/detail?id=desc.config.dotnet.html5_overly_permissive_cors_policy">https://vulncat.fortify.com/en/detail?id=desc.config.dotnet.html5_overly_permissive_cors_policy</a>
							
						</td>
				</tr>
				<tr>
					<td width="20%">CWE Id</td>
					<td width="80%"><a
						href="https://cwe.mitre.org/data/definitions/264.html">264</a></td>
				</tr>
				<tr>
					<td width="20%">WASC Id</td>
					<td width="80%">14</td>
				</tr>
				<tr>
					<td width="20%">Plugin Id</td>
					<td width="80%"><a
						href="https://www.zaproxy.org/docs/alerts/10098/">10098</a></td>
				</tr>
			</table>
			<div class="spacer"></div>
		
			<table class="results">
				<tr height="24">
					<th width="20%" class="risk-1"><a
						id="10010"></a>
						<div>Bajo</div></th>
					<th class="risk-1">Cookie No HttpOnly Flag</th>
				</tr>
				<tr>
					<td width="20%">Descripción</td>
					<td width="80%">
							<div>A cookie has been set without the HttpOnly flag, which means that the cookie can be accessed by JavaScript. If a malicious script can be run on this page then the cookie will be accessible and can be transmitted to another site. If this is a session cookie then session hijacking may be possible.</div>
							
						</td>
				</tr>
				<TR vAlign="top">
					<TD colspan="2"></TD>
				</TR>
				
					<tr>
						<td width="20%"
							class="indent1">URL</td>
						<td width="80%"><a href="https://todoist.com/es">https://todoist.com/es</a></td>
					</tr>
					<tr>
						<td width="20%"
							class="indent2">Método</td>
						<td width="80%">GET</td>
					</tr>
					<tr>
						<td width="20%"
							class="indent2">Parameter</td>
						<td width="80%">_csrf</td>
					</tr>
					<tr>
						<td width="20%"
							class="indent2">Atacar</td>
						<td width="80%"></td>
					</tr>
					<tr>
						<td width="20%"
							class="indent2">Evidence</td>
						<td width="80%">set-cookie: _csrf</td>
					</tr>
				
					<tr>
						<td width="20%"
							class="indent1">URL</td>
						<td width="80%"><a href="https://todoist.com/es">https://todoist.com/es</a></td>
					</tr>
					<tr>
						<td width="20%"
							class="indent2">Método</td>
						<td width="80%">GET</td>
					</tr>
					<tr>
						<td width="20%"
							class="indent2">Parameter</td>
						<td width="80%">next-i18next</td>
					</tr>
					<tr>
						<td width="20%"
							class="indent2">Atacar</td>
						<td width="80%"></td>
					</tr>
					<tr>
						<td width="20%"
							class="indent2">Evidence</td>
						<td width="80%">set-cookie: next-i18next</td>
					</tr>
				
				<tr>
					<td width="20%">Instances</td>
					<td width="80%">2</td>
				</tr>
				<tr>
					<td width="20%">Solution</td>
					<td width="80%">
							<div>Ensure that the HttpOnly flag is set for all cookies.</div>
							
						</td>
				</tr>
				<tr>
					<td width="20%">Reference</td>
					<td width="80%">
							<a href="https://owasp.org/www-community/HttpOnly">https://owasp.org/www-community/HttpOnly</a>
							
						</td>
				</tr>
				<tr>
					<td width="20%">CWE Id</td>
					<td width="80%"><a
						href="https://cwe.mitre.org/data/definitions/1004.html">1004</a></td>
				</tr>
				<tr>
					<td width="20%">WASC Id</td>
					<td width="80%">13</td>
				</tr>
				<tr>
					<td width="20%">Plugin Id</td>
					<td width="80%"><a
						href="https://www.zaproxy.org/docs/alerts/10010/">10010</a></td>
				</tr>
			</table>
			<div class="spacer"></div>
		
			<table class="results">
				<tr height="24">
					<th width="20%" class="risk-1"><a
						id="10011"></a>
						<div>Bajo</div></th>
					<th class="risk-1">Cookie Without Secure Flag</th>
				</tr>
				<tr>
					<td width="20%">Descripción</td>
					<td width="80%">
							<div>A cookie has been set without the secure flag, which means that the cookie can be accessed via unencrypted connections.</div>
							
						</td>
				</tr>
				<TR vAlign="top">
					<TD colspan="2"></TD>
				</TR>
				
					<tr>
						<td width="20%"
							class="indent1">URL</td>
						<td width="80%"><a href="https://todoist.com/es">https://todoist.com/es</a></td>
					</tr>
					<tr>
						<td width="20%"
							class="indent2">Método</td>
						<td width="80%">GET</td>
					</tr>
					<tr>
						<td width="20%"
							class="indent2">Parameter</td>
						<td width="80%">_csrf</td>
					</tr>
					<tr>
						<td width="20%"
							class="indent2">Atacar</td>
						<td width="80%"></td>
					</tr>
					<tr>
						<td width="20%"
							class="indent2">Evidence</td>
						<td width="80%">set-cookie: _csrf</td>
					</tr>
				
					<tr>
						<td width="20%"
							class="indent1">URL</td>
						<td width="80%"><a href="https://todoist.com/es">https://todoist.com/es</a></td>
					</tr>
					<tr>
						<td width="20%"
							class="indent2">Método</td>
						<td width="80%">GET</td>
					</tr>
					<tr>
						<td width="20%"
							class="indent2">Parameter</td>
						<td width="80%">next-i18next</td>
					</tr>
					<tr>
						<td width="20%"
							class="indent2">Atacar</td>
						<td width="80%"></td>
					</tr>
					<tr>
						<td width="20%"
							class="indent2">Evidence</td>
						<td width="80%">set-cookie: next-i18next</td>
					</tr>
				
				<tr>
					<td width="20%">Instances</td>
					<td width="80%">2</td>
				</tr>
				<tr>
					<td width="20%">Solution</td>
					<td width="80%">
							<div>Whenever a cookie contains sensitive information or is a session token, then it should always be passed using an encrypted channel. Ensure that the secure flag is set for cookies containing such sensitive information.</div>
							
						</td>
				</tr>
				<tr>
					<td width="20%">Reference</td>
					<td width="80%">
							<a href="https://owasp.org/www-project-web-security-testing-guide/v41/4-Web_Application_Security_Testing/06-Session_Management_Testing/02-Testing_for_Cookies_Attributes.html">https://owasp.org/www-project-web-security-testing-guide/v41/4-Web_Application_Security_Testing/06-Session_Management_Testing/02-Testing_for_Cookies_Attributes.html</a>
							
						</td>
				</tr>
				<tr>
					<td width="20%">CWE Id</td>
					<td width="80%"><a
						href="https://cwe.mitre.org/data/definitions/614.html">614</a></td>
				</tr>
				<tr>
					<td width="20%">WASC Id</td>
					<td width="80%">13</td>
				</tr>
				<tr>
					<td width="20%">Plugin Id</td>
					<td width="80%"><a
						href="https://www.zaproxy.org/docs/alerts/10011/">10011</a></td>
				</tr>
			</table>
			<div class="spacer"></div>
		
			<table class="results">
				<tr height="24">
					<th width="20%" class="risk-1"><a
						id="10054"></a>
						<div>Bajo</div></th>
					<th class="risk-1">Cookie without SameSite Attribute</th>
				</tr>
				<tr>
					<td width="20%">Descripción</td>
					<td width="80%">
							<div>Una cookie ha sido enviada sin el atributo SameSite, lo que significa que la cookie puede ser enviada como un resultado de una solicitud &#39;cross-site&#39;. </div>
							<br />
						
							<div>El atributo SameSite es una medida efectiva contra solicitudes de falsificación de cross-site, inclusión de secuencias cross-site, y ataques sincronizados.</div>
							
						</td>
				</tr>
				<TR vAlign="top">
					<TD colspan="2"></TD>
				</TR>
				
					<tr>
						<td width="20%"
							class="indent1">URL</td>
						<td width="80%"><a href="https://todoist.com/es">https://todoist.com/es</a></td>
					</tr>
					<tr>
						<td width="20%"
							class="indent2">Método</td>
						<td width="80%">GET</td>
					</tr>
					<tr>
						<td width="20%"
							class="indent2">Parameter</td>
						<td width="80%">_csrf</td>
					</tr>
					<tr>
						<td width="20%"
							class="indent2">Atacar</td>
						<td width="80%"></td>
					</tr>
					<tr>
						<td width="20%"
							class="indent2">Evidence</td>
						<td width="80%">set-cookie: _csrf</td>
					</tr>
				
					<tr>
						<td width="20%"
							class="indent1">URL</td>
						<td width="80%"><a href="https://todoist.com/es">https://todoist.com/es</a></td>
					</tr>
					<tr>
						<td width="20%"
							class="indent2">Método</td>
						<td width="80%">GET</td>
					</tr>
					<tr>
						<td width="20%"
							class="indent2">Parameter</td>
						<td width="80%">next-i18next</td>
					</tr>
					<tr>
						<td width="20%"
							class="indent2">Atacar</td>
						<td width="80%"></td>
					</tr>
					<tr>
						<td width="20%"
							class="indent2">Evidence</td>
						<td width="80%">set-cookie: next-i18next</td>
					</tr>
				
				<tr>
					<td width="20%">Instances</td>
					<td width="80%">2</td>
				</tr>
				<tr>
					<td width="20%">Solution</td>
					<td width="80%">
							<div>Asegúrese que el atributo SameSite está establecido como &#39;lax&#39; o idealmente &#39;strict&#39; para todas las cookies.</div>
							
						</td>
				</tr>
				<tr>
					<td width="20%">Reference</td>
					<td width="80%">
							<a href="https://tools.ietf.org/html/draft-ietf-httpbis-cookie-same-site">https://tools.ietf.org/html/draft-ietf-httpbis-cookie-same-site</a>
							
						</td>
				</tr>
				<tr>
					<td width="20%">CWE Id</td>
					<td width="80%"><a
						href="https://cwe.mitre.org/data/definitions/1275.html">1275</a></td>
				</tr>
				<tr>
					<td width="20%">WASC Id</td>
					<td width="80%">13</td>
				</tr>
				<tr>
					<td width="20%">Plugin Id</td>
					<td width="80%"><a
						href="https://www.zaproxy.org/docs/alerts/10054/">10054</a></td>
				</tr>
			</table>
			<div class="spacer"></div>
		
			<table class="results">
				<tr height="24">
					<th width="20%" class="risk-1"><a
						id="10096"></a>
						<div>Bajo</div></th>
					<th class="risk-1">Divulgación de la marca de hora - Unix</th>
				</tr>
				<tr>
					<td width="20%">Descripción</td>
					<td width="80%">
							<div>Una marca de tiempo ha sido divulgada por el servidor de la aplicación/el navegador - Unix</div>
							
						</td>
				</tr>
				<TR vAlign="top">
					<TD colspan="2"></TD>
				</TR>
				
					<tr>
						<td width="20%"
							class="indent1">URL</td>
						<td width="80%"><a href="https://todoist.com/_next/static/chunks/framework-560765ab0625ba27.js">https://todoist.com/_next/static/chunks/framework-560765ab0625ba27.js</a></td>
					</tr>
					<tr>
						<td width="20%"
							class="indent2">Método</td>
						<td width="80%">GET</td>
					</tr>
					<tr>
						<td width="20%"
							class="indent2">Parameter</td>
						<td width="80%"></td>
					</tr>
					<tr>
						<td width="20%"
							class="indent2">Atacar</td>
						<td width="80%"></td>
					</tr>
					<tr>
						<td width="20%"
							class="indent2">Evidence</td>
						<td width="80%">1073741823</td>
					</tr>
				
					<tr>
						<td width="20%"
							class="indent1">URL</td>
						<td width="80%"><a href="https://todoist.com/_next/static/chunks/framework-560765ab0625ba27.js">https://todoist.com/_next/static/chunks/framework-560765ab0625ba27.js</a></td>
					</tr>
					<tr>
						<td width="20%"
							class="indent2">Método</td>
						<td width="80%">GET</td>
					</tr>
					<tr>
						<td width="20%"
							class="indent2">Parameter</td>
						<td width="80%"></td>
					</tr>
					<tr>
						<td width="20%"
							class="indent2">Atacar</td>
						<td width="80%"></td>
					</tr>
					<tr>
						<td width="20%"
							class="indent2">Evidence</td>
						<td width="80%">1073741824</td>
					</tr>
				
					<tr>
						<td width="20%"
							class="indent1">URL</td>
						<td width="80%"><a href="https://todoist.com/_next/static/chunks/framework-560765ab0625ba27.js">https://todoist.com/_next/static/chunks/framework-560765ab0625ba27.js</a></td>
					</tr>
					<tr>
						<td width="20%"
							class="indent2">Método</td>
						<td width="80%">GET</td>
					</tr>
					<tr>
						<td width="20%"
							class="indent2">Parameter</td>
						<td width="80%"></td>
					</tr>
					<tr>
						<td width="20%"
							class="indent2">Atacar</td>
						<td width="80%"></td>
					</tr>
					<tr>
						<td width="20%"
							class="indent2">Evidence</td>
						<td width="80%">1073741825</td>
					</tr>
				
					<tr>
						<td width="20%"
							class="indent1">URL</td>
						<td width="80%"><a href="https://todoist.com/_next/static/chunks/framework-560765ab0625ba27.js">https://todoist.com/_next/static/chunks/framework-560765ab0625ba27.js</a></td>
					</tr>
					<tr>
						<td width="20%"
							class="indent2">Método</td>
						<td width="80%">GET</td>
					</tr>
					<tr>
						<td width="20%"
							class="indent2">Parameter</td>
						<td width="80%"></td>
					</tr>
					<tr>
						<td width="20%"
							class="indent2">Atacar</td>
						<td width="80%"></td>
					</tr>
					<tr>
						<td width="20%"
							class="indent2">Evidence</td>
						<td width="80%">134217727</td>
					</tr>
				
					<tr>
						<td width="20%"
							class="indent1">URL</td>
						<td width="80%"><a href="https://todoist.com/_next/static/chunks/framework-560765ab0625ba27.js">https://todoist.com/_next/static/chunks/framework-560765ab0625ba27.js</a></td>
					</tr>
					<tr>
						<td width="20%"
							class="indent2">Método</td>
						<td width="80%">GET</td>
					</tr>
					<tr>
						<td width="20%"
							class="indent2">Parameter</td>
						<td width="80%"></td>
					</tr>
					<tr>
						<td width="20%"
							class="indent2">Atacar</td>
						<td width="80%"></td>
					</tr>
					<tr>
						<td width="20%"
							class="indent2">Evidence</td>
						<td width="80%">134217728</td>
					</tr>
				
					<tr>
						<td width="20%"
							class="indent1">URL</td>
						<td width="80%"><a href="https://todoist.com/_next/static/chunks/framework-560765ab0625ba27.js">https://todoist.com/_next/static/chunks/framework-560765ab0625ba27.js</a></td>
					</tr>
					<tr>
						<td width="20%"
							class="indent2">Método</td>
						<td width="80%">GET</td>
					</tr>
					<tr>
						<td width="20%"
							class="indent2">Parameter</td>
						<td width="80%"></td>
					</tr>
					<tr>
						<td width="20%"
							class="indent2">Atacar</td>
						<td width="80%"></td>
					</tr>
					<tr>
						<td width="20%"
							class="indent2">Evidence</td>
						<td width="80%">268435456</td>
					</tr>
				
					<tr>
						<td width="20%"
							class="indent1">URL</td>
						<td width="80%"><a href="https://todoist.com/_next/static/chunks/framework-560765ab0625ba27.js">https://todoist.com/_next/static/chunks/framework-560765ab0625ba27.js</a></td>
					</tr>
					<tr>
						<td width="20%"
							class="indent2">Método</td>
						<td width="80%">GET</td>
					</tr>
					<tr>
						<td width="20%"
							class="indent2">Parameter</td>
						<td width="80%"></td>
					</tr>
					<tr>
						<td width="20%"
							class="indent2">Atacar</td>
						<td width="80%"></td>
					</tr>
					<tr>
						<td width="20%"
							class="indent2">Evidence</td>
						<td width="80%">33554432</td>
					</tr>
				
					<tr>
						<td width="20%"
							class="indent1">URL</td>
						<td width="80%"><a href="https://todoist.com/_next/static/chunks/framework-560765ab0625ba27.js">https://todoist.com/_next/static/chunks/framework-560765ab0625ba27.js</a></td>
					</tr>
					<tr>
						<td width="20%"
							class="indent2">Método</td>
						<td width="80%">GET</td>
					</tr>
					<tr>
						<td width="20%"
							class="indent2">Parameter</td>
						<td width="80%"></td>
					</tr>
					<tr>
						<td width="20%"
							class="indent2">Atacar</td>
						<td width="80%"></td>
					</tr>
					<tr>
						<td width="20%"
							class="indent2">Evidence</td>
						<td width="80%">62914560</td>
					</tr>
				
					<tr>
						<td width="20%"
							class="indent1">URL</td>
						<td width="80%"><a href="https://todoist.com/_next/static/chunks/framework-560765ab0625ba27.js">https://todoist.com/_next/static/chunks/framework-560765ab0625ba27.js</a></td>
					</tr>
					<tr>
						<td width="20%"
							class="indent2">Método</td>
						<td width="80%">GET</td>
					</tr>
					<tr>
						<td width="20%"
							class="indent2">Parameter</td>
						<td width="80%"></td>
					</tr>
					<tr>
						<td width="20%"
							class="indent2">Atacar</td>
						<td width="80%"></td>
					</tr>
					<tr>
						<td width="20%"
							class="indent2">Evidence</td>
						<td width="80%">67108864</td>
					</tr>
				
					<tr>
						<td width="20%"
							class="indent1">URL</td>
						<td width="80%"><a href="https://todoist.com/_next/static/chunks/framework-560765ab0625ba27.js">https://todoist.com/_next/static/chunks/framework-560765ab0625ba27.js</a></td>
					</tr>
					<tr>
						<td width="20%"
							class="indent2">Método</td>
						<td width="80%">GET</td>
					</tr>
					<tr>
						<td width="20%"
							class="indent2">Parameter</td>
						<td width="80%"></td>
					</tr>
					<tr>
						<td width="20%"
							class="indent2">Atacar</td>
						<td width="80%"></td>
					</tr>
					<tr>
						<td width="20%"
							class="indent2">Evidence</td>
						<td width="80%">805306368</td>
					</tr>
				
					<tr>
						<td width="20%"
							class="indent1">URL</td>
						<td width="80%"><a href="https://todoist.com/_next/static/chunks/pages/_app-97b12c49b92dde1c.js">https://todoist.com/_next/static/chunks/pages/_app-97b12c49b92dde1c.js</a></td>
					</tr>
					<tr>
						<td width="20%"
							class="indent2">Método</td>
						<td width="80%">GET</td>
					</tr>
					<tr>
						<td width="20%"
							class="indent2">Parameter</td>
						<td width="80%"></td>
					</tr>
					<tr>
						<td width="20%"
							class="indent2">Atacar</td>
						<td width="80%"></td>
					</tr>
					<tr>
						<td width="20%"
							class="indent2">Evidence</td>
						<td width="80%">0123456789</td>
					</tr>
				
					<tr>
						<td width="20%"
							class="indent1">URL</td>
						<td width="80%"><a href="https://todoist.com/_next/static/chunks/pages/_app-97b12c49b92dde1c.js">https://todoist.com/_next/static/chunks/pages/_app-97b12c49b92dde1c.js</a></td>
					</tr>
					<tr>
						<td width="20%"
							class="indent2">Método</td>
						<td width="80%">GET</td>
					</tr>
					<tr>
						<td width="20%"
							class="indent2">Parameter</td>
						<td width="80%"></td>
					</tr>
					<tr>
						<td width="20%"
							class="indent2">Atacar</td>
						<td width="80%"></td>
					</tr>
					<tr>
						<td width="20%"
							class="indent2">Evidence</td>
						<td width="80%">1019803690</td>
					</tr>
				
					<tr>
						<td width="20%"
							class="indent1">URL</td>
						<td width="80%"><a href="https://todoist.com/_next/static/chunks/pages/_app-97b12c49b92dde1c.js">https://todoist.com/_next/static/chunks/pages/_app-97b12c49b92dde1c.js</a></td>
					</tr>
					<tr>
						<td width="20%"
							class="indent2">Método</td>
						<td width="80%">GET</td>
					</tr>
					<tr>
						<td width="20%"
							class="indent2">Parameter</td>
						<td width="80%"></td>
					</tr>
					<tr>
						<td width="20%"
							class="indent2">Atacar</td>
						<td width="80%"></td>
					</tr>
					<tr>
						<td width="20%"
							class="indent2">Evidence</td>
						<td width="80%">1044525330</td>
					</tr>
				
					<tr>
						<td width="20%"
							class="indent1">URL</td>
						<td width="80%"><a href="https://todoist.com/_next/static/chunks/pages/_app-97b12c49b92dde1c.js">https://todoist.com/_next/static/chunks/pages/_app-97b12c49b92dde1c.js</a></td>
					</tr>
					<tr>
						<td width="20%"
							class="indent2">Método</td>
						<td width="80%">GET</td>
					</tr>
					<tr>
						<td width="20%"
							class="indent2">Parameter</td>
						<td width="80%"></td>
					</tr>
					<tr>
						<td width="20%"
							class="indent2">Atacar</td>
						<td width="80%"></td>
					</tr>
					<tr>
						<td width="20%"
							class="indent2">Evidence</td>
						<td width="80%">1069501632</td>
					</tr>
				
					<tr>
						<td width="20%"
							class="indent1">URL</td>
						<td width="80%"><a href="https://todoist.com/_next/static/chunks/pages/_app-97b12c49b92dde1c.js">https://todoist.com/_next/static/chunks/pages/_app-97b12c49b92dde1c.js</a></td>
					</tr>
					<tr>
						<td width="20%"
							class="indent2">Método</td>
						<td width="80%">GET</td>
					</tr>
					<tr>
						<td width="20%"
							class="indent2">Parameter</td>
						<td width="80%"></td>
					</tr>
					<tr>
						<td width="20%"
							class="indent2">Atacar</td>
						<td width="80%"></td>
					</tr>
					<tr>
						<td width="20%"
							class="indent2">Evidence</td>
						<td width="80%">1073741824</td>
					</tr>
				
					<tr>
						<td width="20%"
							class="indent1">URL</td>
						<td width="80%"><a href="https://todoist.com/_next/static/chunks/pages/_app-97b12c49b92dde1c.js">https://todoist.com/_next/static/chunks/pages/_app-97b12c49b92dde1c.js</a></td>
					</tr>
					<tr>
						<td width="20%"
							class="indent2">Método</td>
						<td width="80%">GET</td>
					</tr>
					<tr>
						<td width="20%"
							class="indent2">Parameter</td>
						<td width="80%"></td>
					</tr>
					<tr>
						<td width="20%"
							class="indent2">Atacar</td>
						<td width="80%"></td>
					</tr>
					<tr>
						<td width="20%"
							class="indent2">Evidence</td>
						<td width="80%">1094730640</td>
					</tr>
				
					<tr>
						<td width="20%"
							class="indent1">URL</td>
						<td width="80%"><a href="https://todoist.com/_next/static/chunks/pages/_app-97b12c49b92dde1c.js">https://todoist.com/_next/static/chunks/pages/_app-97b12c49b92dde1c.js</a></td>
					</tr>
					<tr>
						<td width="20%"
							class="indent2">Método</td>
						<td width="80%">GET</td>
					</tr>
					<tr>
						<td width="20%"
							class="indent2">Parameter</td>
						<td width="80%"></td>
					</tr>
					<tr>
						<td width="20%"
							class="indent2">Atacar</td>
						<td width="80%"></td>
					</tr>
					<tr>
						<td width="20%"
							class="indent2">Evidence</td>
						<td width="80%">1120210379</td>
					</tr>
				
					<tr>
						<td width="20%"
							class="indent1">URL</td>
						<td width="80%"><a href="https://todoist.com/_next/static/chunks/pages/_app-97b12c49b92dde1c.js">https://todoist.com/_next/static/chunks/pages/_app-97b12c49b92dde1c.js</a></td>
					</tr>
					<tr>
						<td width="20%"
							class="indent2">Método</td>
						<td width="80%">GET</td>
					</tr>
					<tr>
						<td width="20%"
							class="indent2">Parameter</td>
						<td width="80%"></td>
					</tr>
					<tr>
						<td width="20%"
							class="indent2">Atacar</td>
						<td width="80%"></td>
					</tr>
					<tr>
						<td width="20%"
							class="indent2">Evidence</td>
						<td width="80%">1126891415</td>
					</tr>
				
					<tr>
						<td width="20%"
							class="indent1">URL</td>
						<td width="80%"><a href="https://todoist.com/_next/static/chunks/pages/_app-97b12c49b92dde1c.js">https://todoist.com/_next/static/chunks/pages/_app-97b12c49b92dde1c.js</a></td>
					</tr>
					<tr>
						<td width="20%"
							class="indent2">Método</td>
						<td width="80%">GET</td>
					</tr>
					<tr>
						<td width="20%"
							class="indent2">Parameter</td>
						<td width="80%"></td>
					</tr>
					<tr>
						<td width="20%"
							class="indent2">Atacar</td>
						<td width="80%"></td>
					</tr>
					<tr>
						<td width="20%"
							class="indent2">Evidence</td>
						<td width="80%">1163531501</td>
					</tr>
				
					<tr>
						<td width="20%"
							class="indent1">URL</td>
						<td width="80%"><a href="https://todoist.com/_next/static/chunks/pages/_app-97b12c49b92dde1c.js">https://todoist.com/_next/static/chunks/pages/_app-97b12c49b92dde1c.js</a></td>
					</tr>
					<tr>
						<td width="20%"
							class="indent2">Método</td>
						<td width="80%">GET</td>
					</tr>
					<tr>
						<td width="20%"
							class="indent2">Parameter</td>
						<td width="80%"></td>
					</tr>
					<tr>
						<td width="20%"
							class="indent2">Atacar</td>
						<td width="80%"></td>
					</tr>
					<tr>
						<td width="20%"
							class="indent2">Evidence</td>
						<td width="80%">1200080426</td>
					</tr>
				
					<tr>
						<td width="20%"
							class="indent1">URL</td>
						<td width="80%"><a href="https://todoist.com/_next/static/chunks/pages/_app-97b12c49b92dde1c.js">https://todoist.com/_next/static/chunks/pages/_app-97b12c49b92dde1c.js</a></td>
					</tr>
					<tr>
						<td width="20%"
							class="indent2">Método</td>
						<td width="80%">GET</td>
					</tr>
					<tr>
						<td width="20%"
							class="indent2">Parameter</td>
						<td width="80%"></td>
					</tr>
					<tr>
						<td width="20%"
							class="indent2">Atacar</td>
						<td width="80%"></td>
					</tr>
					<tr>
						<td width="20%"
							class="indent2">Evidence</td>
						<td width="80%">123456789</td>
					</tr>
				
					<tr>
						<td width="20%"
							class="indent1">URL</td>
						<td width="80%"><a href="https://todoist.com/_next/static/chunks/pages/_app-97b12c49b92dde1c.js">https://todoist.com/_next/static/chunks/pages/_app-97b12c49b92dde1c.js</a></td>
					</tr>
					<tr>
						<td width="20%"
							class="indent2">Método</td>
						<td width="80%">GET</td>
					</tr>
					<tr>
						<td width="20%"
							class="indent2">Parameter</td>
						<td width="80%"></td>
					</tr>
					<tr>
						<td width="20%"
							class="indent2">Atacar</td>
						<td width="80%"></td>
					</tr>
					<tr>
						<td width="20%"
							class="indent2">Evidence</td>
						<td width="80%">1236535329</td>
					</tr>
				
					<tr>
						<td width="20%"
							class="indent1">URL</td>
						<td width="80%"><a href="https://todoist.com/_next/static/chunks/pages/_app-97b12c49b92dde1c.js">https://todoist.com/_next/static/chunks/pages/_app-97b12c49b92dde1c.js</a></td>
					</tr>
					<tr>
						<td width="20%"
							class="indent2">Método</td>
						<td width="80%">GET</td>
					</tr>
					<tr>
						<td width="20%"
							class="indent2">Parameter</td>
						<td width="80%"></td>
					</tr>
					<tr>
						<td width="20%"
							class="indent2">Atacar</td>
						<td width="80%"></td>
					</tr>
					<tr>
						<td width="20%"
							class="indent2">Evidence</td>
						<td width="80%">1272893353</td>
					</tr>
				
					<tr>
						<td width="20%"
							class="indent1">URL</td>
						<td width="80%"><a href="https://todoist.com/_next/static/chunks/pages/_app-97b12c49b92dde1c.js">https://todoist.com/_next/static/chunks/pages/_app-97b12c49b92dde1c.js</a></td>
					</tr>
					<tr>
						<td width="20%"
							class="indent2">Método</td>
						<td width="80%">GET</td>
					</tr>
					<tr>
						<td width="20%"
							class="indent2">Parameter</td>
						<td width="80%"></td>
					</tr>
					<tr>
						<td width="20%"
							class="indent2">Atacar</td>
						<td width="80%"></td>
					</tr>
					<tr>
						<td width="20%"
							class="indent2">Evidence</td>
						<td width="80%">1309151649</td>
					</tr>
				
					<tr>
						<td width="20%"
							class="indent1">URL</td>
						<td width="80%"><a href="https://todoist.com/_next/static/chunks/pages/_app-97b12c49b92dde1c.js">https://todoist.com/_next/static/chunks/pages/_app-97b12c49b92dde1c.js</a></td>
					</tr>
					<tr>
						<td width="20%"
							class="indent2">Método</td>
						<td width="80%">GET</td>
					</tr>
					<tr>
						<td width="20%"
							class="indent2">Parameter</td>
						<td width="80%"></td>
					</tr>
					<tr>
						<td width="20%"
							class="indent2">Atacar</td>
						<td width="80%"></td>
					</tr>
					<tr>
						<td width="20%"
							class="indent2">Evidence</td>
						<td width="80%">1416354905</td>
					</tr>
				
					<tr>
						<td width="20%"
							class="indent1">URL</td>
						<td width="80%"><a href="https://todoist.com/_next/static/chunks/pages/_app-97b12c49b92dde1c.js">https://todoist.com/_next/static/chunks/pages/_app-97b12c49b92dde1c.js</a></td>
					</tr>
					<tr>
						<td width="20%"
							class="indent2">Método</td>
						<td width="80%">GET</td>
					</tr>
					<tr>
						<td width="20%"
							class="indent2">Parameter</td>
						<td width="80%"></td>
					</tr>
					<tr>
						<td width="20%"
							class="indent2">Atacar</td>
						<td width="80%"></td>
					</tr>
					<tr>
						<td width="20%"
							class="indent2">Evidence</td>
						<td width="80%">1444681467</td>
					</tr>
				
					<tr>
						<td width="20%"
							class="indent1">URL</td>
						<td width="80%"><a href="https://todoist.com/_next/static/chunks/pages/_app-97b12c49b92dde1c.js">https://todoist.com/_next/static/chunks/pages/_app-97b12c49b92dde1c.js</a></td>
					</tr>
					<tr>
						<td width="20%"
							class="indent2">Método</td>
						<td width="80%">GET</td>
					</tr>
					<tr>
						<td width="20%"
							class="indent2">Parameter</td>
						<td width="80%"></td>
					</tr>
					<tr>
						<td width="20%"
							class="indent2">Atacar</td>
						<td width="80%"></td>
					</tr>
					<tr>
						<td width="20%"
							class="indent2">Evidence</td>
						<td width="80%">145523070</td>
					</tr>
				
					<tr>
						<td width="20%"
							class="indent1">URL</td>
						<td width="80%"><a href="https://todoist.com/_next/static/chunks/pages/_app-97b12c49b92dde1c.js">https://todoist.com/_next/static/chunks/pages/_app-97b12c49b92dde1c.js</a></td>
					</tr>
					<tr>
						<td width="20%"
							class="indent2">Método</td>
						<td width="80%">GET</td>
					</tr>
					<tr>
						<td width="20%"
							class="indent2">Parameter</td>
						<td width="80%"></td>
					</tr>
					<tr>
						<td width="20%"
							class="indent2">Atacar</td>
						<td width="80%"></td>
					</tr>
					<tr>
						<td width="20%"
							class="indent2">Evidence</td>
						<td width="80%">1473231341</td>
					</tr>
				
					<tr>
						<td width="20%"
							class="indent1">URL</td>
						<td width="80%"><a href="https://todoist.com/_next/static/chunks/pages/_app-97b12c49b92dde1c.js">https://todoist.com/_next/static/chunks/pages/_app-97b12c49b92dde1c.js</a></td>
					</tr>
					<tr>
						<td width="20%"
							class="indent2">Método</td>
						<td width="80%">GET</td>
					</tr>
					<tr>
						<td width="20%"
							class="indent2">Parameter</td>
						<td width="80%"></td>
					</tr>
					<tr>
						<td width="20%"
							class="indent2">Atacar</td>
						<td width="80%"></td>
					</tr>
					<tr>
						<td width="20%"
							class="indent2">Evidence</td>
						<td width="80%">1502002290</td>
					</tr>
				
					<tr>
						<td width="20%"
							class="indent1">URL</td>
						<td width="80%"><a href="https://todoist.com/_next/static/chunks/pages/_app-97b12c49b92dde1c.js">https://todoist.com/_next/static/chunks/pages/_app-97b12c49b92dde1c.js</a></td>
					</tr>
					<tr>
						<td width="20%"
							class="indent2">Método</td>
						<td width="80%">GET</td>
					</tr>
					<tr>
						<td width="20%"
							class="indent2">Parameter</td>
						<td width="80%"></td>
					</tr>
					<tr>
						<td width="20%"
							class="indent2">Atacar</td>
						<td width="80%"></td>
					</tr>
					<tr>
						<td width="20%"
							class="indent2">Evidence</td>
						<td width="80%">1518500249</td>
					</tr>
				
					<tr>
						<td width="20%"
							class="indent1">URL</td>
						<td width="80%"><a href="https://todoist.com/_next/static/chunks/pages/_app-97b12c49b92dde1c.js">https://todoist.com/_next/static/chunks/pages/_app-97b12c49b92dde1c.js</a></td>
					</tr>
					<tr>
						<td width="20%"
							class="indent2">Método</td>
						<td width="80%">GET</td>
					</tr>
					<tr>
						<td width="20%"
							class="indent2">Parameter</td>
						<td width="80%"></td>
					</tr>
					<tr>
						<td width="20%"
							class="indent2">Atacar</td>
						<td width="80%"></td>
					</tr>
					<tr>
						<td width="20%"
							class="indent2">Evidence</td>
						<td width="80%">1530992060</td>
					</tr>
				
					<tr>
						<td width="20%"
							class="indent1">URL</td>
						<td width="80%"><a href="https://todoist.com/_next/static/chunks/pages/_app-97b12c49b92dde1c.js">https://todoist.com/_next/static/chunks/pages/_app-97b12c49b92dde1c.js</a></td>
					</tr>
					<tr>
						<td width="20%"
							class="indent2">Método</td>
						<td width="80%">GET</td>
					</tr>
					<tr>
						<td width="20%"
							class="indent2">Parameter</td>
						<td width="80%"></td>
					</tr>
					<tr>
						<td width="20%"
							class="indent2">Atacar</td>
						<td width="80%"></td>
					</tr>
					<tr>
						<td width="20%"
							class="indent2">Evidence</td>
						<td width="80%">155497632</td>
					</tr>
				
					<tr>
						<td width="20%"
							class="indent1">URL</td>
						<td width="80%"><a href="https://todoist.com/_next/static/chunks/pages/_app-97b12c49b92dde1c.js">https://todoist.com/_next/static/chunks/pages/_app-97b12c49b92dde1c.js</a></td>
					</tr>
					<tr>
						<td width="20%"
							class="indent2">Método</td>
						<td width="80%">GET</td>
					</tr>
					<tr>
						<td width="20%"
							class="indent2">Parameter</td>
						<td width="80%"></td>
					</tr>
					<tr>
						<td width="20%"
							class="indent2">Atacar</td>
						<td width="80%"></td>
					</tr>
					<tr>
						<td width="20%"
							class="indent2">Evidence</td>
						<td width="80%">1560198380</td>
					</tr>
				
					<tr>
						<td width="20%"
							class="indent1">URL</td>
						<td width="80%"><a href="https://todoist.com/_next/static/chunks/pages/_app-97b12c49b92dde1c.js">https://todoist.com/_next/static/chunks/pages/_app-97b12c49b92dde1c.js</a></td>
					</tr>
					<tr>
						<td width="20%"
							class="indent2">Método</td>
						<td width="80%">GET</td>
					</tr>
					<tr>
						<td width="20%"
							class="indent2">Parameter</td>
						<td width="80%"></td>
					</tr>
					<tr>
						<td width="20%"
							class="indent2">Atacar</td>
						<td width="80%"></td>
					</tr>
					<tr>
						<td width="20%"
							class="indent2">Evidence</td>
						<td width="80%">1566083941</td>
					</tr>
				
					<tr>
						<td width="20%"
							class="indent1">URL</td>
						<td width="80%"><a href="https://todoist.com/_next/static/chunks/pages/_app-97b12c49b92dde1c.js">https://todoist.com/_next/static/chunks/pages/_app-97b12c49b92dde1c.js</a></td>
					</tr>
					<tr>
						<td width="20%"
							class="indent2">Método</td>
						<td width="80%">GET</td>
					</tr>
					<tr>
						<td width="20%"
							class="indent2">Parameter</td>
						<td width="80%"></td>
					</tr>
					<tr>
						<td width="20%"
							class="indent2">Atacar</td>
						<td width="80%"></td>
					</tr>
					<tr>
						<td width="20%"
							class="indent2">Evidence</td>
						<td width="80%">165796510</td>
					</tr>
				
					<tr>
						<td width="20%"
							class="indent1">URL</td>
						<td width="80%"><a href="https://todoist.com/_next/static/chunks/pages/_app-97b12c49b92dde1c.js">https://todoist.com/_next/static/chunks/pages/_app-97b12c49b92dde1c.js</a></td>
					</tr>
					<tr>
						<td width="20%"
							class="indent2">Método</td>
						<td width="80%">GET</td>
					</tr>
					<tr>
						<td width="20%"
							class="indent2">Parameter</td>
						<td width="80%"></td>
					</tr>
					<tr>
						<td width="20%"
							class="indent2">Atacar</td>
						<td width="80%"></td>
					</tr>
					<tr>
						<td width="20%"
							class="indent2">Evidence</td>
						<td width="80%">16711680</td>
					</tr>
				
					<tr>
						<td width="20%"
							class="indent1">URL</td>
						<td width="80%"><a href="https://todoist.com/_next/static/chunks/pages/_app-97b12c49b92dde1c.js">https://todoist.com/_next/static/chunks/pages/_app-97b12c49b92dde1c.js</a></td>
					</tr>
					<tr>
						<td width="20%"
							class="indent2">Método</td>
						<td width="80%">GET</td>
					</tr>
					<tr>
						<td width="20%"
							class="indent2">Parameter</td>
						<td width="80%"></td>
					</tr>
					<tr>
						<td width="20%"
							class="indent2">Atacar</td>
						<td width="80%"></td>
					</tr>
					<tr>
						<td width="20%"
							class="indent2">Evidence</td>
						<td width="80%">16777216</td>
					</tr>
				
					<tr>
						<td width="20%"
							class="indent1">URL</td>
						<td width="80%"><a href="https://todoist.com/_next/static/chunks/pages/_app-97b12c49b92dde1c.js">https://todoist.com/_next/static/chunks/pages/_app-97b12c49b92dde1c.js</a></td>
					</tr>
					<tr>
						<td width="20%"
							class="indent2">Método</td>
						<td width="80%">GET</td>
					</tr>
					<tr>
						<td width="20%"
							class="indent2">Parameter</td>
						<td width="80%"></td>
					</tr>
					<tr>
						<td width="20%"
							class="indent2">Atacar</td>
						<td width="80%"></td>
					</tr>
					<tr>
						<td width="20%"
							class="indent2">Evidence</td>
						<td width="80%">1700485571</td>
					</tr>
				
					<tr>
						<td width="20%"
							class="indent1">URL</td>
						<td width="80%"><a href="https://todoist.com/_next/static/chunks/pages/_app-97b12c49b92dde1c.js">https://todoist.com/_next/static/chunks/pages/_app-97b12c49b92dde1c.js</a></td>
					</tr>
					<tr>
						<td width="20%"
							class="indent2">Método</td>
						<td width="80%">GET</td>
					</tr>
					<tr>
						<td width="20%"
							class="indent2">Parameter</td>
						<td width="80%"></td>
					</tr>
					<tr>
						<td width="20%"
							class="indent2">Atacar</td>
						<td width="80%"></td>
					</tr>
					<tr>
						<td width="20%"
							class="indent2">Evidence</td>
						<td width="80%">1732584193</td>
					</tr>
				
					<tr>
						<td width="20%"
							class="indent1">URL</td>
						<td width="80%"><a href="https://todoist.com/_next/static/chunks/pages/_app-97b12c49b92dde1c.js">https://todoist.com/_next/static/chunks/pages/_app-97b12c49b92dde1c.js</a></td>
					</tr>
					<tr>
						<td width="20%"
							class="indent2">Método</td>
						<td width="80%">GET</td>
					</tr>
					<tr>
						<td width="20%"
							class="indent2">Parameter</td>
						<td width="80%"></td>
					</tr>
					<tr>
						<td width="20%"
							class="indent2">Atacar</td>
						<td width="80%"></td>
					</tr>
					<tr>
						<td width="20%"
							class="indent2">Evidence</td>
						<td width="80%">1732584194</td>
					</tr>
				
					<tr>
						<td width="20%"
							class="indent1">URL</td>
						<td width="80%"><a href="https://todoist.com/_next/static/chunks/pages/_app-97b12c49b92dde1c.js">https://todoist.com/_next/static/chunks/pages/_app-97b12c49b92dde1c.js</a></td>
					</tr>
					<tr>
						<td width="20%"
							class="indent2">Método</td>
						<td width="80%">GET</td>
					</tr>
					<tr>
						<td width="20%"
							class="indent2">Parameter</td>
						<td width="80%"></td>
					</tr>
					<tr>
						<td width="20%"
							class="indent2">Atacar</td>
						<td width="80%"></td>
					</tr>
					<tr>
						<td width="20%"
							class="indent2">Evidence</td>
						<td width="80%">1735328473</td>
					</tr>
				
					<tr>
						<td width="20%"
							class="indent1">URL</td>
						<td width="80%"><a href="https://todoist.com/_next/static/chunks/pages/_app-97b12c49b92dde1c.js">https://todoist.com/_next/static/chunks/pages/_app-97b12c49b92dde1c.js</a></td>
					</tr>
					<tr>
						<td width="20%"
							class="indent2">Método</td>
						<td width="80%">GET</td>
					</tr>
					<tr>
						<td width="20%"
							class="indent2">Parameter</td>
						<td width="80%"></td>
					</tr>
					<tr>
						<td width="20%"
							class="indent2">Atacar</td>
						<td width="80%"></td>
					</tr>
					<tr>
						<td width="20%"
							class="indent2">Evidence</td>
						<td width="80%">176418897</td>
					</tr>
				
					<tr>
						<td width="20%"
							class="indent1">URL</td>
						<td width="80%"><a href="https://todoist.com/_next/static/chunks/pages/_app-97b12c49b92dde1c.js">https://todoist.com/_next/static/chunks/pages/_app-97b12c49b92dde1c.js</a></td>
					</tr>
					<tr>
						<td width="20%"
							class="indent2">Método</td>
						<td width="80%">GET</td>
					</tr>
					<tr>
						<td width="20%"
							class="indent2">Parameter</td>
						<td width="80%"></td>
					</tr>
					<tr>
						<td width="20%"
							class="indent2">Atacar</td>
						<td width="80%"></td>
					</tr>
					<tr>
						<td width="20%"
							class="indent2">Evidence</td>
						<td width="80%">1770035416</td>
					</tr>
				
					<tr>
						<td width="20%"
							class="indent1">URL</td>
						<td width="80%"><a href="https://todoist.com/_next/static/chunks/pages/_app-97b12c49b92dde1c.js">https://todoist.com/_next/static/chunks/pages/_app-97b12c49b92dde1c.js</a></td>
					</tr>
					<tr>
						<td width="20%"
							class="indent2">Método</td>
						<td width="80%">GET</td>
					</tr>
					<tr>
						<td width="20%"
							class="indent2">Parameter</td>
						<td width="80%"></td>
					</tr>
					<tr>
						<td width="20%"
							class="indent2">Atacar</td>
						<td width="80%"></td>
					</tr>
					<tr>
						<td width="20%"
							class="indent2">Evidence</td>
						<td width="80%">1804603682</td>
					</tr>
				
					<tr>
						<td width="20%"
							class="indent1">URL</td>
						<td width="80%"><a href="https://todoist.com/_next/static/chunks/pages/_app-97b12c49b92dde1c.js">https://todoist.com/_next/static/chunks/pages/_app-97b12c49b92dde1c.js</a></td>
					</tr>
					<tr>
						<td width="20%"
							class="indent2">Método</td>
						<td width="80%">GET</td>
					</tr>
					<tr>
						<td width="20%"
							class="indent2">Parameter</td>
						<td width="80%"></td>
					</tr>
					<tr>
						<td width="20%"
							class="indent2">Atacar</td>
						<td width="80%"></td>
					</tr>
					<tr>
						<td width="20%"
							class="indent2">Evidence</td>
						<td width="80%">1812433253</td>
					</tr>
				
					<tr>
						<td width="20%"
							class="indent1">URL</td>
						<td width="80%"><a href="https://todoist.com/_next/static/chunks/pages/_app-97b12c49b92dde1c.js">https://todoist.com/_next/static/chunks/pages/_app-97b12c49b92dde1c.js</a></td>
					</tr>
					<tr>
						<td width="20%"
							class="indent2">Método</td>
						<td width="80%">GET</td>
					</tr>
					<tr>
						<td width="20%"
							class="indent2">Parameter</td>
						<td width="80%"></td>
					</tr>
					<tr>
						<td width="20%"
							class="indent2">Atacar</td>
						<td width="80%"></td>
					</tr>
					<tr>
						<td width="20%"
							class="indent2">Evidence</td>
						<td width="80%">1839030562</td>
					</tr>
				
					<tr>
						<td width="20%"
							class="indent1">URL</td>
						<td width="80%"><a href="https://todoist.com/_next/static/chunks/pages/_app-97b12c49b92dde1c.js">https://todoist.com/_next/static/chunks/pages/_app-97b12c49b92dde1c.js</a></td>
					</tr>
					<tr>
						<td width="20%"
							class="indent2">Método</td>
						<td width="80%">GET</td>
					</tr>
					<tr>
						<td width="20%"
							class="indent2">Parameter</td>
						<td width="80%"></td>
					</tr>
					<tr>
						<td width="20%"
							class="indent2">Atacar</td>
						<td width="80%"></td>
					</tr>
					<tr>
						<td width="20%"
							class="indent2">Evidence</td>
						<td width="80%">1859775393</td>
					</tr>
				
					<tr>
						<td width="20%"
							class="indent1">URL</td>
						<td width="80%"><a href="https://todoist.com/_next/static/chunks/pages/_app-97b12c49b92dde1c.js">https://todoist.com/_next/static/chunks/pages/_app-97b12c49b92dde1c.js</a></td>
					</tr>
					<tr>
						<td width="20%"
							class="indent2">Método</td>
						<td width="80%">GET</td>
					</tr>
					<tr>
						<td width="20%"
							class="indent2">Parameter</td>
						<td width="80%"></td>
					</tr>
					<tr>
						<td width="20%"
							class="indent2">Atacar</td>
						<td width="80%"></td>
					</tr>
					<tr>
						<td width="20%"
							class="indent2">Evidence</td>
						<td width="80%">1873313359</td>
					</tr>
				
					<tr>
						<td width="20%"
							class="indent1">URL</td>
						<td width="80%"><a href="https://todoist.com/_next/static/chunks/pages/_app-97b12c49b92dde1c.js">https://todoist.com/_next/static/chunks/pages/_app-97b12c49b92dde1c.js</a></td>
					</tr>
					<tr>
						<td width="20%"
							class="indent2">Método</td>
						<td width="80%">GET</td>
					</tr>
					<tr>
						<td width="20%"
							class="indent2">Parameter</td>
						<td width="80%"></td>
					</tr>
					<tr>
						<td width="20%"
							class="indent2">Atacar</td>
						<td width="80%"></td>
					</tr>
					<tr>
						<td width="20%"
							class="indent2">Evidence</td>
						<td width="80%">187363961</td>
					</tr>
				
					<tr>
						<td width="20%"
							class="indent1">URL</td>
						<td width="80%"><a href="https://todoist.com/_next/static/chunks/pages/_app-97b12c49b92dde1c.js">https://todoist.com/_next/static/chunks/pages/_app-97b12c49b92dde1c.js</a></td>
					</tr>
					<tr>
						<td width="20%"
							class="indent2">Método</td>
						<td width="80%">GET</td>
					</tr>
					<tr>
						<td width="20%"
							class="indent2">Parameter</td>
						<td width="80%"></td>
					</tr>
					<tr>
						<td width="20%"
							class="indent2">Atacar</td>
						<td width="80%"></td>
					</tr>
					<tr>
						<td width="20%"
							class="indent2">Evidence</td>
						<td width="80%">1894986606</td>
					</tr>
				
					<tr>
						<td width="20%"
							class="indent1">URL</td>
						<td width="80%"><a href="https://todoist.com/_next/static/chunks/pages/_app-97b12c49b92dde1c.js">https://todoist.com/_next/static/chunks/pages/_app-97b12c49b92dde1c.js</a></td>
					</tr>
					<tr>
						<td width="20%"
							class="indent2">Método</td>
						<td width="80%">GET</td>
					</tr>
					<tr>
						<td width="20%"
							class="indent2">Parameter</td>
						<td width="80%"></td>
					</tr>
					<tr>
						<td width="20%"
							class="indent2">Atacar</td>
						<td width="80%"></td>
					</tr>
					<tr>
						<td width="20%"
							class="indent2">Evidence</td>
						<td width="80%">1926607734</td>
					</tr>
				
					<tr>
						<td width="20%"
							class="indent1">URL</td>
						<td width="80%"><a href="https://todoist.com/_next/static/chunks/pages/_app-97b12c49b92dde1c.js">https://todoist.com/_next/static/chunks/pages/_app-97b12c49b92dde1c.js</a></td>
					</tr>
					<tr>
						<td width="20%"
							class="indent2">Método</td>
						<td width="80%">GET</td>
					</tr>
					<tr>
						<td width="20%"
							class="indent2">Parameter</td>
						<td width="80%"></td>
					</tr>
					<tr>
						<td width="20%"
							class="indent2">Atacar</td>
						<td width="80%"></td>
					</tr>
					<tr>
						<td width="20%"
							class="indent2">Evidence</td>
						<td width="80%">1958414417</td>
					</tr>
				
					<tr>
						<td width="20%"
							class="indent1">URL</td>
						<td width="80%"><a href="https://todoist.com/_next/static/chunks/pages/_app-97b12c49b92dde1c.js">https://todoist.com/_next/static/chunks/pages/_app-97b12c49b92dde1c.js</a></td>
					</tr>
					<tr>
						<td width="20%"
							class="indent2">Método</td>
						<td width="80%">GET</td>
					</tr>
					<tr>
						<td width="20%"
							class="indent2">Parameter</td>
						<td width="80%"></td>
					</tr>
					<tr>
						<td width="20%"
							class="indent2">Atacar</td>
						<td width="80%"></td>
					</tr>
					<tr>
						<td width="20%"
							class="indent2">Evidence</td>
						<td width="80%">19650218</td>
					</tr>
				
					<tr>
						<td width="20%"
							class="indent1">URL</td>
						<td width="80%"><a href="https://todoist.com/_next/static/chunks/pages/_app-97b12c49b92dde1c.js">https://todoist.com/_next/static/chunks/pages/_app-97b12c49b92dde1c.js</a></td>
					</tr>
					<tr>
						<td width="20%"
							class="indent2">Método</td>
						<td width="80%">GET</td>
					</tr>
					<tr>
						<td width="20%"
							class="indent2">Parameter</td>
						<td width="80%"></td>
					</tr>
					<tr>
						<td width="20%"
							class="indent2">Atacar</td>
						<td width="80%"></td>
					</tr>
					<tr>
						<td width="20%"
							class="indent2">Evidence</td>
						<td width="80%">198630844</td>
					</tr>
				
					<tr>
						<td width="20%"
							class="indent1">URL</td>
						<td width="80%"><a href="https://todoist.com/_next/static/chunks/pages/_app-97b12c49b92dde1c.js">https://todoist.com/_next/static/chunks/pages/_app-97b12c49b92dde1c.js</a></td>
					</tr>
					<tr>
						<td width="20%"
							class="indent2">Método</td>
						<td width="80%">GET</td>
					</tr>
					<tr>
						<td width="20%"
							class="indent2">Parameter</td>
						<td width="80%"></td>
					</tr>
					<tr>
						<td width="20%"
							class="indent2">Atacar</td>
						<td width="80%"></td>
					</tr>
					<tr>
						<td width="20%"
							class="indent2">Evidence</td>
						<td width="80%">1990404162</td>
					</tr>
				
					<tr>
						<td width="20%"
							class="indent1">URL</td>
						<td width="80%"><a href="https://todoist.com/_next/static/chunks/pages/_app-97b12c49b92dde1c.js">https://todoist.com/_next/static/chunks/pages/_app-97b12c49b92dde1c.js</a></td>
					</tr>
					<tr>
						<td width="20%"
							class="indent2">Método</td>
						<td width="80%">GET</td>
					</tr>
					<tr>
						<td width="20%"
							class="indent2">Parameter</td>
						<td width="80%"></td>
					</tr>
					<tr>
						<td width="20%"
							class="indent2">Atacar</td>
						<td width="80%"></td>
					</tr>
					<tr>
						<td width="20%"
							class="indent2">Evidence</td>
						<td width="80%">20100101</td>
					</tr>
				
					<tr>
						<td width="20%"
							class="indent1">URL</td>
						<td width="80%"><a href="https://todoist.com/_next/static/chunks/pages/_app-97b12c49b92dde1c.js">https://todoist.com/_next/static/chunks/pages/_app-97b12c49b92dde1c.js</a></td>
					</tr>
					<tr>
						<td width="20%"
							class="indent2">Método</td>
						<td width="80%">GET</td>
					</tr>
					<tr>
						<td width="20%"
							class="indent2">Parameter</td>
						<td width="80%"></td>
					</tr>
					<tr>
						<td width="20%"
							class="indent2">Atacar</td>
						<td width="80%"></td>
					</tr>
					<tr>
						<td width="20%"
							class="indent2">Evidence</td>
						<td width="80%">2022574463</td>
					</tr>
				
					<tr>
						<td width="20%"
							class="indent1">URL</td>
						<td width="80%"><a href="https://todoist.com/_next/static/chunks/pages/_app-97b12c49b92dde1c.js">https://todoist.com/_next/static/chunks/pages/_app-97b12c49b92dde1c.js</a></td>
					</tr>
					<tr>
						<td width="20%"
							class="indent2">Método</td>
						<td width="80%">GET</td>
					</tr>
					<tr>
						<td width="20%"
							class="indent2">Parameter</td>
						<td width="80%"></td>
					</tr>
					<tr>
						<td width="20%"
							class="indent2">Atacar</td>
						<td width="80%"></td>
					</tr>
					<tr>
						<td width="20%"
							class="indent2">Evidence</td>
						<td width="80%">2054922799</td>
					</tr>
				
					<tr>
						<td width="20%"
							class="indent1">URL</td>
						<td width="80%"><a href="https://todoist.com/_next/static/chunks/pages/_app-97b12c49b92dde1c.js">https://todoist.com/_next/static/chunks/pages/_app-97b12c49b92dde1c.js</a></td>
					</tr>
					<tr>
						<td width="20%"
							class="indent2">Método</td>
						<td width="80%">GET</td>
					</tr>
					<tr>
						<td width="20%"
							class="indent2">Parameter</td>
						<td width="80%"></td>
					</tr>
					<tr>
						<td width="20%"
							class="indent2">Atacar</td>
						<td width="80%"></td>
					</tr>
					<tr>
						<td width="20%"
							class="indent2">Evidence</td>
						<td width="80%">2147483647</td>
					</tr>
				
					<tr>
						<td width="20%"
							class="indent1">URL</td>
						<td width="80%"><a href="https://todoist.com/_next/static/chunks/pages/_app-97b12c49b92dde1c.js">https://todoist.com/_next/static/chunks/pages/_app-97b12c49b92dde1c.js</a></td>
					</tr>
					<tr>
						<td width="20%"
							class="indent2">Método</td>
						<td width="80%">GET</td>
					</tr>
					<tr>
						<td width="20%"
							class="indent2">Parameter</td>
						<td width="80%"></td>
					</tr>
					<tr>
						<td width="20%"
							class="indent2">Atacar</td>
						<td width="80%"></td>
					</tr>
					<tr>
						<td width="20%"
							class="indent2">Evidence</td>
						<td width="80%">268435455</td>
					</tr>
				
					<tr>
						<td width="20%"
							class="indent1">URL</td>
						<td width="80%"><a href="https://todoist.com/_next/static/chunks/pages/_app-97b12c49b92dde1c.js">https://todoist.com/_next/static/chunks/pages/_app-97b12c49b92dde1c.js</a></td>
					</tr>
					<tr>
						<td width="20%"
							class="indent2">Método</td>
						<td width="80%">GET</td>
					</tr>
					<tr>
						<td width="20%"
							class="indent2">Parameter</td>
						<td width="80%"></td>
					</tr>
					<tr>
						<td width="20%"
							class="indent2">Atacar</td>
						<td width="80%"></td>
					</tr>
					<tr>
						<td width="20%"
							class="indent2">Evidence</td>
						<td width="80%">271733878</td>
					</tr>
				
					<tr>
						<td width="20%"
							class="indent1">URL</td>
						<td width="80%"><a href="https://todoist.com/_next/static/chunks/pages/_app-97b12c49b92dde1c.js">https://todoist.com/_next/static/chunks/pages/_app-97b12c49b92dde1c.js</a></td>
					</tr>
					<tr>
						<td width="20%"
							class="indent2">Método</td>
						<td width="80%">GET</td>
					</tr>
					<tr>
						<td width="20%"
							class="indent2">Parameter</td>
						<td width="80%"></td>
					</tr>
					<tr>
						<td width="20%"
							class="indent2">Atacar</td>
						<td width="80%"></td>
					</tr>
					<tr>
						<td width="20%"
							class="indent2">Evidence</td>
						<td width="80%">271733879</td>
					</tr>
				
					<tr>
						<td width="20%"
							class="indent1">URL</td>
						<td width="80%"><a href="https://todoist.com/_next/static/chunks/pages/_app-97b12c49b92dde1c.js">https://todoist.com/_next/static/chunks/pages/_app-97b12c49b92dde1c.js</a></td>
					</tr>
					<tr>
						<td width="20%"
							class="indent2">Método</td>
						<td width="80%">GET</td>
					</tr>
					<tr>
						<td width="20%"
							class="indent2">Parameter</td>
						<td width="80%"></td>
					</tr>
					<tr>
						<td width="20%"
							class="indent2">Atacar</td>
						<td width="80%"></td>
					</tr>
					<tr>
						<td width="20%"
							class="indent2">Evidence</td>
						<td width="80%">30611744</td>
					</tr>
				
					<tr>
						<td width="20%"
							class="indent1">URL</td>
						<td width="80%"><a href="https://todoist.com/_next/static/chunks/pages/_app-97b12c49b92dde1c.js">https://todoist.com/_next/static/chunks/pages/_app-97b12c49b92dde1c.js</a></td>
					</tr>
					<tr>
						<td width="20%"
							class="indent2">Método</td>
						<td width="80%">GET</td>
					</tr>
					<tr>
						<td width="20%"
							class="indent2">Parameter</td>
						<td width="80%"></td>
					</tr>
					<tr>
						<td width="20%"
							class="indent2">Atacar</td>
						<td width="80%"></td>
					</tr>
					<tr>
						<td width="20%"
							class="indent2">Evidence</td>
						<td width="80%">343485551</td>
					</tr>
				
					<tr>
						<td width="20%"
							class="indent1">URL</td>
						<td width="80%"><a href="https://todoist.com/_next/static/chunks/pages/_app-97b12c49b92dde1c.js">https://todoist.com/_next/static/chunks/pages/_app-97b12c49b92dde1c.js</a></td>
					</tr>
					<tr>
						<td width="20%"
							class="indent2">Método</td>
						<td width="80%">GET</td>
					</tr>
					<tr>
						<td width="20%"
							class="indent2">Parameter</td>
						<td width="80%"></td>
					</tr>
					<tr>
						<td width="20%"
							class="indent2">Atacar</td>
						<td width="80%"></td>
					</tr>
					<tr>
						<td width="20%"
							class="indent2">Evidence</td>
						<td width="80%">35309556</td>
					</tr>
				
					<tr>
						<td width="20%"
							class="indent1">URL</td>
						<td width="80%"><a href="https://todoist.com/_next/static/chunks/pages/_app-97b12c49b92dde1c.js">https://todoist.com/_next/static/chunks/pages/_app-97b12c49b92dde1c.js</a></td>
					</tr>
					<tr>
						<td width="20%"
							class="indent2">Método</td>
						<td width="80%">GET</td>
					</tr>
					<tr>
						<td width="20%"
							class="indent2">Parameter</td>
						<td width="80%"></td>
					</tr>
					<tr>
						<td width="20%"
							class="indent2">Atacar</td>
						<td width="80%"></td>
					</tr>
					<tr>
						<td width="20%"
							class="indent2">Evidence</td>
						<td width="80%">358537222</td>
					</tr>
				
					<tr>
						<td width="20%"
							class="indent1">URL</td>
						<td width="80%"><a href="https://todoist.com/_next/static/chunks/pages/_app-97b12c49b92dde1c.js">https://todoist.com/_next/static/chunks/pages/_app-97b12c49b92dde1c.js</a></td>
					</tr>
					<tr>
						<td width="20%"
							class="indent2">Método</td>
						<td width="80%">GET</td>
					</tr>
					<tr>
						<td width="20%"
							class="indent2">Parameter</td>
						<td width="80%"></td>
					</tr>
					<tr>
						<td width="20%"
							class="indent2">Atacar</td>
						<td width="80%"></td>
					</tr>
					<tr>
						<td width="20%"
							class="indent2">Evidence</td>
						<td width="80%">373897302</td>
					</tr>
				
					<tr>
						<td width="20%"
							class="indent1">URL</td>
						<td width="80%"><a href="https://todoist.com/_next/static/chunks/pages/_app-97b12c49b92dde1c.js">https://todoist.com/_next/static/chunks/pages/_app-97b12c49b92dde1c.js</a></td>
					</tr>
					<tr>
						<td width="20%"
							class="indent2">Método</td>
						<td width="80%">GET</td>
					</tr>
					<tr>
						<td width="20%"
							class="indent2">Parameter</td>
						<td width="80%"></td>
					</tr>
					<tr>
						<td width="20%"
							class="indent2">Atacar</td>
						<td width="80%"></td>
					</tr>
					<tr>
						<td width="20%"
							class="indent2">Evidence</td>
						<td width="80%">38016083</td>
					</tr>
				
					<tr>
						<td width="20%"
							class="indent1">URL</td>
						<td width="80%"><a href="https://todoist.com/_next/static/chunks/pages/_app-97b12c49b92dde1c.js">https://todoist.com/_next/static/chunks/pages/_app-97b12c49b92dde1c.js</a></td>
					</tr>
					<tr>
						<td width="20%"
							class="indent2">Método</td>
						<td width="80%">GET</td>
					</tr>
					<tr>
						<td width="20%"
							class="indent2">Parameter</td>
						<td width="80%"></td>
					</tr>
					<tr>
						<td width="20%"
							class="indent2">Atacar</td>
						<td width="80%"></td>
					</tr>
					<tr>
						<td width="20%"
							class="indent2">Evidence</td>
						<td width="80%">389564586</td>
					</tr>
				
					<tr>
						<td width="20%"
							class="indent1">URL</td>
						<td width="80%"><a href="https://todoist.com/_next/static/chunks/pages/_app-97b12c49b92dde1c.js">https://todoist.com/_next/static/chunks/pages/_app-97b12c49b92dde1c.js</a></td>
					</tr>
					<tr>
						<td width="20%"
							class="indent2">Método</td>
						<td width="80%">GET</td>
					</tr>
					<tr>
						<td width="20%"
							class="indent2">Parameter</td>
						<td width="80%"></td>
					</tr>
					<tr>
						<td width="20%"
							class="indent2">Atacar</td>
						<td width="80%"></td>
					</tr>
					<tr>
						<td width="20%"
							class="indent2">Evidence</td>
						<td width="80%">40341101</td>
					</tr>
				
					<tr>
						<td width="20%"
							class="indent1">URL</td>
						<td width="80%"><a href="https://todoist.com/_next/static/chunks/pages/_app-97b12c49b92dde1c.js">https://todoist.com/_next/static/chunks/pages/_app-97b12c49b92dde1c.js</a></td>
					</tr>
					<tr>
						<td width="20%"
							class="indent2">Método</td>
						<td width="80%">GET</td>
					</tr>
					<tr>
						<td width="20%"
							class="indent2">Parameter</td>
						<td width="80%"></td>
					</tr>
					<tr>
						<td width="20%"
							class="indent2">Atacar</td>
						<td width="80%"></td>
					</tr>
					<tr>
						<td width="20%"
							class="indent2">Evidence</td>
						<td width="80%">405537848</td>
					</tr>
				
					<tr>
						<td width="20%"
							class="indent1">URL</td>
						<td width="80%"><a href="https://todoist.com/_next/static/chunks/pages/_app-97b12c49b92dde1c.js">https://todoist.com/_next/static/chunks/pages/_app-97b12c49b92dde1c.js</a></td>
					</tr>
					<tr>
						<td width="20%"
							class="indent2">Método</td>
						<td width="80%">GET</td>
					</tr>
					<tr>
						<td width="20%"
							class="indent2">Parameter</td>
						<td width="80%"></td>
					</tr>
					<tr>
						<td width="20%"
							class="indent2">Atacar</td>
						<td width="80%"></td>
					</tr>
					<tr>
						<td width="20%"
							class="indent2">Evidence</td>
						<td width="80%">421815835</td>
					</tr>
				
					<tr>
						<td width="20%"
							class="indent1">URL</td>
						<td width="80%"><a href="https://todoist.com/_next/static/chunks/pages/_app-97b12c49b92dde1c.js">https://todoist.com/_next/static/chunks/pages/_app-97b12c49b92dde1c.js</a></td>
					</tr>
					<tr>
						<td width="20%"
							class="indent2">Método</td>
						<td width="80%">GET</td>
					</tr>
					<tr>
						<td width="20%"
							class="indent2">Parameter</td>
						<td width="80%"></td>
					</tr>
					<tr>
						<td width="20%"
							class="indent2">Atacar</td>
						<td width="80%"></td>
					</tr>
					<tr>
						<td width="20%"
							class="indent2">Evidence</td>
						<td width="80%">45705983</td>
					</tr>
				
					<tr>
						<td width="20%"
							class="indent1">URL</td>
						<td width="80%"><a href="https://todoist.com/_next/static/chunks/pages/_app-97b12c49b92dde1c.js">https://todoist.com/_next/static/chunks/pages/_app-97b12c49b92dde1c.js</a></td>
					</tr>
					<tr>
						<td width="20%"
							class="indent2">Método</td>
						<td width="80%">GET</td>
					</tr>
					<tr>
						<td width="20%"
							class="indent2">Parameter</td>
						<td width="80%"></td>
					</tr>
					<tr>
						<td width="20%"
							class="indent2">Atacar</td>
						<td width="80%"></td>
					</tr>
					<tr>
						<td width="20%"
							class="indent2">Evidence</td>
						<td width="80%">51403784</td>
					</tr>
				
					<tr>
						<td width="20%"
							class="indent1">URL</td>
						<td width="80%"><a href="https://todoist.com/_next/static/chunks/pages/_app-97b12c49b92dde1c.js">https://todoist.com/_next/static/chunks/pages/_app-97b12c49b92dde1c.js</a></td>
					</tr>
					<tr>
						<td width="20%"
							class="indent2">Método</td>
						<td width="80%">GET</td>
					</tr>
					<tr>
						<td width="20%"
							class="indent2">Parameter</td>
						<td width="80%"></td>
					</tr>
					<tr>
						<td width="20%"
							class="indent2">Atacar</td>
						<td width="80%"></td>
					</tr>
					<tr>
						<td width="20%"
							class="indent2">Evidence</td>
						<td width="80%">530742520</td>
					</tr>
				
					<tr>
						<td width="20%"
							class="indent1">URL</td>
						<td width="80%"><a href="https://todoist.com/_next/static/chunks/pages/_app-97b12c49b92dde1c.js">https://todoist.com/_next/static/chunks/pages/_app-97b12c49b92dde1c.js</a></td>
					</tr>
					<tr>
						<td width="20%"
							class="indent2">Método</td>
						<td width="80%">GET</td>
					</tr>
					<tr>
						<td width="20%"
							class="indent2">Parameter</td>
						<td width="80%"></td>
					</tr>
					<tr>
						<td width="20%"
							class="indent2">Atacar</td>
						<td width="80%"></td>
					</tr>
					<tr>
						<td width="20%"
							class="indent2">Evidence</td>
						<td width="80%">568446438</td>
					</tr>
				
					<tr>
						<td width="20%"
							class="indent1">URL</td>
						<td width="80%"><a href="https://todoist.com/_next/static/chunks/pages/_app-97b12c49b92dde1c.js">https://todoist.com/_next/static/chunks/pages/_app-97b12c49b92dde1c.js</a></td>
					</tr>
					<tr>
						<td width="20%"
							class="indent2">Método</td>
						<td width="80%">GET</td>
					</tr>
					<tr>
						<td width="20%"
							class="indent2">Parameter</td>
						<td width="80%"></td>
					</tr>
					<tr>
						<td width="20%"
							class="indent2">Atacar</td>
						<td width="80%"></td>
					</tr>
					<tr>
						<td width="20%"
							class="indent2">Evidence</td>
						<td width="80%">57434055</td>
					</tr>
				
					<tr>
						<td width="20%"
							class="indent1">URL</td>
						<td width="80%"><a href="https://todoist.com/_next/static/chunks/pages/_app-97b12c49b92dde1c.js">https://todoist.com/_next/static/chunks/pages/_app-97b12c49b92dde1c.js</a></td>
					</tr>
					<tr>
						<td width="20%"
							class="indent2">Método</td>
						<td width="80%">GET</td>
					</tr>
					<tr>
						<td width="20%"
							class="indent2">Parameter</td>
						<td width="80%"></td>
					</tr>
					<tr>
						<td width="20%"
							class="indent2">Atacar</td>
						<td width="80%"></td>
					</tr>
					<tr>
						<td width="20%"
							class="indent2">Evidence</td>
						<td width="80%">606105819</td>
					</tr>
				
					<tr>
						<td width="20%"
							class="indent1">URL</td>
						<td width="80%"><a href="https://todoist.com/_next/static/chunks/pages/_app-97b12c49b92dde1c.js">https://todoist.com/_next/static/chunks/pages/_app-97b12c49b92dde1c.js</a></td>
					</tr>
					<tr>
						<td width="20%"
							class="indent2">Método</td>
						<td width="80%">GET</td>
					</tr>
					<tr>
						<td width="20%"
							class="indent2">Parameter</td>
						<td width="80%"></td>
					</tr>
					<tr>
						<td width="20%"
							class="indent2">Atacar</td>
						<td width="80%"></td>
					</tr>
					<tr>
						<td width="20%"
							class="indent2">Evidence</td>
						<td width="80%">640364487</td>
					</tr>
				
					<tr>
						<td width="20%"
							class="indent1">URL</td>
						<td width="80%"><a href="https://todoist.com/_next/static/chunks/pages/_app-97b12c49b92dde1c.js">https://todoist.com/_next/static/chunks/pages/_app-97b12c49b92dde1c.js</a></td>
					</tr>
					<tr>
						<td width="20%"
							class="indent2">Método</td>
						<td width="80%">GET</td>
					</tr>
					<tr>
						<td width="20%"
							class="indent2">Parameter</td>
						<td width="80%"></td>
					</tr>
					<tr>
						<td width="20%"
							class="indent2">Atacar</td>
						<td width="80%"></td>
					</tr>
					<tr>
						<td width="20%"
							class="indent2">Evidence</td>
						<td width="80%">643717713</td>
					</tr>
				
					<tr>
						<td width="20%"
							class="indent1">URL</td>
						<td width="80%"><a href="https://todoist.com/_next/static/chunks/pages/_app-97b12c49b92dde1c.js">https://todoist.com/_next/static/chunks/pages/_app-97b12c49b92dde1c.js</a></td>
					</tr>
					<tr>
						<td width="20%"
							class="indent2">Método</td>
						<td width="80%">GET</td>
					</tr>
					<tr>
						<td width="20%"
							class="indent2">Parameter</td>
						<td width="80%"></td>
					</tr>
					<tr>
						<td width="20%"
							class="indent2">Atacar</td>
						<td width="80%"></td>
					</tr>
					<tr>
						<td width="20%"
							class="indent2">Evidence</td>
						<td width="80%">660478335</td>
					</tr>
				
					<tr>
						<td width="20%"
							class="indent1">URL</td>
						<td width="80%"><a href="https://todoist.com/_next/static/chunks/pages/_app-97b12c49b92dde1c.js">https://todoist.com/_next/static/chunks/pages/_app-97b12c49b92dde1c.js</a></td>
					</tr>
					<tr>
						<td width="20%"
							class="indent2">Método</td>
						<td width="80%">GET</td>
					</tr>
					<tr>
						<td width="20%"
							class="indent2">Parameter</td>
						<td width="80%"></td>
					</tr>
					<tr>
						<td width="20%"
							class="indent2">Atacar</td>
						<td width="80%"></td>
					</tr>
					<tr>
						<td width="20%"
							class="indent2">Evidence</td>
						<td width="80%">67108864</td>
					</tr>
				
					<tr>
						<td width="20%"
							class="indent1">URL</td>
						<td width="80%"><a href="https://todoist.com/_next/static/chunks/pages/_app-97b12c49b92dde1c.js">https://todoist.com/_next/static/chunks/pages/_app-97b12c49b92dde1c.js</a></td>
					</tr>
					<tr>
						<td width="20%"
							class="indent2">Método</td>
						<td width="80%">GET</td>
					</tr>
					<tr>
						<td width="20%"
							class="indent2">Parameter</td>
						<td width="80%"></td>
					</tr>
					<tr>
						<td width="20%"
							class="indent2">Atacar</td>
						<td width="80%"></td>
					</tr>
					<tr>
						<td width="20%"
							class="indent2">Evidence</td>
						<td width="80%">680876936</td>
					</tr>
				
					<tr>
						<td width="20%"
							class="indent1">URL</td>
						<td width="80%"><a href="https://todoist.com/_next/static/chunks/pages/_app-97b12c49b92dde1c.js">https://todoist.com/_next/static/chunks/pages/_app-97b12c49b92dde1c.js</a></td>
					</tr>
					<tr>
						<td width="20%"
							class="indent2">Método</td>
						<td width="80%">GET</td>
					</tr>
					<tr>
						<td width="20%"
							class="indent2">Parameter</td>
						<td width="80%"></td>
					</tr>
					<tr>
						<td width="20%"
							class="indent2">Atacar</td>
						<td width="80%"></td>
					</tr>
					<tr>
						<td width="20%"
							class="indent2">Evidence</td>
						<td width="80%">681279174</td>
					</tr>
				
					<tr>
						<td width="20%"
							class="indent1">URL</td>
						<td width="80%"><a href="https://todoist.com/_next/static/chunks/pages/_app-97b12c49b92dde1c.js">https://todoist.com/_next/static/chunks/pages/_app-97b12c49b92dde1c.js</a></td>
					</tr>
					<tr>
						<td width="20%"
							class="indent2">Método</td>
						<td width="80%">GET</td>
					</tr>
					<tr>
						<td width="20%"
							class="indent2">Parameter</td>
						<td width="80%"></td>
					</tr>
					<tr>
						<td width="20%"
							class="indent2">Atacar</td>
						<td width="80%"></td>
					</tr>
					<tr>
						<td width="20%"
							class="indent2">Evidence</td>
						<td width="80%">701558691</td>
					</tr>
				
					<tr>
						<td width="20%"
							class="indent1">URL</td>
						<td width="80%"><a href="https://todoist.com/_next/static/chunks/pages/_app-97b12c49b92dde1c.js">https://todoist.com/_next/static/chunks/pages/_app-97b12c49b92dde1c.js</a></td>
					</tr>
					<tr>
						<td width="20%"
							class="indent2">Método</td>
						<td width="80%">GET</td>
					</tr>
					<tr>
						<td width="20%"
							class="indent2">Parameter</td>
						<td width="80%"></td>
					</tr>
					<tr>
						<td width="20%"
							class="indent2">Atacar</td>
						<td width="80%"></td>
					</tr>
					<tr>
						<td width="20%"
							class="indent2">Evidence</td>
						<td width="80%">718787259</td>
					</tr>
				
					<tr>
						<td width="20%"
							class="indent1">URL</td>
						<td width="80%"><a href="https://todoist.com/_next/static/chunks/pages/_app-97b12c49b92dde1c.js">https://todoist.com/_next/static/chunks/pages/_app-97b12c49b92dde1c.js</a></td>
					</tr>
					<tr>
						<td width="20%"
							class="indent2">Método</td>
						<td width="80%">GET</td>
					</tr>
					<tr>
						<td width="20%"
							class="indent2">Parameter</td>
						<td width="80%"></td>
					</tr>
					<tr>
						<td width="20%"
							class="indent2">Atacar</td>
						<td width="80%"></td>
					</tr>
					<tr>
						<td width="20%"
							class="indent2">Evidence</td>
						<td width="80%">722521979</td>
					</tr>
				
					<tr>
						<td width="20%"
							class="indent1">URL</td>
						<td width="80%"><a href="https://todoist.com/_next/static/chunks/pages/_app-97b12c49b92dde1c.js">https://todoist.com/_next/static/chunks/pages/_app-97b12c49b92dde1c.js</a></td>
					</tr>
					<tr>
						<td width="20%"
							class="indent2">Método</td>
						<td width="80%">GET</td>
					</tr>
					<tr>
						<td width="20%"
							class="indent2">Parameter</td>
						<td width="80%"></td>
					</tr>
					<tr>
						<td width="20%"
							class="indent2">Atacar</td>
						<td width="80%"></td>
					</tr>
					<tr>
						<td width="20%"
							class="indent2">Evidence</td>
						<td width="80%">76029189</td>
					</tr>
				
					<tr>
						<td width="20%"
							class="indent1">URL</td>
						<td width="80%"><a href="https://todoist.com/_next/static/chunks/pages/_app-97b12c49b92dde1c.js">https://todoist.com/_next/static/chunks/pages/_app-97b12c49b92dde1c.js</a></td>
					</tr>
					<tr>
						<td width="20%"
							class="indent2">Método</td>
						<td width="80%">GET</td>
					</tr>
					<tr>
						<td width="20%"
							class="indent2">Parameter</td>
						<td width="80%"></td>
					</tr>
					<tr>
						<td width="20%"
							class="indent2">Atacar</td>
						<td width="80%"></td>
					</tr>
					<tr>
						<td width="20%"
							class="indent2">Evidence</td>
						<td width="80%">995338651</td>
					</tr>
				
					<tr>
						<td width="20%"
							class="indent1">URL</td>
						<td width="80%"><a href="https://www.google-analytics.com/analytics.js">https://www.google-analytics.com/analytics.js</a></td>
					</tr>
					<tr>
						<td width="20%"
							class="indent2">Método</td>
						<td width="80%">GET</td>
					</tr>
					<tr>
						<td width="20%"
							class="indent2">Parameter</td>
						<td width="80%"></td>
					</tr>
					<tr>
						<td width="20%"
							class="indent2">Atacar</td>
						<td width="80%"></td>
					</tr>
					<tr>
						<td width="20%"
							class="indent2">Evidence</td>
						<td width="80%">0123456789</td>
					</tr>
				
					<tr>
						<td width="20%"
							class="indent1">URL</td>
						<td width="80%"><a href="https://www.google-analytics.com/analytics.js">https://www.google-analytics.com/analytics.js</a></td>
					</tr>
					<tr>
						<td width="20%"
							class="indent2">Método</td>
						<td width="80%">GET</td>
					</tr>
					<tr>
						<td width="20%"
							class="indent2">Parameter</td>
						<td width="80%"></td>
					</tr>
					<tr>
						<td width="20%"
							class="indent2">Atacar</td>
						<td width="80%"></td>
					</tr>
					<tr>
						<td width="20%"
							class="indent2">Evidence</td>
						<td width="80%">2147483647</td>
					</tr>
				
					<tr>
						<td width="20%"
							class="indent1">URL</td>
						<td width="80%"><a href="https://www.google-analytics.com/analytics.js">https://www.google-analytics.com/analytics.js</a></td>
					</tr>
					<tr>
						<td width="20%"
							class="indent2">Método</td>
						<td width="80%">GET</td>
					</tr>
					<tr>
						<td width="20%"
							class="indent2">Parameter</td>
						<td width="80%"></td>
					</tr>
					<tr>
						<td width="20%"
							class="indent2">Atacar</td>
						<td width="80%"></td>
					</tr>
					<tr>
						<td width="20%"
							class="indent2">Evidence</td>
						<td width="80%">266338304</td>
					</tr>
				
					<tr>
						<td width="20%"
							class="indent1">URL</td>
						<td width="80%"><a href="https://www.google-analytics.com/analytics.js">https://www.google-analytics.com/analytics.js</a></td>
					</tr>
					<tr>
						<td width="20%"
							class="indent2">Método</td>
						<td width="80%">GET</td>
					</tr>
					<tr>
						<td width="20%"
							class="indent2">Parameter</td>
						<td width="80%"></td>
					</tr>
					<tr>
						<td width="20%"
							class="indent2">Atacar</td>
						<td width="80%"></td>
					</tr>
					<tr>
						<td width="20%"
							class="indent2">Evidence</td>
						<td width="80%">268435455</td>
					</tr>
				
				<tr>
					<td width="20%">Instances</td>
					<td width="80%">93</td>
				</tr>
				<tr>
					<td width="20%">Solution</td>
					<td width="80%">
							<div>Confirmar manualmente que los datos de marca de hora no son sensibles, y que los datos no pueden ser agregados a patrones explotables de divulgación.</div>
							
						</td>
				</tr>
				<tr>
					<td width="20%">Reference</td>
					<td width="80%">
							<a href="http://projects.webappsec.org/w/page/13246936/Information%20Leakage">http://projects.webappsec.org/w/page/13246936/Information%20Leakage</a>
							
						</td>
				</tr>
				<tr>
					<td width="20%">CWE Id</td>
					<td width="80%"><a
						href="https://cwe.mitre.org/data/definitions/200.html">200</a></td>
				</tr>
				<tr>
					<td width="20%">WASC Id</td>
					<td width="80%">13</td>
				</tr>
				<tr>
					<td width="20%">Plugin Id</td>
					<td width="80%"><a
						href="https://www.zaproxy.org/docs/alerts/10096/">10096</a></td>
				</tr>
			</table>
			<div class="spacer"></div>
		
			<table class="results">
				<tr height="24">
					<th width="20%" class="risk-1"><a
						id="10021"></a>
						<div>Bajo</div></th>
					<th class="risk-1">X-Content-Type-Options Header Missing</th>
				</tr>
				<tr>
					<td width="20%">Descripción</td>
					<td width="80%">
							<div>The Anti-MIME-Sniffing header X-Content-Type-Options was not set to &#39;nosniff&#39;. This allows older versions of Internet Explorer and Chrome to perform MIME-sniffing on the response body, potentially causing the response body to be interpreted and displayed as a content type other than the declared content type. Current (early 2014) and legacy versions of Firefox will use the declared content type (if one is set), rather than performing MIME-sniffing.</div>
							
						</td>
				</tr>
				<TR vAlign="top">
					<TD colspan="2"></TD>
				</TR>
				
					<tr>
						<td width="20%"
							class="indent1">URL</td>
						<td width="80%"><a href="https://js.partnerstack.com/v1/">https://js.partnerstack.com/v1/</a></td>
					</tr>
					<tr>
						<td width="20%"
							class="indent2">Método</td>
						<td width="80%">GET</td>
					</tr>
					<tr>
						<td width="20%"
							class="indent2">Parameter</td>
						<td width="80%">X-Content-Type-Options</td>
					</tr>
					<tr>
						<td width="20%"
							class="indent2">Atacar</td>
						<td width="80%"></td>
					</tr>
					<tr>
						<td width="20%"
							class="indent2">Evidence</td>
						<td width="80%"></td>
					</tr>
				
					<tr>
						<td width="20%"
							class="indent1">URL</td>
						<td width="80%"><a href="https://snap.licdn.com/li.lms-analytics/insight.min.js">https://snap.licdn.com/li.lms-analytics/insight.min.js</a></td>
					</tr>
					<tr>
						<td width="20%"
							class="indent2">Método</td>
						<td width="80%">GET</td>
					</tr>
					<tr>
						<td width="20%"
							class="indent2">Parameter</td>
						<td width="80%">X-Content-Type-Options</td>
					</tr>
					<tr>
						<td width="20%"
							class="indent2">Atacar</td>
						<td width="80%"></td>
					</tr>
					<tr>
						<td width="20%"
							class="indent2">Evidence</td>
						<td width="80%"></td>
					</tr>
				
					<tr>
						<td width="20%"
							class="indent1">URL</td>
						<td width="80%"><a href="https://todoist.com/_next/static/chunks/framework-560765ab0625ba27.js">https://todoist.com/_next/static/chunks/framework-560765ab0625ba27.js</a></td>
					</tr>
					<tr>
						<td width="20%"
							class="indent2">Método</td>
						<td width="80%">GET</td>
					</tr>
					<tr>
						<td width="20%"
							class="indent2">Parameter</td>
						<td width="80%">X-Content-Type-Options</td>
					</tr>
					<tr>
						<td width="20%"
							class="indent2">Atacar</td>
						<td width="80%"></td>
					</tr>
					<tr>
						<td width="20%"
							class="indent2">Evidence</td>
						<td width="80%"></td>
					</tr>
				
					<tr>
						<td width="20%"
							class="indent1">URL</td>
						<td width="80%"><a href="https://todoist.com/_next/static/chunks/main-8821c5f692d5ea55.js">https://todoist.com/_next/static/chunks/main-8821c5f692d5ea55.js</a></td>
					</tr>
					<tr>
						<td width="20%"
							class="indent2">Método</td>
						<td width="80%">GET</td>
					</tr>
					<tr>
						<td width="20%"
							class="indent2">Parameter</td>
						<td width="80%">X-Content-Type-Options</td>
					</tr>
					<tr>
						<td width="20%"
							class="indent2">Atacar</td>
						<td width="80%"></td>
					</tr>
					<tr>
						<td width="20%"
							class="indent2">Evidence</td>
						<td width="80%"></td>
					</tr>
				
					<tr>
						<td width="20%"
							class="indent1">URL</td>
						<td width="80%"><a href="https://todoist.com/_next/static/chunks/pages/_app-97b12c49b92dde1c.js">https://todoist.com/_next/static/chunks/pages/_app-97b12c49b92dde1c.js</a></td>
					</tr>
					<tr>
						<td width="20%"
							class="indent2">Método</td>
						<td width="80%">GET</td>
					</tr>
					<tr>
						<td width="20%"
							class="indent2">Parameter</td>
						<td width="80%">X-Content-Type-Options</td>
					</tr>
					<tr>
						<td width="20%"
							class="indent2">Atacar</td>
						<td width="80%"></td>
					</tr>
					<tr>
						<td width="20%"
							class="indent2">Evidence</td>
						<td width="80%"></td>
					</tr>
				
					<tr>
						<td width="20%"
							class="indent1">URL</td>
						<td width="80%"><a href="https://todoist.com/_next/static/chunks/pages/index-7546611949d09f63.js">https://todoist.com/_next/static/chunks/pages/index-7546611949d09f63.js</a></td>
					</tr>
					<tr>
						<td width="20%"
							class="indent2">Método</td>
						<td width="80%">GET</td>
					</tr>
					<tr>
						<td width="20%"
							class="indent2">Parameter</td>
						<td width="80%">X-Content-Type-Options</td>
					</tr>
					<tr>
						<td width="20%"
							class="indent2">Atacar</td>
						<td width="80%"></td>
					</tr>
					<tr>
						<td width="20%"
							class="indent2">Evidence</td>
						<td width="80%"></td>
					</tr>
				
					<tr>
						<td width="20%"
							class="indent1">URL</td>
						<td width="80%"><a href="https://todoist.com/_next/static/chunks/webpack-4be01baa9f0f31bf.js">https://todoist.com/_next/static/chunks/webpack-4be01baa9f0f31bf.js</a></td>
					</tr>
					<tr>
						<td width="20%"
							class="indent2">Método</td>
						<td width="80%">GET</td>
					</tr>
					<tr>
						<td width="20%"
							class="indent2">Parameter</td>
						<td width="80%">X-Content-Type-Options</td>
					</tr>
					<tr>
						<td width="20%"
							class="indent2">Atacar</td>
						<td width="80%"></td>
					</tr>
					<tr>
						<td width="20%"
							class="indent2">Evidence</td>
						<td width="80%"></td>
					</tr>
				
					<tr>
						<td width="20%"
							class="indent1">URL</td>
						<td width="80%"><a href="https://todoist.com/_next/static/css/1747a9a3ad274125.css">https://todoist.com/_next/static/css/1747a9a3ad274125.css</a></td>
					</tr>
					<tr>
						<td width="20%"
							class="indent2">Método</td>
						<td width="80%">GET</td>
					</tr>
					<tr>
						<td width="20%"
							class="indent2">Parameter</td>
						<td width="80%">X-Content-Type-Options</td>
					</tr>
					<tr>
						<td width="20%"
							class="indent2">Atacar</td>
						<td width="80%"></td>
					</tr>
					<tr>
						<td width="20%"
							class="indent2">Evidence</td>
						<td width="80%"></td>
					</tr>
				
					<tr>
						<td width="20%"
							class="indent1">URL</td>
						<td width="80%"><a href="https://todoist.com/_next/static/css/f0f8f8df797f9de3.css">https://todoist.com/_next/static/css/f0f8f8df797f9de3.css</a></td>
					</tr>
					<tr>
						<td width="20%"
							class="indent2">Método</td>
						<td width="80%">GET</td>
					</tr>
					<tr>
						<td width="20%"
							class="indent2">Parameter</td>
						<td width="80%">X-Content-Type-Options</td>
					</tr>
					<tr>
						<td width="20%"
							class="indent2">Atacar</td>
						<td width="80%"></td>
					</tr>
					<tr>
						<td width="20%"
							class="indent2">Evidence</td>
						<td width="80%"></td>
					</tr>
				
					<tr>
						<td width="20%"
							class="indent1">URL</td>
						<td width="80%"><a href="https://todoist.com/_next/static/MEfwhqGtRUPs_64FIKPsw/_buildManifest.js">https://todoist.com/_next/static/MEfwhqGtRUPs_64FIKPsw/_buildManifest.js</a></td>
					</tr>
					<tr>
						<td width="20%"
							class="indent2">Método</td>
						<td width="80%">GET</td>
					</tr>
					<tr>
						<td width="20%"
							class="indent2">Parameter</td>
						<td width="80%">X-Content-Type-Options</td>
					</tr>
					<tr>
						<td width="20%"
							class="indent2">Atacar</td>
						<td width="80%"></td>
					</tr>
					<tr>
						<td width="20%"
							class="indent2">Evidence</td>
						<td width="80%"></td>
					</tr>
				
					<tr>
						<td width="20%"
							class="indent1">URL</td>
						<td width="80%"><a href="https://todoist.com/_next/static/MEfwhqGtRUPs_64FIKPsw/_middlewareManifest.js">https://todoist.com/_next/static/MEfwhqGtRUPs_64FIKPsw/_middlewareManifest.js</a></td>
					</tr>
					<tr>
						<td width="20%"
							class="indent2">Método</td>
						<td width="80%">GET</td>
					</tr>
					<tr>
						<td width="20%"
							class="indent2">Parameter</td>
						<td width="80%">X-Content-Type-Options</td>
					</tr>
					<tr>
						<td width="20%"
							class="indent2">Atacar</td>
						<td width="80%"></td>
					</tr>
					<tr>
						<td width="20%"
							class="indent2">Evidence</td>
						<td width="80%"></td>
					</tr>
				
					<tr>
						<td width="20%"
							class="indent1">URL</td>
						<td width="80%"><a href="https://todoist.com/_next/static/MEfwhqGtRUPs_64FIKPsw/_ssgManifest.js">https://todoist.com/_next/static/MEfwhqGtRUPs_64FIKPsw/_ssgManifest.js</a></td>
					</tr>
					<tr>
						<td width="20%"
							class="indent2">Método</td>
						<td width="80%">GET</td>
					</tr>
					<tr>
						<td width="20%"
							class="indent2">Parameter</td>
						<td width="80%">X-Content-Type-Options</td>
					</tr>
					<tr>
						<td width="20%"
							class="indent2">Atacar</td>
						<td width="80%"></td>
					</tr>
					<tr>
						<td width="20%"
							class="indent2">Evidence</td>
						<td width="80%"></td>
					</tr>
				
					<tr>
						<td width="20%"
							class="indent1">URL</td>
						<td width="80%"><a href="https://todoist.com/es">https://todoist.com/es</a></td>
					</tr>
					<tr>
						<td width="20%"
							class="indent2">Método</td>
						<td width="80%">GET</td>
					</tr>
					<tr>
						<td width="20%"
							class="indent2">Parameter</td>
						<td width="80%">X-Content-Type-Options</td>
					</tr>
					<tr>
						<td width="20%"
							class="indent2">Atacar</td>
						<td width="80%"></td>
					</tr>
					<tr>
						<td width="20%"
							class="indent2">Evidence</td>
						<td width="80%"></td>
					</tr>
				
					<tr>
						<td width="20%"
							class="indent1">URL</td>
						<td width="80%"><a href="https://todoist.com/static/fonts/Graphik-Medium-Web.woff">https://todoist.com/static/fonts/Graphik-Medium-Web.woff</a></td>
					</tr>
					<tr>
						<td width="20%"
							class="indent2">Método</td>
						<td width="80%">GET</td>
					</tr>
					<tr>
						<td width="20%"
							class="indent2">Parameter</td>
						<td width="80%">X-Content-Type-Options</td>
					</tr>
					<tr>
						<td width="20%"
							class="indent2">Atacar</td>
						<td width="80%"></td>
					</tr>
					<tr>
						<td width="20%"
							class="indent2">Evidence</td>
						<td width="80%"></td>
					</tr>
				
					<tr>
						<td width="20%"
							class="indent1">URL</td>
						<td width="80%"><a href="https://todoist.com/static/fonts/Graphik-Regular-Web.woff">https://todoist.com/static/fonts/Graphik-Regular-Web.woff</a></td>
					</tr>
					<tr>
						<td width="20%"
							class="indent2">Método</td>
						<td width="80%">GET</td>
					</tr>
					<tr>
						<td width="20%"
							class="indent2">Parameter</td>
						<td width="80%">X-Content-Type-Options</td>
					</tr>
					<tr>
						<td width="20%"
							class="indent2">Atacar</td>
						<td width="80%"></td>
					</tr>
					<tr>
						<td width="20%"
							class="indent2">Evidence</td>
						<td width="80%"></td>
					</tr>
				
					<tr>
						<td width="20%"
							class="indent1">URL</td>
						<td width="80%"><a href="https://todoist.com/static/fonts/Graphik-Semibold-Web.woff">https://todoist.com/static/fonts/Graphik-Semibold-Web.woff</a></td>
					</tr>
					<tr>
						<td width="20%"
							class="indent2">Método</td>
						<td width="80%">GET</td>
					</tr>
					<tr>
						<td width="20%"
							class="indent2">Parameter</td>
						<td width="80%">X-Content-Type-Options</td>
					</tr>
					<tr>
						<td width="20%"
							class="indent2">Atacar</td>
						<td width="80%"></td>
					</tr>
					<tr>
						<td width="20%"
							class="indent2">Evidence</td>
						<td width="80%"></td>
					</tr>
				
					<tr>
						<td width="20%"
							class="indent1">URL</td>
						<td width="80%"><a href="https://www.googletagmanager.com/gtag/js?id=G-HCDW2MG61G&amp;l=dataLayer&amp;cx=c">https://www.googletagmanager.com/gtag/js?id=G-HCDW2MG61G&amp;l=dataLayer&amp;cx=c</a></td>
					</tr>
					<tr>
						<td width="20%"
							class="indent2">Método</td>
						<td width="80%">GET</td>
					</tr>
					<tr>
						<td width="20%"
							class="indent2">Parameter</td>
						<td width="80%">X-Content-Type-Options</td>
					</tr>
					<tr>
						<td width="20%"
							class="indent2">Atacar</td>
						<td width="80%"></td>
					</tr>
					<tr>
						<td width="20%"
							class="indent2">Evidence</td>
						<td width="80%"></td>
					</tr>
				
					<tr>
						<td width="20%"
							class="indent1">URL</td>
						<td width="80%"><a href="https://www.googletagmanager.com/gtag/js?id=G-M6V9BEQD2J&amp;l=dataLayer&amp;cx=c">https://www.googletagmanager.com/gtag/js?id=G-M6V9BEQD2J&amp;l=dataLayer&amp;cx=c</a></td>
					</tr>
					<tr>
						<td width="20%"
							class="indent2">Método</td>
						<td width="80%">GET</td>
					</tr>
					<tr>
						<td width="20%"
							class="indent2">Parameter</td>
						<td width="80%">X-Content-Type-Options</td>
					</tr>
					<tr>
						<td width="20%"
							class="indent2">Atacar</td>
						<td width="80%"></td>
					</tr>
					<tr>
						<td width="20%"
							class="indent2">Evidence</td>
						<td width="80%"></td>
					</tr>
				
					<tr>
						<td width="20%"
							class="indent1">URL</td>
						<td width="80%"><a href="https://www.googletagmanager.com/gtm.js?id=GTM-MF4CZSB&amp;gtm_auth=1nvG3iE405yFhG8LM5F0nQ&amp;gtm_preview=env-2&amp;gtm_cookies_win=x">https://www.googletagmanager.com/gtm.js?id=GTM-MF4CZSB&amp;gtm_auth=1nvG3iE405yFhG8LM5F0nQ&amp;gtm_preview=env-2&amp;gtm_cookies_win=x</a></td>
					</tr>
					<tr>
						<td width="20%"
							class="indent2">Método</td>
						<td width="80%">GET</td>
					</tr>
					<tr>
						<td width="20%"
							class="indent2">Parameter</td>
						<td width="80%">X-Content-Type-Options</td>
					</tr>
					<tr>
						<td width="20%"
							class="indent2">Atacar</td>
						<td width="80%"></td>
					</tr>
					<tr>
						<td width="20%"
							class="indent2">Evidence</td>
						<td width="80%"></td>
					</tr>
				
				<tr>
					<td width="20%">Instances</td>
					<td width="80%">19</td>
				</tr>
				<tr>
					<td width="20%">Solution</td>
					<td width="80%">
							<div>Ensure that the application/web server sets the Content-Type header appropriately, and that it sets the X-Content-Type-Options header to &#39;nosniff&#39; for all web pages.</div>
							<br />
						
							<div>If possible, ensure that the end user uses a standards-compliant and modern web browser that does not perform MIME-sniffing at all, or that can be directed by the web application/web server to not perform MIME-sniffing.</div>
							
						</td>
				</tr>
				<tr>
					<td width="20%">Reference</td>
					<td width="80%">
							<a href="http://msdn.microsoft.com/en-us/library/ie/gg622941%28v=vs.85%29.aspx">http://msdn.microsoft.com/en-us/library/ie/gg622941%28v=vs.85%29.aspx</a>
							<br />
						
							<a href="https://owasp.org/www-community/Security_Headers">https://owasp.org/www-community/Security_Headers</a>
							
						</td>
				</tr>
				<tr>
					<td width="20%">CWE Id</td>
					<td width="80%"><a
						href="https://cwe.mitre.org/data/definitions/693.html">693</a></td>
				</tr>
				<tr>
					<td width="20%">WASC Id</td>
					<td width="80%">15</td>
				</tr>
				<tr>
					<td width="20%">Plugin Id</td>
					<td width="80%"><a
						href="https://www.zaproxy.org/docs/alerts/10021/">10021</a></td>
				</tr>
			</table>
			<div class="spacer"></div>
		
			<table class="results">
				<tr height="24">
					<th width="20%" class="risk-0"><a
						id="10027"></a>
						<div>Informativo</div></th>
					<th class="risk-0">Divulgación de información - Comentarios sospechosos</th>
				</tr>
				<tr>
					<td width="20%">Descripción</td>
					<td width="80%">
							<div>The response appears to contain suspicious comments which may help an attacker. Note: Matches made within script blocks or files are against the entire content not only comments.</div>
							
						</td>
				</tr>
				<TR vAlign="top">
					<TD colspan="2"></TD>
				</TR>
				
					<tr>
						<td width="20%"
							class="indent1">URL</td>
						<td width="80%"><a href="https://snap.licdn.com/li.lms-analytics/insight.min.js">https://snap.licdn.com/li.lms-analytics/insight.min.js</a></td>
					</tr>
					<tr>
						<td width="20%"
							class="indent2">Método</td>
						<td width="80%">GET</td>
					</tr>
					<tr>
						<td width="20%"
							class="indent2">Parameter</td>
						<td width="80%"></td>
					</tr>
					<tr>
						<td width="20%"
							class="indent2">Atacar</td>
						<td width="80%"></td>
					</tr>
					<tr>
						<td width="20%"
							class="indent2">Evidence</td>
						<td width="80%">from</td>
					</tr>
				
					<tr>
						<td width="20%"
							class="indent1">URL</td>
						<td width="80%"><a href="https://todoist.com/_next/static/chunks/framework-560765ab0625ba27.js">https://todoist.com/_next/static/chunks/framework-560765ab0625ba27.js</a></td>
					</tr>
					<tr>
						<td width="20%"
							class="indent2">Método</td>
						<td width="80%">GET</td>
					</tr>
					<tr>
						<td width="20%"
							class="indent2">Parameter</td>
						<td width="80%"></td>
					</tr>
					<tr>
						<td width="20%"
							class="indent2">Atacar</td>
						<td width="80%"></td>
					</tr>
					<tr>
						<td width="20%"
							class="indent2">Evidence</td>
						<td width="80%">select</td>
					</tr>
				
					<tr>
						<td width="20%"
							class="indent1">URL</td>
						<td width="80%"><a href="https://todoist.com/_next/static/chunks/main-8821c5f692d5ea55.js">https://todoist.com/_next/static/chunks/main-8821c5f692d5ea55.js</a></td>
					</tr>
					<tr>
						<td width="20%"
							class="indent2">Método</td>
						<td width="80%">GET</td>
					</tr>
					<tr>
						<td width="20%"
							class="indent2">Parameter</td>
						<td width="80%"></td>
					</tr>
					<tr>
						<td width="20%"
							class="indent2">Atacar</td>
						<td width="80%"></td>
					</tr>
					<tr>
						<td width="20%"
							class="indent2">Evidence</td>
						<td width="80%">query</td>
					</tr>
				
					<tr>
						<td width="20%"
							class="indent1">URL</td>
						<td width="80%"><a href="https://todoist.com/_next/static/chunks/pages/_app-97b12c49b92dde1c.js">https://todoist.com/_next/static/chunks/pages/_app-97b12c49b92dde1c.js</a></td>
					</tr>
					<tr>
						<td width="20%"
							class="indent2">Método</td>
						<td width="80%">GET</td>
					</tr>
					<tr>
						<td width="20%"
							class="indent2">Parameter</td>
						<td width="80%"></td>
					</tr>
					<tr>
						<td width="20%"
							class="indent2">Atacar</td>
						<td width="80%"></td>
					</tr>
					<tr>
						<td width="20%"
							class="indent2">Evidence</td>
						<td width="80%">Bug</td>
					</tr>
				
					<tr>
						<td width="20%"
							class="indent1">URL</td>
						<td width="80%"><a href="https://todoist.com/_next/static/MEfwhqGtRUPs_64FIKPsw/_buildManifest.js">https://todoist.com/_next/static/MEfwhqGtRUPs_64FIKPsw/_buildManifest.js</a></td>
					</tr>
					<tr>
						<td width="20%"
							class="indent2">Método</td>
						<td width="80%">GET</td>
					</tr>
					<tr>
						<td width="20%"
							class="indent2">Parameter</td>
						<td width="80%"></td>
					</tr>
					<tr>
						<td width="20%"
							class="indent2">Atacar</td>
						<td width="80%"></td>
					</tr>
					<tr>
						<td width="20%"
							class="indent2">Evidence</td>
						<td width="80%">user</td>
					</tr>
				
					<tr>
						<td width="20%"
							class="indent1">URL</td>
						<td width="80%"><a href="https://todoist.com/es">https://todoist.com/es</a></td>
					</tr>
					<tr>
						<td width="20%"
							class="indent2">Método</td>
						<td width="80%">GET</td>
					</tr>
					<tr>
						<td width="20%"
							class="indent2">Parameter</td>
						<td width="80%"></td>
					</tr>
					<tr>
						<td width="20%"
							class="indent2">Atacar</td>
						<td width="80%"></td>
					</tr>
					<tr>
						<td width="20%"
							class="indent2">Evidence</td>
						<td width="80%">Todo</td>
					</tr>
				
					<tr>
						<td width="20%"
							class="indent1">URL</td>
						<td width="80%"><a href="https://www.google-analytics.com/analytics.js">https://www.google-analytics.com/analytics.js</a></td>
					</tr>
					<tr>
						<td width="20%"
							class="indent2">Método</td>
						<td width="80%">GET</td>
					</tr>
					<tr>
						<td width="20%"
							class="indent2">Parameter</td>
						<td width="80%"></td>
					</tr>
					<tr>
						<td width="20%"
							class="indent2">Atacar</td>
						<td width="80%"></td>
					</tr>
					<tr>
						<td width="20%"
							class="indent2">Evidence</td>
						<td width="80%">db</td>
					</tr>
				
					<tr>
						<td width="20%"
							class="indent1">URL</td>
						<td width="80%"><a href="https://www.google-analytics.com/analytics.js">https://www.google-analytics.com/analytics.js</a></td>
					</tr>
					<tr>
						<td width="20%"
							class="indent2">Método</td>
						<td width="80%">GET</td>
					</tr>
					<tr>
						<td width="20%"
							class="indent2">Parameter</td>
						<td width="80%"></td>
					</tr>
					<tr>
						<td width="20%"
							class="indent2">Atacar</td>
						<td width="80%"></td>
					</tr>
					<tr>
						<td width="20%"
							class="indent2">Evidence</td>
						<td width="80%">query</td>
					</tr>
				
					<tr>
						<td width="20%"
							class="indent1">URL</td>
						<td width="80%"><a href="https://www.googletagmanager.com/gtag/js?id=G-HCDW2MG61G&amp;l=dataLayer&amp;cx=c">https://www.googletagmanager.com/gtag/js?id=G-HCDW2MG61G&amp;l=dataLayer&amp;cx=c</a></td>
					</tr>
					<tr>
						<td width="20%"
							class="indent2">Método</td>
						<td width="80%">GET</td>
					</tr>
					<tr>
						<td width="20%"
							class="indent2">Parameter</td>
						<td width="80%"></td>
					</tr>
					<tr>
						<td width="20%"
							class="indent2">Atacar</td>
						<td width="80%"></td>
					</tr>
					<tr>
						<td width="20%"
							class="indent2">Evidence</td>
						<td width="80%">dB</td>
					</tr>
				
					<tr>
						<td width="20%"
							class="indent1">URL</td>
						<td width="80%"><a href="https://www.googletagmanager.com/gtag/js?id=G-M6V9BEQD2J&amp;l=dataLayer&amp;cx=c">https://www.googletagmanager.com/gtag/js?id=G-M6V9BEQD2J&amp;l=dataLayer&amp;cx=c</a></td>
					</tr>
					<tr>
						<td width="20%"
							class="indent2">Método</td>
						<td width="80%">GET</td>
					</tr>
					<tr>
						<td width="20%"
							class="indent2">Parameter</td>
						<td width="80%"></td>
					</tr>
					<tr>
						<td width="20%"
							class="indent2">Atacar</td>
						<td width="80%"></td>
					</tr>
					<tr>
						<td width="20%"
							class="indent2">Evidence</td>
						<td width="80%">dB</td>
					</tr>
				
					<tr>
						<td width="20%"
							class="indent1">URL</td>
						<td width="80%"><a href="https://www.googletagmanager.com/gtm.js?id=GTM-MF4CZSB&amp;gtm_auth=1nvG3iE405yFhG8LM5F0nQ&amp;gtm_preview=env-2&amp;gtm_cookies_win=x">https://www.googletagmanager.com/gtm.js?id=GTM-MF4CZSB&amp;gtm_auth=1nvG3iE405yFhG8LM5F0nQ&amp;gtm_preview=env-2&amp;gtm_cookies_win=x</a></td>
					</tr>
					<tr>
						<td width="20%"
							class="indent2">Método</td>
						<td width="80%">GET</td>
					</tr>
					<tr>
						<td width="20%"
							class="indent2">Parameter</td>
						<td width="80%"></td>
					</tr>
					<tr>
						<td width="20%"
							class="indent2">Atacar</td>
						<td width="80%"></td>
					</tr>
					<tr>
						<td width="20%"
							class="indent2">Evidence</td>
						<td width="80%">Db</td>
					</tr>
				
				<tr>
					<td width="20%">Instances</td>
					<td width="80%">11</td>
				</tr>
				<tr>
					<td width="20%">Solution</td>
					<td width="80%">
							<div>Eliminar todos los comentarios que devuelvan información que podría ayudar a un atacante y arreglar cualquier problema subyacente al que se refieran.</div>
							
						</td>
				</tr>
				<tr>
					<td width="20%">Reference</td>
					<td width="80%"></td>
				</tr>
				<tr>
					<td width="20%">CWE Id</td>
					<td width="80%"><a
						href="https://cwe.mitre.org/data/definitions/200.html">200</a></td>
				</tr>
				<tr>
					<td width="20%">WASC Id</td>
					<td width="80%">13</td>
				</tr>
				<tr>
					<td width="20%">Plugin Id</td>
					<td width="80%"><a
						href="https://www.zaproxy.org/docs/alerts/10027/">10027</a></td>
				</tr>
			</table>
			<div class="spacer"></div>
		
	
</body>
</html>


]]></system-out>
  <system-err><![CDATA[]]></system-err>
</testsuite>
